2025-03-14 22:40:23,206 - distributed.nanny - INFO -         Start Nanny at: 'tcp://10.6.8.32:44185'
2025-03-14 22:40:24,078 - distributed.diskutils - INFO - Found stale lock file and directory '/scratch/cta5244/dask-workers/dask-scratch-space/worker-6f3th7nd', purging
2025-03-14 22:40:24,095 - distributed.diskutils - ERROR - Failed to remove '/scratch/cta5244/dask-workers/dask-scratch-space/worker-6f3th7nd' (failed in <built-in function lstat>): [Errno 2] No such file or directory: '/scratch/cta5244/dask-workers/dask-scratch-space/worker-6f3th7nd'
2025-03-14 22:40:25,065 - distributed.worker - INFO -       Start worker at:      tcp://10.6.8.32:35705
2025-03-14 22:40:25,065 - distributed.worker - INFO -          Listening to:      tcp://10.6.8.32:35705
2025-03-14 22:40:25,065 - distributed.worker - INFO -           Worker name:             SLURMCluster-2
2025-03-14 22:40:25,065 - distributed.worker - INFO -          dashboard at:            10.6.8.32:44935
2025-03-14 22:40:25,065 - distributed.worker - INFO - Waiting to connect to: tcp://146.186.150.11:36245
2025-03-14 22:40:25,065 - distributed.worker - INFO - -------------------------------------------------
2025-03-14 22:40:25,065 - distributed.worker - INFO -               Threads:                          1
2025-03-14 22:40:25,065 - distributed.worker - INFO -                Memory:                   4.00 GiB
2025-03-14 22:40:25,065 - distributed.worker - INFO -       Local Directory: /scratch/cta5244/dask-workers/dask-scratch-space/worker-pi3arv2b
2025-03-14 22:40:25,065 - distributed.worker - INFO - -------------------------------------------------
2025-03-14 22:40:25,634 - distributed.worker - INFO - Starting Worker plugin shuffle
2025-03-14 22:40:25,634 - distributed.worker - INFO -         Registered to: tcp://146.186.150.11:36245
2025-03-14 22:40:25,634 - distributed.worker - INFO - -------------------------------------------------
2025-03-14 22:40:25,635 - distributed.core - INFO - Starting established connection to tcp://146.186.150.11:36245
2025-03-14 22:40:55,579 - distributed.worker - ERROR - Compute Failed
Key:       ('concatenate-mean_chunk-25e95c01545a681ccc136abc29961e17', 23, 0, 0)
State:     executing
Task:  <Task ('concatenate-mean_chunk-25e95c01545a681ccc136abc29961e17', 23, 0, 0) _execute_subgraph(...)>
Exception: "OSError(-101, 'NetCDF: HDF error')"
Traceback: '  File "/storage/home/cta5244/mambaforge/envs/pyWBM/lib/python3.10/site-packages/dask/array/core.py", line 133, in getter\n    c = np.asarray(c)\n  File "/storage/home/cta5244/mambaforge/envs/pyWBM/lib/python3.10/site-packages/xarray/core/indexing.py", line 578, in __array__\n    return np.asarray(self.get_duck_array(), dtype=dtype, copy=copy)\n  File "/storage/home/cta5244/mambaforge/envs/pyWBM/lib/python3.10/site-packages/xarray/core/indexing.py", line 583, in get_duck_array\n    return self.array.get_duck_array()\n  File "/storage/home/cta5244/mambaforge/envs/pyWBM/lib/python3.10/site-packages/xarray/core/indexing.py", line 794, in get_duck_array\n    return self.array.get_duck_array()\n  File "/storage/home/cta5244/mambaforge/envs/pyWBM/lib/python3.10/site-packages/xarray/core/indexing.py", line 664, in get_duck_array\n    array = array.get_duck_array()\n  File "/storage/home/cta5244/mambaforge/envs/pyWBM/lib/python3.10/site-packages/xarray/coding/variables.py", line 81, in get_duck_array\n    return self.func(self.array.get_duck_array())\n  File "/storage/home/cta5244/mambaforge/envs/pyWBM/lib/python3.10/site-packages/xarray/coding/variables.py", line 81, in get_duck_array\n    return self.func(self.array.get_duck_array())\n  File "/storage/home/cta5244/mambaforge/envs/pyWBM/lib/python3.10/site-packages/xarray/core/indexing.py", line 657, in get_duck_array\n    array = self.array[self.key]\n  File "/storage/home/cta5244/mambaforge/envs/pyWBM/lib/python3.10/site-packages/xarray/backends/netCDF4_.py", line 103, in __getitem__\n    return indexing.explicit_indexing_adapter(\n  File "/storage/home/cta5244/mambaforge/envs/pyWBM/lib/python3.10/site-packages/xarray/core/indexing.py", line 1018, in explicit_indexing_adapter\n    result = raw_indexing_method(raw_key.tuple)\n  File "/storage/home/cta5244/mambaforge/envs/pyWBM/lib/python3.10/site-packages/xarray/backends/netCDF4_.py", line 115, in _getitem\n    original_array = self.get_array(needs_lock=False)\n  File "/storage/home/cta5244/mambaforge/envs/pyWBM/lib/python3.10/site-packages/xarray/backends/netCDF4_.py", line 94, in get_array\n    ds = self.datastore._acquire(needs_lock)\n  File "/storage/home/cta5244/mambaforge/envs/pyWBM/lib/python3.10/site-packages/xarray/backends/netCDF4_.py", line 455, in _acquire\n    with self._manager.acquire_context(needs_lock) as root:\n  File "/storage/home/cta5244/mambaforge/envs/pyWBM/lib/python3.10/contextlib.py", line 135, in __enter__\n    return next(self.gen)\n  File "/storage/home/cta5244/mambaforge/envs/pyWBM/lib/python3.10/site-packages/xarray/backends/file_manager.py", line 199, in acquire_context\n    file, cached = self._acquire_with_cache_info(needs_lock)\n  File "/storage/home/cta5244/mambaforge/envs/pyWBM/lib/python3.10/site-packages/xarray/backends/file_manager.py", line 217, in _acquire_with_cache_info\n    file = self._opener(*self._args, **kwargs)\n  File "src/netCDF4/_netCDF4.pyx", line 2521, in netCDF4._netCDF4.Dataset.__init__\n  File "src/netCDF4/_netCDF4.pyx", line 2158, in netCDF4._netCDF4._ensure_nc_success\n'

2025-03-14 22:42:05,689 - distributed.worker - ERROR - Worker stream died during communication: tcp://10.6.8.13:36373
Traceback (most recent call last):
  File "/storage/home/cta5244/mambaforge/envs/pyWBM/lib/python3.10/site-packages/tornado/iostream.py", line 861, in _read_to_buffer
    bytes_read = self.read_from_fd(buf)
  File "/storage/home/cta5244/mambaforge/envs/pyWBM/lib/python3.10/site-packages/tornado/iostream.py", line 1116, in read_from_fd
    return self.socket.recv_into(buf, len(buf))
ConnectionResetError: [Errno 104] Connection reset by peer

The above exception was the direct cause of the following exception:

Traceback (most recent call last):
  File "/storage/home/cta5244/mambaforge/envs/pyWBM/lib/python3.10/site-packages/distributed/worker.py", line 2075, in gather_dep
    response = await get_data_from_worker(
  File "/storage/home/cta5244/mambaforge/envs/pyWBM/lib/python3.10/site-packages/distributed/worker.py", line 2878, in get_data_from_worker
    comm = await rpc.connect(worker)
  File "/storage/home/cta5244/mambaforge/envs/pyWBM/lib/python3.10/site-packages/distributed/core.py", line 1539, in connect
    return connect_attempt.result()
  File "/storage/home/cta5244/mambaforge/envs/pyWBM/lib/python3.10/site-packages/distributed/core.py", line 1429, in _connect
    comm = await connect(
  File "/storage/home/cta5244/mambaforge/envs/pyWBM/lib/python3.10/site-packages/distributed/comm/core.py", line 377, in connect
    handshake = await comm.read()
  File "/storage/home/cta5244/mambaforge/envs/pyWBM/lib/python3.10/site-packages/distributed/comm/tcp.py", line 237, in read
    convert_stream_closed_error(self, e)
  File "/storage/home/cta5244/mambaforge/envs/pyWBM/lib/python3.10/site-packages/distributed/comm/tcp.py", line 143, in convert_stream_closed_error
    raise CommClosedError(f"in {obj}: {exc.__class__.__name__}: {exc}") from exc
distributed.comm.core.CommClosedError: in <TCP (closed)  local=tcp://10.6.8.32:46688 remote=tcp://10.6.8.13:36373>: ConnectionResetError: [Errno 104] Connection reset by peer
2025-03-14 22:42:11,596 - distributed.worker - ERROR - Worker stream died during communication: tcp://10.6.8.44:41191
Traceback (most recent call last):
  File "/storage/home/cta5244/mambaforge/envs/pyWBM/lib/python3.10/site-packages/tornado/iostream.py", line 861, in _read_to_buffer
    bytes_read = self.read_from_fd(buf)
  File "/storage/home/cta5244/mambaforge/envs/pyWBM/lib/python3.10/site-packages/tornado/iostream.py", line 1116, in read_from_fd
    return self.socket.recv_into(buf, len(buf))
ConnectionResetError: [Errno 104] Connection reset by peer

The above exception was the direct cause of the following exception:

Traceback (most recent call last):
  File "/storage/home/cta5244/mambaforge/envs/pyWBM/lib/python3.10/site-packages/distributed/worker.py", line 2075, in gather_dep
    response = await get_data_from_worker(
  File "/storage/home/cta5244/mambaforge/envs/pyWBM/lib/python3.10/site-packages/distributed/worker.py", line 2881, in get_data_from_worker
    response = await send_recv(
  File "/storage/home/cta5244/mambaforge/envs/pyWBM/lib/python3.10/site-packages/distributed/core.py", line 1018, in send_recv
    response = await comm.read(deserializers=deserializers)
  File "/storage/home/cta5244/mambaforge/envs/pyWBM/lib/python3.10/site-packages/distributed/comm/tcp.py", line 237, in read
    convert_stream_closed_error(self, e)
  File "/storage/home/cta5244/mambaforge/envs/pyWBM/lib/python3.10/site-packages/distributed/comm/tcp.py", line 143, in convert_stream_closed_error
    raise CommClosedError(f"in {obj}: {exc.__class__.__name__}: {exc}") from exc
distributed.comm.core.CommClosedError: in <TCP (closed) Ephemeral Worker->Worker for gather local=tcp://10.6.8.32:58514 remote=tcp://10.6.8.44:41191>: ConnectionResetError: [Errno 104] Connection reset by peer
2025-03-14 22:42:27,252 - distributed.worker - ERROR - Worker stream died during communication: tcp://10.6.8.33:40431
Traceback (most recent call last):
  File "/storage/home/cta5244/mambaforge/envs/pyWBM/lib/python3.10/site-packages/tornado/iostream.py", line 861, in _read_to_buffer
    bytes_read = self.read_from_fd(buf)
  File "/storage/home/cta5244/mambaforge/envs/pyWBM/lib/python3.10/site-packages/tornado/iostream.py", line 1116, in read_from_fd
    return self.socket.recv_into(buf, len(buf))
ConnectionResetError: [Errno 104] Connection reset by peer

The above exception was the direct cause of the following exception:

Traceback (most recent call last):
  File "/storage/home/cta5244/mambaforge/envs/pyWBM/lib/python3.10/site-packages/distributed/worker.py", line 2075, in gather_dep
    response = await get_data_from_worker(
  File "/storage/home/cta5244/mambaforge/envs/pyWBM/lib/python3.10/site-packages/distributed/worker.py", line 2881, in get_data_from_worker
    response = await send_recv(
  File "/storage/home/cta5244/mambaforge/envs/pyWBM/lib/python3.10/site-packages/distributed/core.py", line 1018, in send_recv
    response = await comm.read(deserializers=deserializers)
  File "/storage/home/cta5244/mambaforge/envs/pyWBM/lib/python3.10/site-packages/distributed/comm/tcp.py", line 237, in read
    convert_stream_closed_error(self, e)
  File "/storage/home/cta5244/mambaforge/envs/pyWBM/lib/python3.10/site-packages/distributed/comm/tcp.py", line 143, in convert_stream_closed_error
    raise CommClosedError(f"in {obj}: {exc.__class__.__name__}: {exc}") from exc
distributed.comm.core.CommClosedError: in <TCP (closed) Ephemeral Worker->Worker for gather local=tcp://10.6.8.32:44180 remote=tcp://10.6.8.33:40431>: ConnectionResetError: [Errno 104] Connection reset by peer
slurmstepd: error: *** JOB 35099578 ON p-bc-5022 CANCELLED AT 2025-03-14T22:42:44 ***
