2025-03-14 22:40:23,190 - distributed.nanny - INFO -         Start Nanny at: 'tcp://10.6.8.37:33677'
2025-03-14 22:40:24,078 - distributed.diskutils - INFO - Found stale lock file and directory '/scratch/cta5244/dask-workers/dask-scratch-space/worker-6f3th7nd', purging
2025-03-14 22:40:24,095 - distributed.diskutils - ERROR - Failed to remove '/scratch/cta5244/dask-workers/dask-scratch-space/worker-6f3th7nd' (failed in <built-in function lstat>): [Errno 2] No such file or directory: '/scratch/cta5244/dask-workers/dask-scratch-space/worker-6f3th7nd'
2025-03-14 22:40:25,567 - distributed.worker - INFO -       Start worker at:      tcp://10.6.8.37:33711
2025-03-14 22:40:25,567 - distributed.worker - INFO -          Listening to:      tcp://10.6.8.37:33711
2025-03-14 22:40:25,568 - distributed.worker - INFO -           Worker name:             SLURMCluster-1
2025-03-14 22:40:25,568 - distributed.worker - INFO -          dashboard at:            10.6.8.37:38505
2025-03-14 22:40:25,568 - distributed.worker - INFO - Waiting to connect to: tcp://146.186.150.11:36245
2025-03-14 22:40:25,568 - distributed.worker - INFO - -------------------------------------------------
2025-03-14 22:40:25,568 - distributed.worker - INFO -               Threads:                          1
2025-03-14 22:40:25,568 - distributed.worker - INFO -                Memory:                   4.00 GiB
2025-03-14 22:40:25,568 - distributed.worker - INFO -       Local Directory: /scratch/cta5244/dask-workers/dask-scratch-space/worker-2h5g7w3g
2025-03-14 22:40:25,568 - distributed.worker - INFO - -------------------------------------------------
2025-03-14 22:40:26,195 - distributed.worker - INFO - Starting Worker plugin shuffle
2025-03-14 22:40:26,195 - distributed.worker - INFO -         Registered to: tcp://146.186.150.11:36245
2025-03-14 22:40:26,196 - distributed.worker - INFO - -------------------------------------------------
2025-03-14 22:40:26,196 - distributed.core - INFO - Starting established connection to tcp://146.186.150.11:36245
Exception ignored in: <function CachingFileManager.__del__ at 0x14b888124c10>
Traceback (most recent call last):
  File "/storage/home/cta5244/mambaforge/envs/pyWBM/lib/python3.10/site-packages/xarray/backends/file_manager.py", line 250, in __del__
    self.close(needs_lock=False)
  File "/storage/home/cta5244/mambaforge/envs/pyWBM/lib/python3.10/site-packages/xarray/backends/file_manager.py", line 234, in close
    file.close()
  File "src/netCDF4/_netCDF4.pyx", line 2669, in netCDF4._netCDF4.Dataset.close
  File "src/netCDF4/_netCDF4.pyx", line 2636, in netCDF4._netCDF4.Dataset._close
  File "src/netCDF4/_netCDF4.pyx", line 2164, in netCDF4._netCDF4._ensure_nc_success
RuntimeError: NetCDF: HDF error
2025-03-14 22:40:55,608 - distributed.worker - ERROR - Compute Failed
Key:       ('concatenate-mean_chunk-26cc4792e281eb24e2ca67c658642738', 4, 0, 0)
State:     executing
Task:  <Task ('concatenate-mean_chunk-26cc4792e281eb24e2ca67c658642738', 4, 0, 0) _execute_subgraph(...)>
Exception: "OSError(-101, 'NetCDF: HDF error')"
Traceback: '  File "/storage/home/cta5244/mambaforge/envs/pyWBM/lib/python3.10/site-packages/dask/array/core.py", line 133, in getter\n    c = np.asarray(c)\n  File "/storage/home/cta5244/mambaforge/envs/pyWBM/lib/python3.10/site-packages/xarray/core/indexing.py", line 578, in __array__\n    return np.asarray(self.get_duck_array(), dtype=dtype, copy=copy)\n  File "/storage/home/cta5244/mambaforge/envs/pyWBM/lib/python3.10/site-packages/xarray/core/indexing.py", line 583, in get_duck_array\n    return self.array.get_duck_array()\n  File "/storage/home/cta5244/mambaforge/envs/pyWBM/lib/python3.10/site-packages/xarray/core/indexing.py", line 794, in get_duck_array\n    return self.array.get_duck_array()\n  File "/storage/home/cta5244/mambaforge/envs/pyWBM/lib/python3.10/site-packages/xarray/core/indexing.py", line 664, in get_duck_array\n    array = array.get_duck_array()\n  File "/storage/home/cta5244/mambaforge/envs/pyWBM/lib/python3.10/site-packages/xarray/coding/variables.py", line 81, in get_duck_array\n    return self.func(self.array.get_duck_array())\n  File "/storage/home/cta5244/mambaforge/envs/pyWBM/lib/python3.10/site-packages/xarray/coding/variables.py", line 81, in get_duck_array\n    return self.func(self.array.get_duck_array())\n  File "/storage/home/cta5244/mambaforge/envs/pyWBM/lib/python3.10/site-packages/xarray/core/indexing.py", line 657, in get_duck_array\n    array = self.array[self.key]\n  File "/storage/home/cta5244/mambaforge/envs/pyWBM/lib/python3.10/site-packages/xarray/backends/netCDF4_.py", line 103, in __getitem__\n    return indexing.explicit_indexing_adapter(\n  File "/storage/home/cta5244/mambaforge/envs/pyWBM/lib/python3.10/site-packages/xarray/core/indexing.py", line 1018, in explicit_indexing_adapter\n    result = raw_indexing_method(raw_key.tuple)\n  File "/storage/home/cta5244/mambaforge/envs/pyWBM/lib/python3.10/site-packages/xarray/backends/netCDF4_.py", line 115, in _getitem\n    original_array = self.get_array(needs_lock=False)\n  File "/storage/home/cta5244/mambaforge/envs/pyWBM/lib/python3.10/site-packages/xarray/backends/netCDF4_.py", line 94, in get_array\n    ds = self.datastore._acquire(needs_lock)\n  File "/storage/home/cta5244/mambaforge/envs/pyWBM/lib/python3.10/site-packages/xarray/backends/netCDF4_.py", line 455, in _acquire\n    with self._manager.acquire_context(needs_lock) as root:\n  File "/storage/home/cta5244/mambaforge/envs/pyWBM/lib/python3.10/contextlib.py", line 135, in __enter__\n    return next(self.gen)\n  File "/storage/home/cta5244/mambaforge/envs/pyWBM/lib/python3.10/site-packages/xarray/backends/file_manager.py", line 199, in acquire_context\n    file, cached = self._acquire_with_cache_info(needs_lock)\n  File "/storage/home/cta5244/mambaforge/envs/pyWBM/lib/python3.10/site-packages/xarray/backends/file_manager.py", line 217, in _acquire_with_cache_info\n    file = self._opener(*self._args, **kwargs)\n  File "src/netCDF4/_netCDF4.pyx", line 2521, in netCDF4._netCDF4.Dataset.__init__\n  File "src/netCDF4/_netCDF4.pyx", line 2158, in netCDF4._netCDF4._ensure_nc_success\n'

double free or corruption (!prev)
2025-03-14 22:40:58,327 - distributed.nanny - INFO - Worker process 1386204 was killed by signal 6
2025-03-14 22:40:58,332 - distributed.nanny - WARNING - Restarting worker
2025-03-14 22:40:59,228 - distributed.diskutils - INFO - Found stale lock file and directory '/scratch/cta5244/dask-workers/dask-scratch-space/worker-ykqqo9w_', purging
2025-03-14 22:40:59,283 - distributed.diskutils - INFO - Found stale lock file and directory '/scratch/cta5244/dask-workers/dask-scratch-space/worker-auaib40s', purging
2025-03-14 22:41:00,036 - distributed.worker - INFO -       Start worker at:      tcp://10.6.8.37:34947
2025-03-14 22:41:00,036 - distributed.worker - INFO -          Listening to:      tcp://10.6.8.37:34947
2025-03-14 22:41:00,036 - distributed.worker - INFO -           Worker name:             SLURMCluster-1
2025-03-14 22:41:00,036 - distributed.worker - INFO -          dashboard at:            10.6.8.37:42559
2025-03-14 22:41:00,036 - distributed.worker - INFO - Waiting to connect to: tcp://146.186.150.11:36245
2025-03-14 22:41:00,036 - distributed.worker - INFO - -------------------------------------------------
2025-03-14 22:41:00,036 - distributed.worker - INFO -               Threads:                          1
2025-03-14 22:41:00,036 - distributed.worker - INFO -                Memory:                   4.00 GiB
2025-03-14 22:41:00,036 - distributed.worker - INFO -       Local Directory: /scratch/cta5244/dask-workers/dask-scratch-space/worker-qdk76t4o
2025-03-14 22:41:00,036 - distributed.worker - INFO - -------------------------------------------------
2025-03-14 22:41:00,478 - distributed.worker - INFO - Starting Worker plugin shuffle
2025-03-14 22:41:00,479 - distributed.worker - INFO -         Registered to: tcp://146.186.150.11:36245
2025-03-14 22:41:00,479 - distributed.worker - INFO - -------------------------------------------------
2025-03-14 22:41:00,479 - distributed.core - INFO - Starting established connection to tcp://146.186.150.11:36245
2025-03-14 22:41:04,306 - distributed.worker - ERROR - Compute Failed
Key:       ('concatenate-mean_chunk-470536eff9737691b6a7c735bdb7733a', 0, 0, 0)
State:     executing
Task:  <Task ('concatenate-mean_chunk-470536eff9737691b6a7c735bdb7733a', 0, 0, 0) _execute_subgraph(...)>
Exception: 'RuntimeError("NetCDF: Can\'t open HDF5 attribute")'
Traceback: '  File "/storage/home/cta5244/mambaforge/envs/pyWBM/lib/python3.10/site-packages/dask/array/core.py", line 133, in getter\n    c = np.asarray(c)\n  File "/storage/home/cta5244/mambaforge/envs/pyWBM/lib/python3.10/site-packages/xarray/core/indexing.py", line 578, in __array__\n    return np.asarray(self.get_duck_array(), dtype=dtype, copy=copy)\n  File "/storage/home/cta5244/mambaforge/envs/pyWBM/lib/python3.10/site-packages/xarray/core/indexing.py", line 583, in get_duck_array\n    return self.array.get_duck_array()\n  File "/storage/home/cta5244/mambaforge/envs/pyWBM/lib/python3.10/site-packages/xarray/core/indexing.py", line 794, in get_duck_array\n    return self.array.get_duck_array()\n  File "/storage/home/cta5244/mambaforge/envs/pyWBM/lib/python3.10/site-packages/xarray/core/indexing.py", line 664, in get_duck_array\n    array = array.get_duck_array()\n  File "/storage/home/cta5244/mambaforge/envs/pyWBM/lib/python3.10/site-packages/xarray/coding/variables.py", line 81, in get_duck_array\n    return self.func(self.array.get_duck_array())\n  File "/storage/home/cta5244/mambaforge/envs/pyWBM/lib/python3.10/site-packages/xarray/coding/variables.py", line 81, in get_duck_array\n    return self.func(self.array.get_duck_array())\n  File "/storage/home/cta5244/mambaforge/envs/pyWBM/lib/python3.10/site-packages/xarray/core/indexing.py", line 657, in get_duck_array\n    array = self.array[self.key]\n  File "/storage/home/cta5244/mambaforge/envs/pyWBM/lib/python3.10/site-packages/xarray/backends/netCDF4_.py", line 103, in __getitem__\n    return indexing.explicit_indexing_adapter(\n  File "/storage/home/cta5244/mambaforge/envs/pyWBM/lib/python3.10/site-packages/xarray/core/indexing.py", line 1018, in explicit_indexing_adapter\n    result = raw_indexing_method(raw_key.tuple)\n  File "/storage/home/cta5244/mambaforge/envs/pyWBM/lib/python3.10/site-packages/xarray/backends/netCDF4_.py", line 115, in _getitem\n    original_array = self.get_array(needs_lock=False)\n  File "/storage/home/cta5244/mambaforge/envs/pyWBM/lib/python3.10/site-packages/xarray/backends/netCDF4_.py", line 94, in get_array\n    ds = self.datastore._acquire(needs_lock)\n  File "/storage/home/cta5244/mambaforge/envs/pyWBM/lib/python3.10/site-packages/xarray/backends/netCDF4_.py", line 455, in _acquire\n    with self._manager.acquire_context(needs_lock) as root:\n  File "/storage/home/cta5244/mambaforge/envs/pyWBM/lib/python3.10/contextlib.py", line 135, in __enter__\n    return next(self.gen)\n  File "/storage/home/cta5244/mambaforge/envs/pyWBM/lib/python3.10/site-packages/xarray/backends/file_manager.py", line 199, in acquire_context\n    file, cached = self._acquire_with_cache_info(needs_lock)\n  File "/storage/home/cta5244/mambaforge/envs/pyWBM/lib/python3.10/site-packages/xarray/backends/file_manager.py", line 217, in _acquire_with_cache_info\n    file = self._opener(*self._args, **kwargs)\n  File "src/netCDF4/_netCDF4.pyx", line 2540, in netCDF4._netCDF4.Dataset.__init__\n  File "src/netCDF4/_netCDF4.pyx", line 2055, in netCDF4._netCDF4._get_vars\n  File "src/netCDF4/_netCDF4.pyx", line 2164, in netCDF4._netCDF4._ensure_nc_success\n'

2025-03-14 22:41:06,166 - distributed.worker - ERROR - Worker stream died during communication: tcp://10.6.8.13:34523
Traceback (most recent call last):
  File "/storage/home/cta5244/mambaforge/envs/pyWBM/lib/python3.10/site-packages/tornado/iostream.py", line 861, in _read_to_buffer
    bytes_read = self.read_from_fd(buf)
  File "/storage/home/cta5244/mambaforge/envs/pyWBM/lib/python3.10/site-packages/tornado/iostream.py", line 1116, in read_from_fd
    return self.socket.recv_into(buf, len(buf))
ConnectionResetError: [Errno 104] Connection reset by peer

The above exception was the direct cause of the following exception:

Traceback (most recent call last):
  File "/storage/home/cta5244/mambaforge/envs/pyWBM/lib/python3.10/site-packages/distributed/worker.py", line 2075, in gather_dep
    response = await get_data_from_worker(
  File "/storage/home/cta5244/mambaforge/envs/pyWBM/lib/python3.10/site-packages/distributed/worker.py", line 2881, in get_data_from_worker
    response = await send_recv(
  File "/storage/home/cta5244/mambaforge/envs/pyWBM/lib/python3.10/site-packages/distributed/core.py", line 1018, in send_recv
    response = await comm.read(deserializers=deserializers)
  File "/storage/home/cta5244/mambaforge/envs/pyWBM/lib/python3.10/site-packages/distributed/comm/tcp.py", line 237, in read
    convert_stream_closed_error(self, e)
  File "/storage/home/cta5244/mambaforge/envs/pyWBM/lib/python3.10/site-packages/distributed/comm/tcp.py", line 143, in convert_stream_closed_error
    raise CommClosedError(f"in {obj}: {exc.__class__.__name__}: {exc}") from exc
distributed.comm.core.CommClosedError: in <TCP (closed) Ephemeral Worker->Worker for gather local=tcp://10.6.8.37:38274 remote=tcp://10.6.8.13:34523>: ConnectionResetError: [Errno 104] Connection reset by peer
2025-03-14 22:41:07,608 - distributed.nanny - INFO - Worker process 1387768 was killed by signal 11
2025-03-14 22:41:07,615 - distributed.nanny - WARNING - Restarting worker
2025-03-14 22:41:08,489 - distributed.diskutils - INFO - Found stale lock file and directory '/scratch/cta5244/dask-workers/dask-scratch-space/worker-lwh96svp', purging
2025-03-14 22:41:09,205 - distributed.worker - INFO -       Start worker at:      tcp://10.6.8.37:35565
2025-03-14 22:41:09,205 - distributed.worker - INFO -          Listening to:      tcp://10.6.8.37:35565
2025-03-14 22:41:09,205 - distributed.worker - INFO -           Worker name:             SLURMCluster-1
2025-03-14 22:41:09,205 - distributed.worker - INFO -          dashboard at:            10.6.8.37:39535
2025-03-14 22:41:09,205 - distributed.worker - INFO - Waiting to connect to: tcp://146.186.150.11:36245
2025-03-14 22:41:09,205 - distributed.worker - INFO - -------------------------------------------------
2025-03-14 22:41:09,205 - distributed.worker - INFO -               Threads:                          1
2025-03-14 22:41:09,206 - distributed.worker - INFO -                Memory:                   4.00 GiB
2025-03-14 22:41:09,206 - distributed.worker - INFO -       Local Directory: /scratch/cta5244/dask-workers/dask-scratch-space/worker-4ku8jjx1
2025-03-14 22:41:09,206 - distributed.worker - INFO - -------------------------------------------------
2025-03-14 22:41:09,645 - distributed.worker - INFO - Starting Worker plugin shuffle
2025-03-14 22:41:09,645 - distributed.worker - INFO -         Registered to: tcp://146.186.150.11:36245
2025-03-14 22:41:09,645 - distributed.worker - INFO - -------------------------------------------------
2025-03-14 22:41:09,646 - distributed.core - INFO - Starting established connection to tcp://146.186.150.11:36245
Exception ignored in: <function CachingFileManager.__del__ at 0x14950cc1a830>
Traceback (most recent call last):
  File "/storage/home/cta5244/mambaforge/envs/pyWBM/lib/python3.10/site-packages/xarray/backends/file_manager.py", line 250, in __del__
    self.close(needs_lock=False)
  File "/storage/home/cta5244/mambaforge/envs/pyWBM/lib/python3.10/site-packages/xarray/backends/file_manager.py", line 234, in close
    file.close()
  File "src/netCDF4/_netCDF4.pyx", line 2669, in netCDF4._netCDF4.Dataset.close
  File "src/netCDF4/_netCDF4.pyx", line 2636, in netCDF4._netCDF4.Dataset._close
  File "src/netCDF4/_netCDF4.pyx", line 2164, in netCDF4._netCDF4._ensure_nc_success
RuntimeError: NetCDF: HDF error
Exception ignored in: <function CachingFileManager.__del__ at 0x14950cc1a830>
Traceback (most recent call last):
  File "/storage/home/cta5244/mambaforge/envs/pyWBM/lib/python3.10/site-packages/xarray/backends/file_manager.py", line 250, in __del__
    self.close(needs_lock=False)
  File "/storage/home/cta5244/mambaforge/envs/pyWBM/lib/python3.10/site-packages/xarray/backends/file_manager.py", line 234, in close
    file.close()
  File "src/netCDF4/_netCDF4.pyx", line 2669, in netCDF4._netCDF4.Dataset.close
  File "src/netCDF4/_netCDF4.pyx", line 2636, in netCDF4._netCDF4.Dataset._close
  File "src/netCDF4/_netCDF4.pyx", line 2164, in netCDF4._netCDF4._ensure_nc_success
RuntimeError: NetCDF: HDF error
2025-03-14 22:41:19,905 - distributed.worker - ERROR - Compute Failed
Key:       ('concatenate-mean_chunk-76686aefb430ec6ac028180b1ea4df65', 15, 0, 0)
State:     executing
Task:  <Task ('concatenate-mean_chunk-76686aefb430ec6ac028180b1ea4df65', 15, 0, 0) _execute_subgraph(...)>
Exception: "OSError(-101, 'NetCDF: HDF error')"
Traceback: '  File "/storage/home/cta5244/mambaforge/envs/pyWBM/lib/python3.10/site-packages/dask/array/core.py", line 133, in getter\n    c = np.asarray(c)\n  File "/storage/home/cta5244/mambaforge/envs/pyWBM/lib/python3.10/site-packages/xarray/core/indexing.py", line 578, in __array__\n    return np.asarray(self.get_duck_array(), dtype=dtype, copy=copy)\n  File "/storage/home/cta5244/mambaforge/envs/pyWBM/lib/python3.10/site-packages/xarray/core/indexing.py", line 583, in get_duck_array\n    return self.array.get_duck_array()\n  File "/storage/home/cta5244/mambaforge/envs/pyWBM/lib/python3.10/site-packages/xarray/core/indexing.py", line 794, in get_duck_array\n    return self.array.get_duck_array()\n  File "/storage/home/cta5244/mambaforge/envs/pyWBM/lib/python3.10/site-packages/xarray/core/indexing.py", line 664, in get_duck_array\n    array = array.get_duck_array()\n  File "/storage/home/cta5244/mambaforge/envs/pyWBM/lib/python3.10/site-packages/xarray/coding/variables.py", line 81, in get_duck_array\n    return self.func(self.array.get_duck_array())\n  File "/storage/home/cta5244/mambaforge/envs/pyWBM/lib/python3.10/site-packages/xarray/coding/variables.py", line 81, in get_duck_array\n    return self.func(self.array.get_duck_array())\n  File "/storage/home/cta5244/mambaforge/envs/pyWBM/lib/python3.10/site-packages/xarray/core/indexing.py", line 657, in get_duck_array\n    array = self.array[self.key]\n  File "/storage/home/cta5244/mambaforge/envs/pyWBM/lib/python3.10/site-packages/xarray/backends/netCDF4_.py", line 103, in __getitem__\n    return indexing.explicit_indexing_adapter(\n  File "/storage/home/cta5244/mambaforge/envs/pyWBM/lib/python3.10/site-packages/xarray/core/indexing.py", line 1018, in explicit_indexing_adapter\n    result = raw_indexing_method(raw_key.tuple)\n  File "/storage/home/cta5244/mambaforge/envs/pyWBM/lib/python3.10/site-packages/xarray/backends/netCDF4_.py", line 115, in _getitem\n    original_array = self.get_array(needs_lock=False)\n  File "/storage/home/cta5244/mambaforge/envs/pyWBM/lib/python3.10/site-packages/xarray/backends/netCDF4_.py", line 94, in get_array\n    ds = self.datastore._acquire(needs_lock)\n  File "/storage/home/cta5244/mambaforge/envs/pyWBM/lib/python3.10/site-packages/xarray/backends/netCDF4_.py", line 455, in _acquire\n    with self._manager.acquire_context(needs_lock) as root:\n  File "/storage/home/cta5244/mambaforge/envs/pyWBM/lib/python3.10/contextlib.py", line 135, in __enter__\n    return next(self.gen)\n  File "/storage/home/cta5244/mambaforge/envs/pyWBM/lib/python3.10/site-packages/xarray/backends/file_manager.py", line 199, in acquire_context\n    file, cached = self._acquire_with_cache_info(needs_lock)\n  File "/storage/home/cta5244/mambaforge/envs/pyWBM/lib/python3.10/site-packages/xarray/backends/file_manager.py", line 217, in _acquire_with_cache_info\n    file = self._opener(*self._args, **kwargs)\n  File "src/netCDF4/_netCDF4.pyx", line 2521, in netCDF4._netCDF4.Dataset.__init__\n  File "src/netCDF4/_netCDF4.pyx", line 2158, in netCDF4._netCDF4._ensure_nc_success\n'

2025-03-14 22:41:29,651 - distributed.worker - ERROR - Worker stream died during communication: tcp://10.6.8.33:33517
Traceback (most recent call last):
  File "/storage/home/cta5244/mambaforge/envs/pyWBM/lib/python3.10/site-packages/tornado/iostream.py", line 861, in _read_to_buffer
    bytes_read = self.read_from_fd(buf)
  File "/storage/home/cta5244/mambaforge/envs/pyWBM/lib/python3.10/site-packages/tornado/iostream.py", line 1116, in read_from_fd
    return self.socket.recv_into(buf, len(buf))
ConnectionResetError: [Errno 104] Connection reset by peer

The above exception was the direct cause of the following exception:

Traceback (most recent call last):
  File "/storage/home/cta5244/mambaforge/envs/pyWBM/lib/python3.10/site-packages/distributed/worker.py", line 2075, in gather_dep
    response = await get_data_from_worker(
  File "/storage/home/cta5244/mambaforge/envs/pyWBM/lib/python3.10/site-packages/distributed/worker.py", line 2881, in get_data_from_worker
    response = await send_recv(
  File "/storage/home/cta5244/mambaforge/envs/pyWBM/lib/python3.10/site-packages/distributed/core.py", line 1018, in send_recv
    response = await comm.read(deserializers=deserializers)
  File "/storage/home/cta5244/mambaforge/envs/pyWBM/lib/python3.10/site-packages/distributed/comm/tcp.py", line 237, in read
    convert_stream_closed_error(self, e)
  File "/storage/home/cta5244/mambaforge/envs/pyWBM/lib/python3.10/site-packages/distributed/comm/tcp.py", line 143, in convert_stream_closed_error
    raise CommClosedError(f"in {obj}: {exc.__class__.__name__}: {exc}") from exc
distributed.comm.core.CommClosedError: in <TCP (closed) Ephemeral Worker->Worker for gather local=tcp://10.6.8.37:33798 remote=tcp://10.6.8.33:33517>: ConnectionResetError: [Errno 104] Connection reset by peer
2025-03-14 22:41:33,229 - distributed.worker - ERROR - Worker stream died during communication: tcp://10.6.8.39:45853
Traceback (most recent call last):
  File "/storage/home/cta5244/mambaforge/envs/pyWBM/lib/python3.10/site-packages/tornado/iostream.py", line 861, in _read_to_buffer
    bytes_read = self.read_from_fd(buf)
  File "/storage/home/cta5244/mambaforge/envs/pyWBM/lib/python3.10/site-packages/tornado/iostream.py", line 1116, in read_from_fd
    return self.socket.recv_into(buf, len(buf))
ConnectionResetError: [Errno 104] Connection reset by peer

The above exception was the direct cause of the following exception:

Traceback (most recent call last):
  File "/storage/home/cta5244/mambaforge/envs/pyWBM/lib/python3.10/site-packages/distributed/worker.py", line 2075, in gather_dep
    response = await get_data_from_worker(
  File "/storage/home/cta5244/mambaforge/envs/pyWBM/lib/python3.10/site-packages/distributed/worker.py", line 2881, in get_data_from_worker
    response = await send_recv(
  File "/storage/home/cta5244/mambaforge/envs/pyWBM/lib/python3.10/site-packages/distributed/core.py", line 1018, in send_recv
    response = await comm.read(deserializers=deserializers)
  File "/storage/home/cta5244/mambaforge/envs/pyWBM/lib/python3.10/site-packages/distributed/comm/tcp.py", line 237, in read
    convert_stream_closed_error(self, e)
  File "/storage/home/cta5244/mambaforge/envs/pyWBM/lib/python3.10/site-packages/distributed/comm/tcp.py", line 143, in convert_stream_closed_error
    raise CommClosedError(f"in {obj}: {exc.__class__.__name__}: {exc}") from exc
distributed.comm.core.CommClosedError: in <TCP (closed) Ephemeral Worker->Worker for gather local=tcp://10.6.8.37:57672 remote=tcp://10.6.8.39:45853>: ConnectionResetError: [Errno 104] Connection reset by peer
2025-03-14 22:41:37,154 - distributed.nanny - INFO - Worker process 1388710 was killed by signal 11
2025-03-14 22:41:37,161 - distributed.nanny - WARNING - Restarting worker
2025-03-14 22:41:38,463 - distributed.diskutils - INFO - Found stale lock file and directory '/scratch/cta5244/dask-workers/dask-scratch-space/worker-yv9w550n', purging
2025-03-14 22:41:39,216 - distributed.worker - INFO -       Start worker at:      tcp://10.6.8.37:40337
2025-03-14 22:41:39,216 - distributed.worker - INFO -          Listening to:      tcp://10.6.8.37:40337
2025-03-14 22:41:39,216 - distributed.worker - INFO -           Worker name:             SLURMCluster-1
2025-03-14 22:41:39,217 - distributed.worker - INFO -          dashboard at:            10.6.8.37:36915
2025-03-14 22:41:39,217 - distributed.worker - INFO - Waiting to connect to: tcp://146.186.150.11:36245
2025-03-14 22:41:39,217 - distributed.worker - INFO - -------------------------------------------------
2025-03-14 22:41:39,217 - distributed.worker - INFO -               Threads:                          1
2025-03-14 22:41:39,217 - distributed.worker - INFO -                Memory:                   4.00 GiB
2025-03-14 22:41:39,217 - distributed.worker - INFO -       Local Directory: /scratch/cta5244/dask-workers/dask-scratch-space/worker-fk67bb_y
2025-03-14 22:41:39,217 - distributed.worker - INFO - -------------------------------------------------
2025-03-14 22:41:39,843 - distributed.worker - INFO - Starting Worker plugin shuffle
2025-03-14 22:41:39,844 - distributed.worker - INFO -         Registered to: tcp://146.186.150.11:36245
2025-03-14 22:41:39,844 - distributed.worker - INFO - -------------------------------------------------
2025-03-14 22:41:39,844 - distributed.core - INFO - Starting established connection to tcp://146.186.150.11:36245
Type = File(72057594037927936) name='/'Type = File(72057594037927937) name='/'2025-03-14 22:41:42,179 - distributed.nanny - INFO - Worker process 1389833 was killed by signal 11
2025-03-14 22:41:42,181 - distributed.nanny - WARNING - Restarting worker
2025-03-14 22:41:43,168 - distributed.diskutils - INFO - Found stale lock file and directory '/scratch/cta5244/dask-workers/dask-scratch-space/worker-kq6dren3', purging
2025-03-14 22:41:43,937 - distributed.worker - INFO -       Start worker at:      tcp://10.6.8.37:42693
2025-03-14 22:41:43,937 - distributed.worker - INFO -          Listening to:      tcp://10.6.8.37:42693
2025-03-14 22:41:43,937 - distributed.worker - INFO -           Worker name:             SLURMCluster-1
2025-03-14 22:41:43,937 - distributed.worker - INFO -          dashboard at:            10.6.8.37:35585
2025-03-14 22:41:43,937 - distributed.worker - INFO - Waiting to connect to: tcp://146.186.150.11:36245
2025-03-14 22:41:43,937 - distributed.worker - INFO - -------------------------------------------------
2025-03-14 22:41:43,937 - distributed.worker - INFO -               Threads:                          1
2025-03-14 22:41:43,937 - distributed.worker - INFO -                Memory:                   4.00 GiB
2025-03-14 22:41:43,937 - distributed.worker - INFO -       Local Directory: /scratch/cta5244/dask-workers/dask-scratch-space/worker-yrc8mrsc
2025-03-14 22:41:43,937 - distributed.worker - INFO - -------------------------------------------------
2025-03-14 22:41:44,379 - distributed.worker - INFO - Starting Worker plugin shuffle
2025-03-14 22:41:44,380 - distributed.worker - INFO -         Registered to: tcp://146.186.150.11:36245
2025-03-14 22:41:44,380 - distributed.worker - INFO - -------------------------------------------------
2025-03-14 22:41:44,380 - distributed.core - INFO - Starting established connection to tcp://146.186.150.11:36245
corrupted double-linked list
2025-03-14 22:41:51,700 - distributed.nanny - INFO - Worker process 1390495 was killed by signal 6
2025-03-14 22:41:51,707 - distributed.nanny - WARNING - Restarting worker
slurmstepd: error: *** JOB 35099580 ON p-bc-5027 CANCELLED AT 2025-03-14T22:41:52 ***
