Lmod has detected the following error: The following module(s) are unknown: "wget"

Please check the spelling or version number. Also try "module spider ..."
It is also possible your cache file is out-of-date; it may help to try:
  $ module --ignore_cache load "wget"

Also make sure that all modulefiles written in TCL start with the string #%Module



Lmod has detected the following error: The following module(s) are unknown: "cdo"

Please check the spelling or version number. Also try "module spider ..."
It is also possible your cache file is out-of-date; it may help to try:
  $ module --ignore_cache load "cdo"

Also make sure that all modulefiles written in TCL start with the string #%Module



Starting downloads at Thu Feb 20 18:04:31 EST 2025
--2025-02-20 18:04:32--  https://hydro1.gesdisc.eosdis.nasa.gov/data/NLDAS/README.NLDAS2.pdf
Resolving hydro1.gesdisc.eosdis.nasa.gov (hydro1.gesdisc.eosdis.nasa.gov)... 198.118.197.99, 2001:4d0:241a:4041::99
Connecting to hydro1.gesdisc.eosdis.nasa.gov (hydro1.gesdisc.eosdis.nasa.gov)|198.118.197.99|:443... connected.
HTTP request sent, awaiting response... 200 OK
Length: 1393056 (1.3M) [application/pdf]
--2025-02-20 18:04:33--  https://hydro1.gesdisc.eosdis.nasa.gov/data/NLDAS/README.NLDAS2.pdf
Connecting to hydro1.gesdisc.eosdis.nasa.gov (hydro1.gesdisc.eosdis.nasa.gov)|198.118.197.99|:443... connected.
HTTP request sent, awaiting response... 416 Requested Range Not Satisfiable

    The file is already fully retrieved; nothing to do.

--2025-02-20 18:04:33--  https://hydro1.gesdisc.eosdis.nasa.gov/daac-bin/OTF/HTTP_services.cgi?FILENAME=%2Fdata%2FNLDAS%2FNLDAS_FORA0125_H.002%2F1979%2F001%2FNLDAS_FORA0125_H.A19790101.1300.002.grb&SHORTNAME=NLDAS_FORA0125_H&LABEL=NLDAS_FORA0125_H.A19790101.1300.002.grb.SUB.nc4&SERVICE=L34RS_LDAS&DATASET_VERSION=002&FORMAT=bmM0Lw&VERSION=1.02&BBOX=25%2C-125%2C53%2C-67&VARIABLES=TMP
Connecting to hydro1.gesdisc.eosdis.nasa.gov (hydro1.gesdisc.eosdis.nasa.gov)|198.118.197.99|:443... connected.
HTTP request sent, awaiting response... 200 OK
Length: 1762736 (1.7M) [application/octet-stream]
--2025-02-20 18:04:33--  https://hydro1.gesdisc.eosdis.nasa.gov/daac-bin/OTF/HTTP_services.cgi?FILENAME=%2Fdata%2FNLDAS%2FNLDAS_FORA0125_H.002%2F1979%2F001%2FNLDAS_FORA0125_H.A19790101.1300.002.grb&SHORTNAME=NLDAS_FORA0125_H&LABEL=NLDAS_FORA0125_H.A19790101.1300.002.grb.SUB.nc4&SERVICE=L34RS_LDAS&DATASET_VERSION=002&FORMAT=bmM0Lw&VERSION=1.02&BBOX=25%2C-125%2C53%2C-67&VARIABLES=TMP
Connecting to hydro1.gesdisc.eosdis.nasa.gov (hydro1.gesdisc.eosdis.nasa.gov)|198.118.197.99|:443... connected.
HTTP request sent, awaiting response... 302 Found
Location: https://urs.earthdata.nasa.gov/oauth/authorize/?scope=uid&app_type=401&client_id=e2WVk8Pw6weeLUKZYOxvTQ&response_type=code&redirect_uri=https%3A%2F%2Fhydro1.gesdisc.eosdis.nasa.gov%2Fdata-redirect&state=aHR0cHM6Ly9oeWRybzEuZ2VzZGlzYy5lb3NkaXMubmFzYS5nb3YvZGFhYy1iaW4vT1RGL0hUVFBfc2VydmljZXMuY2dpP0ZJTEVOQU1FPSUyRmRhdGElMkZOTERBUyUyRk5MREFTX0ZPUkEwMTI1X0guMDAyJTJGMTk3OSUyRjAwMSUyRk5MREFTX0ZPUkEwMTI1X0guQTE5NzkwMTAxLjEzMDAuMDAyLmdyYiZTSE9SVE5BTUU9TkxEQVNfRk9SQTAxMjVfSCZMQUJFTD1OTERBU19GT1JBMDEyNV9ILkExOTc5MDEwMS4xMzAwLjAwMi5ncmIuU1VCLm5jNCZTRVJWSUNFPUwzNFJTX0xEQVMmREFUQVNFVF9WRVJTSU9OPTAwMiZGT1JNQVQ9Ym1NMEx3JlZFUlNJT049MS4wMiZCQk9YPTI1JTJDLTEyNSUyQzUzJTJDLTY3JlZBUklBQkxFUz1UTVA [following]
--2025-02-20 18:04:33--  https://urs.earthdata.nasa.gov/oauth/authorize/?scope=uid&app_type=401&client_id=e2WVk8Pw6weeLUKZYOxvTQ&response_type=code&redirect_uri=https%3A%2F%2Fhydro1.gesdisc.eosdis.nasa.gov%2Fdata-redirect&state=aHR0cHM6Ly9oeWRybzEuZ2VzZGlzYy5lb3NkaXMubmFzYS5nb3YvZGFhYy1iaW4vT1RGL0hUVFBfc2VydmljZXMuY2dpP0ZJTEVOQU1FPSUyRmRhdGElMkZOTERBUyUyRk5MREFTX0ZPUkEwMTI1X0guMDAyJTJGMTk3OSUyRjAwMSUyRk5MREFTX0ZPUkEwMTI1X0guQTE5NzkwMTAxLjEzMDAuMDAyLmdyYiZTSE9SVE5BTUU9TkxEQVNfRk9SQTAxMjVfSCZMQUJFTD1OTERBU19GT1JBMDEyNV9ILkExOTc5MDEwMS4xMzAwLjAwMi5ncmIuU1VCLm5jNCZTRVJWSUNFPUwzNFJTX0xEQVMmREFUQVNFVF9WRVJTSU9OPTAwMiZGT1JNQVQ9Ym1NMEx3JlZFUlNJT049MS4wMiZCQk9YPTI1JTJDLTEyNSUyQzUzJTJDLTY3JlZBUklBQkxFUz1UTVA
Resolving urs.earthdata.nasa.gov (urs.earthdata.nasa.gov)... 198.118.243.33, 2001:4d0:241a:4081::89
Connecting to urs.earthdata.nasa.gov (urs.earthdata.nasa.gov)|198.118.243.33|:443... connected.
HTTP request sent, awaiting response... 302 Found
The name is too long, 643 chars total.
Trying to shorten...
New name is index.html?scope=uid&app_type=401&client_id=e2WVk8Pw6weeLUKZYOxvTQ&response_type=code&redirect_uri=https:%2F%2Fhydro1.gesdisc.eosdis.nasa.gov%2Fdata-redirect&state=aHR0cHM6Ly9oeWRybzEuZ2VzZGlzYy5lb3NkaXMubmFzYS5nb3YvZGFhYy1iaW4vT1RGL0hU.
Location: https://hydro1.gesdisc.eosdis.nasa.gov/data-redirect?code=0ZPyVWfQU3IgQzyrqPAoV2QmZ7zQm7JRiVQG1SEtMTdbQKjGw4HQiaYAS9hzoFky2XvMsyLO6y0iwKaNHTvHYbezJPCcZSigCORch3mqZGTtkjtmmxXLSRKK3Q&state=aHR0cHM6Ly9oeWRybzEuZ2VzZGlzYy5lb3NkaXMubmFzYS5nb3YvZGFhYy1iaW4vT1RGL0hUVFBfc2VydmljZXMuY2dpP0ZJTEVOQU1FPSUyRmRhdGElMkZOTERBUyUyRk5MREFTX0ZPUkEwMTI1X0guMDAyJTJGMTk3OSUyRjAwMSUyRk5MREFTX0ZPUkEwMTI1X0guQTE5NzkwMTAxLjEzMDAuMDAyLmdyYiZTSE9SVE5BTUU9TkxEQVNfRk9SQTAxMjVfSCZMQUJFTD1OTERBU19GT1JBMDEyNV9ILkExOTc5MDEwMS4xMzAwLjAwMi5ncmIuU1VCLm5jNCZTRVJWSUNFPUwzNFJTX0xEQVMmREFUQVNFVF9WRVJTSU9OPTAwMiZGT1JNQVQ9Ym1NMEx3JlZFUlNJT049MS4wMiZCQk9YPTI1JTJDLTEyNSUyQzUzJTJDLTY3JlZBUklBQkxFUz1UTVA [following]
--2025-02-20 18:04:33--  https://hydro1.gesdisc.eosdis.nasa.gov/data-redirect?code=0ZPyVWfQU3IgQzyrqPAoV2QmZ7zQm7JRiVQG1SEtMTdbQKjGw4HQiaYAS9hzoFky2XvMsyLO6y0iwKaNHTvHYbezJPCcZSigCORch3mqZGTtkjtmmxXLSRKK3Q&state=aHR0cHM6Ly9oeWRybzEuZ2VzZGlzYy5lb3NkaXMubmFzYS5nb3YvZGFhYy1iaW4vT1RGL0hUVFBfc2VydmljZXMuY2dpP0ZJTEVOQU1FPSUyRmRhdGElMkZOTERBUyUyRk5MREFTX0ZPUkEwMTI1X0guMDAyJTJGMTk3OSUyRjAwMSUyRk5MREFTX0ZPUkEwMTI1X0guQTE5NzkwMTAxLjEzMDAuMDAyLmdyYiZTSE9SVE5BTUU9TkxEQVNfRk9SQTAxMjVfSCZMQUJFTD1OTERBU19GT1JBMDEyNV9ILkExOTc5MDEwMS4xMzAwLjAwMi5ncmIuU1VCLm5jNCZTRVJWSUNFPUwzNFJTX0xEQVMmREFUQVNFVF9WRVJTSU9OPTAwMiZGT1JNQVQ9Ym1NMEx3JlZFUlNJT049MS4wMiZCQk9YPTI1JTJDLTEyNSUyQzUzJTJDLTY3JlZBUklBQkxFUz1UTVA
Connecting to hydro1.gesdisc.eosdis.nasa.gov (hydro1.gesdisc.eosdis.nasa.gov)|198.118.197.99|:443... connected.
HTTP request sent, awaiting response... 302 Found
The name is too long, 627 chars total.
Trying to shorten...
New name is data-redirect?code=0ZPyVWfQU3IgQzyrqPAoV2QmZ7zQm7JRiVQG1SEtMTdbQKjGw4HQiaYAS9hzoFky2XvMsyLO6y0iwKaNHTvHYbezJPCcZSigCORch3mqZGTtkjtmmxXLSRKK3Q&state=aHR0cHM6Ly9oeWRybzEuZ2VzZGlzYy5lb3NkaXMubmFzYS5nb3YvZGFhYy1iaW4vT1RGL0hUVFBfc2VydmljZXMu.
Location: https://hydro1.gesdisc.eosdis.nasa.gov/daac-bin/OTF/HTTP_services.cgi?FILENAME=%2Fdata%2FNLDAS%2FNLDAS_FORA0125_H.002%2F1979%2F001%2FNLDAS_FORA0125_H.A19790101.1300.002.grb&SHORTNAME=NLDAS_FORA0125_H&LABEL=NLDAS_FORA0125_H.A19790101.1300.002.grb.SUB.nc4&SERVICE=L34RS_LDAS&DATASET_VERSION=002&FORMAT=bmM0Lw&VERSION=1.02&BBOX=25%2C-125%2C53%2C-67&VARIABLES=TMP [following]
--2025-02-20 18:04:34--  https://hydro1.gesdisc.eosdis.nasa.gov/daac-bin/OTF/HTTP_services.cgi?FILENAME=%2Fdata%2FNLDAS%2FNLDAS_FORA0125_H.002%2F1979%2F001%2FNLDAS_FORA0125_H.A19790101.1300.002.grb&SHORTNAME=NLDAS_FORA0125_H&LABEL=NLDAS_FORA0125_H.A19790101.1300.002.grb.SUB.nc4&SERVICE=L34RS_LDAS&DATASET_VERSION=002&FORMAT=bmM0Lw&VERSION=1.02&BBOX=25%2C-125%2C53%2C-67&VARIABLES=TMP
Connecting to hydro1.gesdisc.eosdis.nasa.gov (hydro1.gesdisc.eosdis.nasa.gov)|198.118.197.99|:443... connected.
HTTP request sent, awaiting response... 200 OK
Length: 1762736 (1.7M) [application/octet-stream]
--2025-02-20 18:04:35--  https://hydro1.gesdisc.eosdis.nasa.gov/daac-bin/OTF/HTTP_services.cgi?FILENAME=%2Fdata%2FNLDAS%2FNLDAS_FORA0125_H.002%2F1979%2F001%2FNLDAS_FORA0125_H.A19790101.1300.002.grb&SHORTNAME=NLDAS_FORA0125_H&LABEL=NLDAS_FORA0125_H.A19790101.1300.002.grb.SUB.nc4&SERVICE=L34RS_LDAS&DATASET_VERSION=002&FORMAT=bmM0Lw&VERSION=1.02&BBOX=25%2C-125%2C53%2C-67&VARIABLES=TMP
Connecting to hydro1.gesdisc.eosdis.nasa.gov (hydro1.gesdisc.eosdis.nasa.gov)|198.118.197.99|:443... connected.
HTTP request sent, awaiting response... 200 OK
Length: 185608 (181K) [application/octet-stream]
Saving to: ‘/storage/work/cta5244/pyWBM_yield_data/NCEPNARR_NLDAS_Hist_Temp/tmp_downloads/NLDAS_FORA0125_H.A19790101.1300.002.grb.SUB.nc4’

     0K .......... .......... .......... .......... .......... 27% 2.20M 0s
    50K .......... .......... .......... .......... .......... 55% 4.12M 0s
   100K .......... .......... .......... .......... .......... 82% 3.99M 0s
   150K .......... .......... .......... .                    100%  229M=0.05s

2025-02-20 18:04:36 (3.82 MB/s) - ‘/storage/work/cta5244/pyWBM_yield_data/NCEPNARR_NLDAS_Hist_Temp/tmp_downloads/NLDAS_FORA0125_H.A19790101.1300.002.grb.SUB.nc4’ saved [185608/185608]

--2025-02-20 18:04:36--  https://hydro1.gesdisc.eosdis.nasa.gov/daac-bin/OTF/HTTP_services.cgi?FILENAME=%2Fdata%2FNLDAS%2FNLDAS_FORA0125_H.002%2F1979%2F001%2FNLDAS_FORA0125_H.A19790101.1400.002.grb&SHORTNAME=NLDAS_FORA0125_H&LABEL=NLDAS_FORA0125_H.A19790101.1400.002.grb.SUB.nc4&SERVICE=L34RS_LDAS&DATASET_VERSION=002&FORMAT=bmM0Lw&VERSION=1.02&BBOX=25%2C-125%2C53%2C-67&VARIABLES=TMP
Connecting to hydro1.gesdisc.eosdis.nasa.gov (hydro1.gesdisc.eosdis.nasa.gov)|198.118.197.99|:443... connected.
HTTP request sent, awaiting response... 200 OK
Length: 1762736 (1.7M) [application/octet-stream]
--2025-02-20 18:04:37--  https://hydro1.gesdisc.eosdis.nasa.gov/daac-bin/OTF/HTTP_services.cgi?FILENAME=%2Fdata%2FNLDAS%2FNLDAS_FORA0125_H.002%2F1979%2F001%2FNLDAS_FORA0125_H.A19790101.1400.002.grb&SHORTNAME=NLDAS_FORA0125_H&LABEL=NLDAS_FORA0125_H.A19790101.1400.002.grb.SUB.nc4&SERVICE=L34RS_LDAS&DATASET_VERSION=002&FORMAT=bmM0Lw&VERSION=1.02&BBOX=25%2C-125%2C53%2C-67&VARIABLES=TMP
Connecting to hydro1.gesdisc.eosdis.nasa.gov (hydro1.gesdisc.eosdis.nasa.gov)|198.118.197.99|:443... connected.
HTTP request sent, awaiting response... 200 OK
Length: 185508 (181K) [application/octet-stream]
Saving to: ‘/storage/work/cta5244/pyWBM_yield_data/NCEPNARR_NLDAS_Hist_Temp/tmp_downloads/NLDAS_FORA0125_H.A19790101.1400.002.grb.SUB.nc4’

     0K .......... .......... .......... .......... .......... 27% 2.32M 0s
    50K .......... .......... .......... .......... .......... 55% 4.11M 0s
   100K .......... .......... .......... .......... .......... 82% 4.07M 0s
   150K .......... .......... .......... .                    100%  246M=0.05s

2025-02-20 18:04:39 (3.92 MB/s) - ‘/storage/work/cta5244/pyWBM_yield_data/NCEPNARR_NLDAS_Hist_Temp/tmp_downloads/NLDAS_FORA0125_H.A19790101.1400.002.grb.SUB.nc4’ saved [185508/185508]

--2025-02-20 18:04:39--  https://hydro1.gesdisc.eosdis.nasa.gov/daac-bin/OTF/HTTP_services.cgi?FILENAME=%2Fdata%2FNLDAS%2FNLDAS_FORA0125_H.002%2F1979%2F001%2FNLDAS_FORA0125_H.A19790101.1500.002.grb&SHORTNAME=NLDAS_FORA0125_H&LABEL=NLDAS_FORA0125_H.A19790101.1500.002.grb.SUB.nc4&SERVICE=L34RS_LDAS&DATASET_VERSION=002&FORMAT=bmM0Lw&VERSION=1.02&BBOX=25%2C-125%2C53%2C-67&VARIABLES=TMP
Connecting to hydro1.gesdisc.eosdis.nasa.gov (hydro1.gesdisc.eosdis.nasa.gov)|198.118.197.99|:443... connected.
HTTP request sent, awaiting response... 200 OK
Length: 1762736 (1.7M) [application/octet-stream]
--2025-02-20 18:04:39--  https://hydro1.gesdisc.eosdis.nasa.gov/daac-bin/OTF/HTTP_services.cgi?FILENAME=%2Fdata%2FNLDAS%2FNLDAS_FORA0125_H.002%2F1979%2F001%2FNLDAS_FORA0125_H.A19790101.1500.002.grb&SHORTNAME=NLDAS_FORA0125_H&LABEL=NLDAS_FORA0125_H.A19790101.1500.002.grb.SUB.nc4&SERVICE=L34RS_LDAS&DATASET_VERSION=002&FORMAT=bmM0Lw&VERSION=1.02&BBOX=25%2C-125%2C53%2C-67&VARIABLES=TMP
Connecting to hydro1.gesdisc.eosdis.nasa.gov (hydro1.gesdisc.eosdis.nasa.gov)|198.118.197.99|:443... connected.
HTTP request sent, awaiting response... 200 OK
Length: 185456 (181K) [application/octet-stream]
Saving to: ‘/storage/work/cta5244/pyWBM_yield_data/NCEPNARR_NLDAS_Hist_Temp/tmp_downloads/NLDAS_FORA0125_H.A19790101.1500.002.grb.SUB.nc4’

     0K .......... .......... .......... .......... .......... 27% 2.13M 0s
    50K .......... .......... .......... .......... .......... 55% 4.03M 0s
   100K .......... .......... .......... .......... .......... 82%  172M 0s
   150K .......... .......... .......... .                    100% 62.4M=0.04s

2025-02-20 18:04:41 (4.94 MB/s) - ‘/storage/work/cta5244/pyWBM_yield_data/NCEPNARR_NLDAS_Hist_Temp/tmp_downloads/NLDAS_FORA0125_H.A19790101.1500.002.grb.SUB.nc4’ saved [185456/185456]

--2025-02-20 18:04:41--  https://hydro1.gesdisc.eosdis.nasa.gov/daac-bin/OTF/HTTP_services.cgi?FILENAME=%2Fdata%2FNLDAS%2FNLDAS_FORA0125_H.002%2F1979%2F001%2FNLDAS_FORA0125_H.A19790101.1600.002.grb&SHORTNAME=NLDAS_FORA0125_H&LABEL=NLDAS_FORA0125_H.A19790101.1600.002.grb.SUB.nc4&SERVICE=L34RS_LDAS&DATASET_VERSION=002&FORMAT=bmM0Lw&VERSION=1.02&BBOX=25%2C-125%2C53%2C-67&VARIABLES=TMP
Connecting to hydro1.gesdisc.eosdis.nasa.gov (hydro1.gesdisc.eosdis.nasa.gov)|198.118.197.99|:443... connected.
HTTP request sent, awaiting response... 200 OK
Length: 1762736 (1.7M) [application/octet-stream]
--2025-02-20 18:04:41--  https://hydro1.gesdisc.eosdis.nasa.gov/daac-bin/OTF/HTTP_services.cgi?FILENAME=%2Fdata%2FNLDAS%2FNLDAS_FORA0125_H.002%2F1979%2F001%2FNLDAS_FORA0125_H.A19790101.1600.002.grb&SHORTNAME=NLDAS_FORA0125_H&LABEL=NLDAS_FORA0125_H.A19790101.1600.002.grb.SUB.nc4&SERVICE=L34RS_LDAS&DATASET_VERSION=002&FORMAT=bmM0Lw&VERSION=1.02&BBOX=25%2C-125%2C53%2C-67&VARIABLES=TMP
Connecting to hydro1.gesdisc.eosdis.nasa.gov (hydro1.gesdisc.eosdis.nasa.gov)|198.118.197.99|:443... connected.
HTTP request sent, awaiting response... 200 OK
Length: 185122 (181K) [application/octet-stream]
Saving to: ‘/storage/work/cta5244/pyWBM_yield_data/NCEPNARR_NLDAS_Hist_Temp/tmp_downloads/NLDAS_FORA0125_H.A19790101.1600.002.grb.SUB.nc4’

     0K .......... .......... .......... .......... .......... 27% 2.28M 0s
    50K .......... .......... .......... .......... .......... 55% 3.93M 0s
   100K .......... .......... .......... .......... .......... 82%  206M 0s
   150K .......... .......... ..........                      100%  249M=0.03s

2025-02-20 18:04:43 (5.16 MB/s) - ‘/storage/work/cta5244/pyWBM_yield_data/NCEPNARR_NLDAS_Hist_Temp/tmp_downloads/NLDAS_FORA0125_H.A19790101.1600.002.grb.SUB.nc4’ saved [185122/185122]

--2025-02-20 18:04:43--  https://hydro1.gesdisc.eosdis.nasa.gov/daac-bin/OTF/HTTP_services.cgi?FILENAME=%2Fdata%2FNLDAS%2FNLDAS_FORA0125_H.002%2F1979%2F001%2FNLDAS_FORA0125_H.A19790101.1700.002.grb&SHORTNAME=NLDAS_FORA0125_H&LABEL=NLDAS_FORA0125_H.A19790101.1700.002.grb.SUB.nc4&SERVICE=L34RS_LDAS&DATASET_VERSION=002&FORMAT=bmM0Lw&VERSION=1.02&BBOX=25%2C-125%2C53%2C-67&VARIABLES=TMP
Connecting to hydro1.gesdisc.eosdis.nasa.gov (hydro1.gesdisc.eosdis.nasa.gov)|198.118.197.99|:443... connected.
HTTP request sent, awaiting response... 200 OK
Length: 1762736 (1.7M) [application/octet-stream]
--2025-02-20 18:04:43--  https://hydro1.gesdisc.eosdis.nasa.gov/daac-bin/OTF/HTTP_services.cgi?FILENAME=%2Fdata%2FNLDAS%2FNLDAS_FORA0125_H.002%2F1979%2F001%2FNLDAS_FORA0125_H.A19790101.1700.002.grb&SHORTNAME=NLDAS_FORA0125_H&LABEL=NLDAS_FORA0125_H.A19790101.1700.002.grb.SUB.nc4&SERVICE=L34RS_LDAS&DATASET_VERSION=002&FORMAT=bmM0Lw&VERSION=1.02&BBOX=25%2C-125%2C53%2C-67&VARIABLES=TMP
Connecting to hydro1.gesdisc.eosdis.nasa.gov (hydro1.gesdisc.eosdis.nasa.gov)|198.118.197.99|:443... connected.
HTTP request sent, awaiting response... 200 OK
Length: 184915 (181K) [application/octet-stream]
Saving to: ‘/storage/work/cta5244/pyWBM_yield_data/NCEPNARR_NLDAS_Hist_Temp/tmp_downloads/NLDAS_FORA0125_H.A19790101.1700.002.grb.SUB.nc4’

     0K .......... .......... .......... .......... .......... 27% 2.16M 0s
    50K .......... .......... .......... .......... .......... 55% 4.07M 0s
   100K .......... .......... .......... .......... .......... 83%  174M 0s
   150K .......... .......... ..........                      100%  259M=0.04s

2025-02-20 18:04:45 (5.04 MB/s) - ‘/storage/work/cta5244/pyWBM_yield_data/NCEPNARR_NLDAS_Hist_Temp/tmp_downloads/NLDAS_FORA0125_H.A19790101.1700.002.grb.SUB.nc4’ saved [184915/184915]

--2025-02-20 18:04:45--  https://hydro1.gesdisc.eosdis.nasa.gov/daac-bin/OTF/HTTP_services.cgi?FILENAME=%2Fdata%2FNLDAS%2FNLDAS_FORA0125_H.002%2F1979%2F001%2FNLDAS_FORA0125_H.A19790101.1800.002.grb&SHORTNAME=NLDAS_FORA0125_H&LABEL=NLDAS_FORA0125_H.A19790101.1800.002.grb.SUB.nc4&SERVICE=L34RS_LDAS&DATASET_VERSION=002&FORMAT=bmM0Lw&VERSION=1.02&BBOX=25%2C-125%2C53%2C-67&VARIABLES=TMP
Connecting to hydro1.gesdisc.eosdis.nasa.gov (hydro1.gesdisc.eosdis.nasa.gov)|198.118.197.99|:443... connected.
HTTP request sent, awaiting response... 200 OK
Length: 1762736 (1.7M) [application/octet-stream]
--2025-02-20 18:04:46--  https://hydro1.gesdisc.eosdis.nasa.gov/daac-bin/OTF/HTTP_services.cgi?FILENAME=%2Fdata%2FNLDAS%2FNLDAS_FORA0125_H.002%2F1979%2F001%2FNLDAS_FORA0125_H.A19790101.1800.002.grb&SHORTNAME=NLDAS_FORA0125_H&LABEL=NLDAS_FORA0125_H.A19790101.1800.002.grb.SUB.nc4&SERVICE=L34RS_LDAS&DATASET_VERSION=002&FORMAT=bmM0Lw&VERSION=1.02&BBOX=25%2C-125%2C53%2C-67&VARIABLES=TMP
Connecting to hydro1.gesdisc.eosdis.nasa.gov (hydro1.gesdisc.eosdis.nasa.gov)|198.118.197.99|:443... connected.
HTTP request sent, awaiting response... 200 OK
Length: 184812 (180K) [application/octet-stream]
Saving to: ‘/storage/work/cta5244/pyWBM_yield_data/NCEPNARR_NLDAS_Hist_Temp/tmp_downloads/NLDAS_FORA0125_H.A19790101.1800.002.grb.SUB.nc4’

     0K .......... .......... .......... .......... .......... 27% 2.37M 0s
    50K .......... .......... .......... .......... .......... 55% 4.13M 0s
   100K .......... .......... .......... .......... .......... 83% 4.12M 0s
   150K .......... .......... ..........                      100%  224M=0.04s

2025-02-20 18:04:48 (3.97 MB/s) - ‘/storage/work/cta5244/pyWBM_yield_data/NCEPNARR_NLDAS_Hist_Temp/tmp_downloads/NLDAS_FORA0125_H.A19790101.1800.002.grb.SUB.nc4’ saved [184812/184812]

--2025-02-20 18:04:48--  https://hydro1.gesdisc.eosdis.nasa.gov/daac-bin/OTF/HTTP_services.cgi?FILENAME=%2Fdata%2FNLDAS%2FNLDAS_FORA0125_H.002%2F1979%2F001%2FNLDAS_FORA0125_H.A19790101.1900.002.grb&SHORTNAME=NLDAS_FORA0125_H&LABEL=NLDAS_FORA0125_H.A19790101.1900.002.grb.SUB.nc4&SERVICE=L34RS_LDAS&DATASET_VERSION=002&FORMAT=bmM0Lw&VERSION=1.02&BBOX=25%2C-125%2C53%2C-67&VARIABLES=TMP
Connecting to hydro1.gesdisc.eosdis.nasa.gov (hydro1.gesdisc.eosdis.nasa.gov)|198.118.197.99|:443... connected.
HTTP request sent, awaiting response... 200 OK
Length: 1762736 (1.7M) [application/octet-stream]
--2025-02-20 18:04:49--  https://hydro1.gesdisc.eosdis.nasa.gov/daac-bin/OTF/HTTP_services.cgi?FILENAME=%2Fdata%2FNLDAS%2FNLDAS_FORA0125_H.002%2F1979%2F001%2FNLDAS_FORA0125_H.A19790101.1900.002.grb&SHORTNAME=NLDAS_FORA0125_H&LABEL=NLDAS_FORA0125_H.A19790101.1900.002.grb.SUB.nc4&SERVICE=L34RS_LDAS&DATASET_VERSION=002&FORMAT=bmM0Lw&VERSION=1.02&BBOX=25%2C-125%2C53%2C-67&VARIABLES=TMP
Connecting to hydro1.gesdisc.eosdis.nasa.gov (hydro1.gesdisc.eosdis.nasa.gov)|198.118.197.99|:443... connected.
HTTP request sent, awaiting response... 200 OK
Length: 184342 (180K) [application/octet-stream]
Saving to: ‘/storage/work/cta5244/pyWBM_yield_data/NCEPNARR_NLDAS_Hist_Temp/tmp_downloads/NLDAS_FORA0125_H.A19790101.1900.002.grb.SUB.nc4’

     0K .......... .......... .......... .......... .......... 27% 2.21M 0s
    50K .......... .......... .......... .......... .......... 55% 4.01M 0s
   100K .......... .......... .......... .......... .......... 83%  214M 0s
   150K .......... .......... ..........                      100% 2.39M=0.05s

2025-02-20 18:04:50 (3.76 MB/s) - ‘/storage/work/cta5244/pyWBM_yield_data/NCEPNARR_NLDAS_Hist_Temp/tmp_downloads/NLDAS_FORA0125_H.A19790101.1900.002.grb.SUB.nc4’ saved [184342/184342]

--2025-02-20 18:04:50--  https://hydro1.gesdisc.eosdis.nasa.gov/daac-bin/OTF/HTTP_services.cgi?FILENAME=%2Fdata%2FNLDAS%2FNLDAS_FORA0125_H.002%2F1979%2F001%2FNLDAS_FORA0125_H.A19790101.2000.002.grb&SHORTNAME=NLDAS_FORA0125_H&LABEL=NLDAS_FORA0125_H.A19790101.2000.002.grb.SUB.nc4&SERVICE=L34RS_LDAS&DATASET_VERSION=002&FORMAT=bmM0Lw&VERSION=1.02&BBOX=25%2C-125%2C53%2C-67&VARIABLES=TMP
Connecting to hydro1.gesdisc.eosdis.nasa.gov (hydro1.gesdisc.eosdis.nasa.gov)|198.118.197.99|:443... connected.
HTTP request sent, awaiting response... 200 OK
Length: 1752682 (1.7M) [application/octet-stream]
--2025-02-20 18:04:51--  https://hydro1.gesdisc.eosdis.nasa.gov/daac-bin/OTF/HTTP_services.cgi?FILENAME=%2Fdata%2FNLDAS%2FNLDAS_FORA0125_H.002%2F1979%2F001%2FNLDAS_FORA0125_H.A19790101.2000.002.grb&SHORTNAME=NLDAS_FORA0125_H&LABEL=NLDAS_FORA0125_H.A19790101.2000.002.grb.SUB.nc4&SERVICE=L34RS_LDAS&DATASET_VERSION=002&FORMAT=bmM0Lw&VERSION=1.02&BBOX=25%2C-125%2C53%2C-67&VARIABLES=TMP
Connecting to hydro1.gesdisc.eosdis.nasa.gov (hydro1.gesdisc.eosdis.nasa.gov)|198.118.197.99|:443... connected.
HTTP request sent, awaiting response... 200 OK
Length: 184232 (180K) [application/octet-stream]
Saving to: ‘/storage/work/cta5244/pyWBM_yield_data/NCEPNARR_NLDAS_Hist_Temp/tmp_downloads/NLDAS_FORA0125_H.A19790101.2000.002.grb.SUB.nc4’

     0K .......... .......... .......... .......... .......... 27% 2.31M 0s
    50K .......... .......... .......... .......... .......... 55% 4.04M 0s
   100K .......... .......... .......... .......... .......... 83%  186M 0s
   150K .......... .......... .........                       100%  251M=0.03s

2025-02-20 18:04:52 (5.23 MB/s) - ‘/storage/work/cta5244/pyWBM_yield_data/NCEPNARR_NLDAS_Hist_Temp/tmp_downloads/NLDAS_FORA0125_H.A19790101.2000.002.grb.SUB.nc4’ saved [184232/184232]

--2025-02-20 18:04:52--  https://hydro1.gesdisc.eosdis.nasa.gov/daac-bin/OTF/HTTP_services.cgi?FILENAME=%2Fdata%2FNLDAS%2FNLDAS_FORA0125_H.002%2F1979%2F001%2FNLDAS_FORA0125_H.A19790101.2100.002.grb&SHORTNAME=NLDAS_FORA0125_H&LABEL=NLDAS_FORA0125_H.A19790101.2100.002.grb.SUB.nc4&SERVICE=L34RS_LDAS&DATASET_VERSION=002&FORMAT=bmM0Lw&VERSION=1.02&BBOX=25%2C-125%2C53%2C-67&VARIABLES=TMP
Connecting to hydro1.gesdisc.eosdis.nasa.gov (hydro1.gesdisc.eosdis.nasa.gov)|198.118.197.99|:443... connected.
HTTP request sent, awaiting response... 200 OK
Length: 1762736 (1.7M) [application/octet-stream]
--2025-02-20 18:04:53--  https://hydro1.gesdisc.eosdis.nasa.gov/daac-bin/OTF/HTTP_services.cgi?FILENAME=%2Fdata%2FNLDAS%2FNLDAS_FORA0125_H.002%2F1979%2F001%2FNLDAS_FORA0125_H.A19790101.2100.002.grb&SHORTNAME=NLDAS_FORA0125_H&LABEL=NLDAS_FORA0125_H.A19790101.2100.002.grb.SUB.nc4&SERVICE=L34RS_LDAS&DATASET_VERSION=002&FORMAT=bmM0Lw&VERSION=1.02&BBOX=25%2C-125%2C53%2C-67&VARIABLES=TMP
Connecting to hydro1.gesdisc.eosdis.nasa.gov (hydro1.gesdisc.eosdis.nasa.gov)|198.118.197.99|:443... connected.
HTTP request sent, awaiting response... 200 OK
Length: 184202 (180K) [application/octet-stream]
Saving to: ‘/storage/work/cta5244/pyWBM_yield_data/NCEPNARR_NLDAS_Hist_Temp/tmp_downloads/NLDAS_FORA0125_H.A19790101.2100.002.grb.SUB.nc4’

     0K .......... .......... .......... .......... .......... 27% 2.17M 0s
    50K .......... .......... .......... .......... .......... 55% 4.09M 0s
   100K .......... .......... .......... .......... .......... 83% 4.11M 0s
   150K .......... .......... .........                       100%  249M=0.05s

2025-02-20 18:04:54 (3.79 MB/s) - ‘/storage/work/cta5244/pyWBM_yield_data/NCEPNARR_NLDAS_Hist_Temp/tmp_downloads/NLDAS_FORA0125_H.A19790101.2100.002.grb.SUB.nc4’ saved [184202/184202]

--2025-02-20 18:04:54--  https://hydro1.gesdisc.eosdis.nasa.gov/daac-bin/OTF/HTTP_services.cgi?FILENAME=%2Fdata%2FNLDAS%2FNLDAS_FORA0125_H.002%2F1979%2F001%2FNLDAS_FORA0125_H.A19790101.2200.002.grb&SHORTNAME=NLDAS_FORA0125_H&LABEL=NLDAS_FORA0125_H.A19790101.2200.002.grb.SUB.nc4&SERVICE=L34RS_LDAS&DATASET_VERSION=002&FORMAT=bmM0Lw&VERSION=1.02&BBOX=25%2C-125%2C53%2C-67&VARIABLES=TMP
Connecting to hydro1.gesdisc.eosdis.nasa.gov (hydro1.gesdisc.eosdis.nasa.gov)|198.118.197.99|:443... connected.
HTTP request sent, awaiting response... 200 OK
Length: 1762736 (1.7M) [application/octet-stream]
--2025-02-20 18:04:55--  https://hydro1.gesdisc.eosdis.nasa.gov/daac-bin/OTF/HTTP_services.cgi?FILENAME=%2Fdata%2FNLDAS%2FNLDAS_FORA0125_H.002%2F1979%2F001%2FNLDAS_FORA0125_H.A19790101.2200.002.grb&SHORTNAME=NLDAS_FORA0125_H&LABEL=NLDAS_FORA0125_H.A19790101.2200.002.grb.SUB.nc4&SERVICE=L34RS_LDAS&DATASET_VERSION=002&FORMAT=bmM0Lw&VERSION=1.02&BBOX=25%2C-125%2C53%2C-67&VARIABLES=TMP
Connecting to hydro1.gesdisc.eosdis.nasa.gov (hydro1.gesdisc.eosdis.nasa.gov)|198.118.197.99|:443... connected.
HTTP request sent, awaiting response... 200 OK
Length: 184371 (180K) [application/octet-stream]
Saving to: ‘/storage/work/cta5244/pyWBM_yield_data/NCEPNARR_NLDAS_Hist_Temp/tmp_downloads/NLDAS_FORA0125_H.A19790101.2200.002.grb.SUB.nc4’

     0K .......... .......... .......... .......... .......... 27% 2.18M 0s
    50K .......... .......... .......... .......... .......... 55% 4.05M 0s
   100K .......... .......... .......... .......... .......... 83% 3.93M 0s
   150K .......... .......... ..........                      100% 71.6M=0.05s

2025-02-20 18:04:58 (3.72 MB/s) - ‘/storage/work/cta5244/pyWBM_yield_data/NCEPNARR_NLDAS_Hist_Temp/tmp_downloads/NLDAS_FORA0125_H.A19790101.2200.002.grb.SUB.nc4’ saved [184371/184371]

--2025-02-20 18:04:58--  https://hydro1.gesdisc.eosdis.nasa.gov/daac-bin/OTF/HTTP_services.cgi?FILENAME=%2Fdata%2FNLDAS%2FNLDAS_FORA0125_H.002%2F1979%2F001%2FNLDAS_FORA0125_H.A19790101.2300.002.grb&SHORTNAME=NLDAS_FORA0125_H&LABEL=NLDAS_FORA0125_H.A19790101.2300.002.grb.SUB.nc4&SERVICE=L34RS_LDAS&DATASET_VERSION=002&FORMAT=bmM0Lw&VERSION=1.02&BBOX=25%2C-125%2C53%2C-67&VARIABLES=TMP
Connecting to hydro1.gesdisc.eosdis.nasa.gov (hydro1.gesdisc.eosdis.nasa.gov)|198.118.197.99|:443... connected.
HTTP request sent, awaiting response... 200 OK
Length: 1762736 (1.7M) [application/octet-stream]
--2025-02-20 18:04:58--  https://hydro1.gesdisc.eosdis.nasa.gov/daac-bin/OTF/HTTP_services.cgi?FILENAME=%2Fdata%2FNLDAS%2FNLDAS_FORA0125_H.002%2F1979%2F001%2FNLDAS_FORA0125_H.A19790101.2300.002.grb&SHORTNAME=NLDAS_FORA0125_H&LABEL=NLDAS_FORA0125_H.A19790101.2300.002.grb.SUB.nc4&SERVICE=L34RS_LDAS&DATASET_VERSION=002&FORMAT=bmM0Lw&VERSION=1.02&BBOX=25%2C-125%2C53%2C-67&VARIABLES=TMP
Connecting to hydro1.gesdisc.eosdis.nasa.gov (hydro1.gesdisc.eosdis.nasa.gov)|198.118.197.99|:443... connected.
HTTP request sent, awaiting response... 200 OK
Length: 184766 (180K) [application/octet-stream]
Saving to: ‘/storage/work/cta5244/pyWBM_yield_data/NCEPNARR_NLDAS_Hist_Temp/tmp_downloads/NLDAS_FORA0125_H.A19790101.2300.002.grb.SUB.nc4’

     0K .......... .......... .......... .......... .......... 27% 2.37M 0s
    50K .......... .......... .......... .......... .......... 55% 4.09M 0s
   100K .......... .......... .......... .......... .......... 83% 4.07M 0s
   150K .......... .......... ..........                      100%  208M=0.04s

2025-02-20 18:05:00 (3.95 MB/s) - ‘/storage/work/cta5244/pyWBM_yield_data/NCEPNARR_NLDAS_Hist_Temp/tmp_downloads/NLDAS_FORA0125_H.A19790101.2300.002.grb.SUB.nc4’ saved [184766/184766]

--2025-02-20 18:05:00--  https://hydro1.gesdisc.eosdis.nasa.gov/daac-bin/OTF/HTTP_services.cgi?FILENAME=%2Fdata%2FNLDAS%2FNLDAS_FORA0125_H.002%2F1979%2F002%2FNLDAS_FORA0125_H.A19790102.0000.002.grb&SHORTNAME=NLDAS_FORA0125_H&LABEL=NLDAS_FORA0125_H.A19790102.0000.002.grb.SUB.nc4&SERVICE=L34RS_LDAS&DATASET_VERSION=002&FORMAT=bmM0Lw&VERSION=1.02&BBOX=25%2C-125%2C53%2C-67&VARIABLES=TMP
Connecting to hydro1.gesdisc.eosdis.nasa.gov (hydro1.gesdisc.eosdis.nasa.gov)|198.118.197.99|:443... connected.
HTTP request sent, awaiting response... 200 OK
Length: 1762736 (1.7M) [application/octet-stream]
--2025-02-20 18:05:00--  https://hydro1.gesdisc.eosdis.nasa.gov/daac-bin/OTF/HTTP_services.cgi?FILENAME=%2Fdata%2FNLDAS%2FNLDAS_FORA0125_H.002%2F1979%2F002%2FNLDAS_FORA0125_H.A19790102.0000.002.grb&SHORTNAME=NLDAS_FORA0125_H&LABEL=NLDAS_FORA0125_H.A19790102.0000.002.grb.SUB.nc4&SERVICE=L34RS_LDAS&DATASET_VERSION=002&FORMAT=bmM0Lw&VERSION=1.02&BBOX=25%2C-125%2C53%2C-67&VARIABLES=TMP
Connecting to hydro1.gesdisc.eosdis.nasa.gov (hydro1.gesdisc.eosdis.nasa.gov)|198.118.197.99|:443... connected.
HTTP request sent, awaiting response... 200 OK
Length: 185307 (181K) [application/octet-stream]
Saving to: ‘/storage/work/cta5244/pyWBM_yield_data/NCEPNARR_NLDAS_Hist_Temp/tmp_downloads/NLDAS_FORA0125_H.A19790102.0000.002.grb.SUB.nc4’

     0K .......... .......... .......... .......... .......... 27% 2.30M 0s
    50K .......... .......... .......... .......... .......... 55% 4.10M 0s
   100K .......... .......... .......... .......... .......... 82% 4.03M 0s
   150K .......... .......... ..........                      100%  221M=0.05s

2025-02-20 18:05:02 (3.90 MB/s) - ‘/storage/work/cta5244/pyWBM_yield_data/NCEPNARR_NLDAS_Hist_Temp/tmp_downloads/NLDAS_FORA0125_H.A19790102.0000.002.grb.SUB.nc4’ saved [185307/185307]

--2025-02-20 18:05:02--  https://hydro1.gesdisc.eosdis.nasa.gov/daac-bin/OTF/HTTP_services.cgi?FILENAME=%2Fdata%2FNLDAS%2FNLDAS_FORA0125_H.002%2F1979%2F002%2FNLDAS_FORA0125_H.A19790102.0100.002.grb&SHORTNAME=NLDAS_FORA0125_H&LABEL=NLDAS_FORA0125_H.A19790102.0100.002.grb.SUB.nc4&SERVICE=L34RS_LDAS&DATASET_VERSION=002&FORMAT=bmM0Lw&VERSION=1.02&BBOX=25%2C-125%2C53%2C-67&VARIABLES=TMP
Connecting to hydro1.gesdisc.eosdis.nasa.gov (hydro1.gesdisc.eosdis.nasa.gov)|198.118.197.99|:443... connected.
HTTP request sent, awaiting response... 200 OK
Length: 1742628 (1.7M) [application/octet-stream]
--2025-02-20 18:05:03--  https://hydro1.gesdisc.eosdis.nasa.gov/daac-bin/OTF/HTTP_services.cgi?FILENAME=%2Fdata%2FNLDAS%2FNLDAS_FORA0125_H.002%2F1979%2F002%2FNLDAS_FORA0125_H.A19790102.0100.002.grb&SHORTNAME=NLDAS_FORA0125_H&LABEL=NLDAS_FORA0125_H.A19790102.0100.002.grb.SUB.nc4&SERVICE=L34RS_LDAS&DATASET_VERSION=002&FORMAT=bmM0Lw&VERSION=1.02&BBOX=25%2C-125%2C53%2C-67&VARIABLES=TMP
Connecting to hydro1.gesdisc.eosdis.nasa.gov (hydro1.gesdisc.eosdis.nasa.gov)|198.118.197.99|:443... connected.
HTTP request sent, awaiting response... 200 OK
Length: 185298 (181K) [application/octet-stream]
Saving to: ‘/storage/work/cta5244/pyWBM_yield_data/NCEPNARR_NLDAS_Hist_Temp/tmp_downloads/NLDAS_FORA0125_H.A19790102.0100.002.grb.SUB.nc4’

     0K .......... .......... .......... .......... .......... 27% 2.11M 0s
    50K .......... .......... .......... .......... .......... 55% 4.05M 0s
   100K .......... .......... .......... .......... .......... 82%  229M 0s
   150K .......... .......... ..........                      100% 2.53M=0.05s

2025-02-20 18:05:05 (3.73 MB/s) - ‘/storage/work/cta5244/pyWBM_yield_data/NCEPNARR_NLDAS_Hist_Temp/tmp_downloads/NLDAS_FORA0125_H.A19790102.0100.002.grb.SUB.nc4’ saved [185298/185298]

--2025-02-20 18:05:05--  https://hydro1.gesdisc.eosdis.nasa.gov/daac-bin/OTF/HTTP_services.cgi?FILENAME=%2Fdata%2FNLDAS%2FNLDAS_FORA0125_H.002%2F1979%2F002%2FNLDAS_FORA0125_H.A19790102.0200.002.grb&SHORTNAME=NLDAS_FORA0125_H&LABEL=NLDAS_FORA0125_H.A19790102.0200.002.grb.SUB.nc4&SERVICE=L34RS_LDAS&DATASET_VERSION=002&FORMAT=bmM0Lw&VERSION=1.02&BBOX=25%2C-125%2C53%2C-67&VARIABLES=TMP
Connecting to hydro1.gesdisc.eosdis.nasa.gov (hydro1.gesdisc.eosdis.nasa.gov)|198.118.197.99|:443... connected.
HTTP request sent, awaiting response... 200 OK
Length: 1611914 (1.5M) [application/octet-stream]
--2025-02-20 18:05:05--  https://hydro1.gesdisc.eosdis.nasa.gov/daac-bin/OTF/HTTP_services.cgi?FILENAME=%2Fdata%2FNLDAS%2FNLDAS_FORA0125_H.002%2F1979%2F002%2FNLDAS_FORA0125_H.A19790102.0200.002.grb&SHORTNAME=NLDAS_FORA0125_H&LABEL=NLDAS_FORA0125_H.A19790102.0200.002.grb.SUB.nc4&SERVICE=L34RS_LDAS&DATASET_VERSION=002&FORMAT=bmM0Lw&VERSION=1.02&BBOX=25%2C-125%2C53%2C-67&VARIABLES=TMP
Connecting to hydro1.gesdisc.eosdis.nasa.gov (hydro1.gesdisc.eosdis.nasa.gov)|198.118.197.99|:443... connected.
HTTP request sent, awaiting response... 200 OK
Length: 185351 (181K) [application/octet-stream]
Saving to: ‘/storage/work/cta5244/pyWBM_yield_data/NCEPNARR_NLDAS_Hist_Temp/tmp_downloads/NLDAS_FORA0125_H.A19790102.0200.002.grb.SUB.nc4’

     0K .......... .......... .......... .......... .......... 27% 2.15M 0s
    50K .......... .......... .......... .......... .......... 55% 3.96M 0s
   100K .......... .......... .......... .......... .......... 82%  189M 0s
   150K .......... .......... .......... .                    100% 2.35M=0.05s

2025-02-20 18:05:07 (3.67 MB/s) - ‘/storage/work/cta5244/pyWBM_yield_data/NCEPNARR_NLDAS_Hist_Temp/tmp_downloads/NLDAS_FORA0125_H.A19790102.0200.002.grb.SUB.nc4’ saved [185351/185351]

--2025-02-20 18:05:07--  https://hydro1.gesdisc.eosdis.nasa.gov/daac-bin/OTF/HTTP_services.cgi?FILENAME=%2Fdata%2FNLDAS%2FNLDAS_FORA0125_H.002%2F1979%2F002%2FNLDAS_FORA0125_H.A19790102.0300.002.grb&SHORTNAME=NLDAS_FORA0125_H&LABEL=NLDAS_FORA0125_H.A19790102.0300.002.grb.SUB.nc4&SERVICE=L34RS_LDAS&DATASET_VERSION=002&FORMAT=bmM0Lw&VERSION=1.02&BBOX=25%2C-125%2C53%2C-67&VARIABLES=TMP
Connecting to hydro1.gesdisc.eosdis.nasa.gov (hydro1.gesdisc.eosdis.nasa.gov)|198.118.197.99|:443... connected.
HTTP request sent, awaiting response... 200 OK
Length: 1601860 (1.5M) [application/octet-stream]
--2025-02-20 18:05:07--  https://hydro1.gesdisc.eosdis.nasa.gov/daac-bin/OTF/HTTP_services.cgi?FILENAME=%2Fdata%2FNLDAS%2FNLDAS_FORA0125_H.002%2F1979%2F002%2FNLDAS_FORA0125_H.A19790102.0300.002.grb&SHORTNAME=NLDAS_FORA0125_H&LABEL=NLDAS_FORA0125_H.A19790102.0300.002.grb.SUB.nc4&SERVICE=L34RS_LDAS&DATASET_VERSION=002&FORMAT=bmM0Lw&VERSION=1.02&BBOX=25%2C-125%2C53%2C-67&VARIABLES=TMP
Connecting to hydro1.gesdisc.eosdis.nasa.gov (hydro1.gesdisc.eosdis.nasa.gov)|198.118.197.99|:443... connected.
HTTP request sent, awaiting response... 200 OK
Length: 185712 (181K) [application/octet-stream]
Saving to: ‘/storage/work/cta5244/pyWBM_yield_data/NCEPNARR_NLDAS_Hist_Temp/tmp_downloads/NLDAS_FORA0125_H.A19790102.0300.002.grb.SUB.nc4’

     0K .......... .......... .......... .......... .......... 27% 2.42M 0s
    50K .......... .......... .......... .......... .......... 55% 4.13M 0s
   100K .......... .......... .......... .......... .......... 82% 4.02M 0s
   150K .......... .......... .......... .                    100%  230M=0.04s

2025-02-20 18:05:09 (4.00 MB/s) - ‘/storage/work/cta5244/pyWBM_yield_data/NCEPNARR_NLDAS_Hist_Temp/tmp_downloads/NLDAS_FORA0125_H.A19790102.0300.002.grb.SUB.nc4’ saved [185712/185712]

--2025-02-20 18:05:09--  https://hydro1.gesdisc.eosdis.nasa.gov/daac-bin/OTF/HTTP_services.cgi?FILENAME=%2Fdata%2FNLDAS%2FNLDAS_FORA0125_H.002%2F1979%2F002%2FNLDAS_FORA0125_H.A19790102.0400.002.grb&SHORTNAME=NLDAS_FORA0125_H&LABEL=NLDAS_FORA0125_H.A19790102.0400.002.grb.SUB.nc4&SERVICE=L34RS_LDAS&DATASET_VERSION=002&FORMAT=bmM0Lw&VERSION=1.02&BBOX=25%2C-125%2C53%2C-67&VARIABLES=TMP
Connecting to hydro1.gesdisc.eosdis.nasa.gov (hydro1.gesdisc.eosdis.nasa.gov)|198.118.197.99|:443... connected.
HTTP request sent, awaiting response... 200 OK
Length: 1601860 (1.5M) [application/octet-stream]
--2025-02-20 18:05:09--  https://hydro1.gesdisc.eosdis.nasa.gov/daac-bin/OTF/HTTP_services.cgi?FILENAME=%2Fdata%2FNLDAS%2FNLDAS_FORA0125_H.002%2F1979%2F002%2FNLDAS_FORA0125_H.A19790102.0400.002.grb&SHORTNAME=NLDAS_FORA0125_H&LABEL=NLDAS_FORA0125_H.A19790102.0400.002.grb.SUB.nc4&SERVICE=L34RS_LDAS&DATASET_VERSION=002&FORMAT=bmM0Lw&VERSION=1.02&BBOX=25%2C-125%2C53%2C-67&VARIABLES=TMP
Connecting to hydro1.gesdisc.eosdis.nasa.gov (hydro1.gesdisc.eosdis.nasa.gov)|198.118.197.99|:443... connected.
HTTP request sent, awaiting response... 200 OK
Length: 185597 (181K) [application/octet-stream]
Saving to: ‘/storage/work/cta5244/pyWBM_yield_data/NCEPNARR_NLDAS_Hist_Temp/tmp_downloads/NLDAS_FORA0125_H.A19790102.0400.002.grb.SUB.nc4’

     0K .......... .......... .......... .......... .......... 27% 2.46M 0s
    50K .......... .......... .......... .......... .......... 55% 3.90M 0s
   100K .......... .......... .......... .......... .......... 82% 3.90M 0s
   150K .......... .......... .......... .                    100%  246M=0.05s

2025-02-20 18:05:11 (3.93 MB/s) - ‘/storage/work/cta5244/pyWBM_yield_data/NCEPNARR_NLDAS_Hist_Temp/tmp_downloads/NLDAS_FORA0125_H.A19790102.0400.002.grb.SUB.nc4’ saved [185597/185597]

--2025-02-20 18:05:11--  https://hydro1.gesdisc.eosdis.nasa.gov/daac-bin/OTF/HTTP_services.cgi?FILENAME=%2Fdata%2FNLDAS%2FNLDAS_FORA0125_H.002%2F1979%2F002%2FNLDAS_FORA0125_H.A19790102.0500.002.grb&SHORTNAME=NLDAS_FORA0125_H&LABEL=NLDAS_FORA0125_H.A19790102.0500.002.grb.SUB.nc4&SERVICE=L34RS_LDAS&DATASET_VERSION=002&FORMAT=bmM0Lw&VERSION=1.02&BBOX=25%2C-125%2C53%2C-67&VARIABLES=TMP
Connecting to hydro1.gesdisc.eosdis.nasa.gov (hydro1.gesdisc.eosdis.nasa.gov)|198.118.197.99|:443... connected.
HTTP request sent, awaiting response... 200 OK
Length: 1601860 (1.5M) [application/octet-stream]
--2025-02-20 18:05:11--  https://hydro1.gesdisc.eosdis.nasa.gov/daac-bin/OTF/HTTP_services.cgi?FILENAME=%2Fdata%2FNLDAS%2FNLDAS_FORA0125_H.002%2F1979%2F002%2FNLDAS_FORA0125_H.A19790102.0500.002.grb&SHORTNAME=NLDAS_FORA0125_H&LABEL=NLDAS_FORA0125_H.A19790102.0500.002.grb.SUB.nc4&SERVICE=L34RS_LDAS&DATASET_VERSION=002&FORMAT=bmM0Lw&VERSION=1.02&BBOX=25%2C-125%2C53%2C-67&VARIABLES=TMP
Connecting to hydro1.gesdisc.eosdis.nasa.gov (hydro1.gesdisc.eosdis.nasa.gov)|198.118.197.99|:443... connected.
HTTP request sent, awaiting response... 200 OK
Length: 185621 (181K) [application/octet-stream]
Saving to: ‘/storage/work/cta5244/pyWBM_yield_data/NCEPNARR_NLDAS_Hist_Temp/tmp_downloads/NLDAS_FORA0125_H.A19790102.0500.002.grb.SUB.nc4’

     0K .......... .......... .......... .......... .......... 27% 2.23M 0s
    50K .......... .......... .......... .......... .......... 55% 4.11M 0s
   100K .......... .......... .......... .......... .......... 82%  214M 0s
   150K .......... .......... .......... .                    100% 2.64M=0.05s

2025-02-20 18:05:13 (3.89 MB/s) - ‘/storage/work/cta5244/pyWBM_yield_data/NCEPNARR_NLDAS_Hist_Temp/tmp_downloads/NLDAS_FORA0125_H.A19790102.0500.002.grb.SUB.nc4’ saved [185621/185621]

--2025-02-20 18:05:13--  https://hydro1.gesdisc.eosdis.nasa.gov/daac-bin/OTF/HTTP_services.cgi?FILENAME=%2Fdata%2FNLDAS%2FNLDAS_FORA0125_H.002%2F1979%2F002%2FNLDAS_FORA0125_H.A19790102.0600.002.grb&SHORTNAME=NLDAS_FORA0125_H&LABEL=NLDAS_FORA0125_H.A19790102.0600.002.grb.SUB.nc4&SERVICE=L34RS_LDAS&DATASET_VERSION=002&FORMAT=bmM0Lw&VERSION=1.02&BBOX=25%2C-125%2C53%2C-67&VARIABLES=TMP
Connecting to hydro1.gesdisc.eosdis.nasa.gov (hydro1.gesdisc.eosdis.nasa.gov)|198.118.197.99|:443... connected.
HTTP request sent, awaiting response... 200 OK
Length: 1601860 (1.5M) [application/octet-stream]
--2025-02-20 18:05:13--  https://hydro1.gesdisc.eosdis.nasa.gov/daac-bin/OTF/HTTP_services.cgi?FILENAME=%2Fdata%2FNLDAS%2FNLDAS_FORA0125_H.002%2F1979%2F002%2FNLDAS_FORA0125_H.A19790102.0600.002.grb&SHORTNAME=NLDAS_FORA0125_H&LABEL=NLDAS_FORA0125_H.A19790102.0600.002.grb.SUB.nc4&SERVICE=L34RS_LDAS&DATASET_VERSION=002&FORMAT=bmM0Lw&VERSION=1.02&BBOX=25%2C-125%2C53%2C-67&VARIABLES=TMP
Connecting to hydro1.gesdisc.eosdis.nasa.gov (hydro1.gesdisc.eosdis.nasa.gov)|198.118.197.99|:443... connected.
HTTP request sent, awaiting response... 200 OK
Length: 186038 (182K) [application/octet-stream]
Saving to: ‘/storage/work/cta5244/pyWBM_yield_data/NCEPNARR_NLDAS_Hist_Temp/tmp_downloads/NLDAS_FORA0125_H.A19790102.0600.002.grb.SUB.nc4’

     0K .......... .......... .......... .......... .......... 27% 2.35M 0s
    50K .......... .......... .......... .......... .......... 55% 4.01M 0s
   100K .......... .......... .......... .......... .......... 82% 3.94M 0s
   150K .......... .......... .......... .                    100%  213M=0.05s

2025-02-20 18:05:14 (3.90 MB/s) - ‘/storage/work/cta5244/pyWBM_yield_data/NCEPNARR_NLDAS_Hist_Temp/tmp_downloads/NLDAS_FORA0125_H.A19790102.0600.002.grb.SUB.nc4’ saved [186038/186038]

--2025-02-20 18:05:14--  https://hydro1.gesdisc.eosdis.nasa.gov/daac-bin/OTF/HTTP_services.cgi?FILENAME=%2Fdata%2FNLDAS%2FNLDAS_FORA0125_H.002%2F1979%2F002%2FNLDAS_FORA0125_H.A19790102.0700.002.grb&SHORTNAME=NLDAS_FORA0125_H&LABEL=NLDAS_FORA0125_H.A19790102.0700.002.grb.SUB.nc4&SERVICE=L34RS_LDAS&DATASET_VERSION=002&FORMAT=bmM0Lw&VERSION=1.02&BBOX=25%2C-125%2C53%2C-67&VARIABLES=TMP
Connecting to hydro1.gesdisc.eosdis.nasa.gov (hydro1.gesdisc.eosdis.nasa.gov)|198.118.197.99|:443... connected.
HTTP request sent, awaiting response... 200 OK
Length: 1601860 (1.5M) [application/octet-stream]
--2025-02-20 18:05:15--  https://hydro1.gesdisc.eosdis.nasa.gov/daac-bin/OTF/HTTP_services.cgi?FILENAME=%2Fdata%2FNLDAS%2FNLDAS_FORA0125_H.002%2F1979%2F002%2FNLDAS_FORA0125_H.A19790102.0700.002.grb&SHORTNAME=NLDAS_FORA0125_H&LABEL=NLDAS_FORA0125_H.A19790102.0700.002.grb.SUB.nc4&SERVICE=L34RS_LDAS&DATASET_VERSION=002&FORMAT=bmM0Lw&VERSION=1.02&BBOX=25%2C-125%2C53%2C-67&VARIABLES=TMP
Connecting to hydro1.gesdisc.eosdis.nasa.gov (hydro1.gesdisc.eosdis.nasa.gov)|198.118.197.99|:443... connected.
HTTP request sent, awaiting response... 503 Service Unavailable
2025-02-20 18:05:25 ERROR 503: Service Unavailable.

--2025-02-20 18:05:25--  https://hydro1.gesdisc.eosdis.nasa.gov/daac-bin/OTF/HTTP_services.cgi?FILENAME=%2Fdata%2FNLDAS%2FNLDAS_FORA0125_H.002%2F1979%2F002%2FNLDAS_FORA0125_H.A19790102.0800.002.grb&SHORTNAME=NLDAS_FORA0125_H&LABEL=NLDAS_FORA0125_H.A19790102.0800.002.grb.SUB.nc4&SERVICE=L34RS_LDAS&DATASET_VERSION=002&FORMAT=bmM0Lw&VERSION=1.02&BBOX=25%2C-125%2C53%2C-67&VARIABLES=TMP
Connecting to hydro1.gesdisc.eosdis.nasa.gov (hydro1.gesdisc.eosdis.nasa.gov)|198.118.197.99|:443... connected.
HTTP request sent, awaiting response... 200 OK
Length: 1601860 (1.5M) [application/octet-stream]
--2025-02-20 18:05:26--  https://hydro1.gesdisc.eosdis.nasa.gov/daac-bin/OTF/HTTP_services.cgi?FILENAME=%2Fdata%2FNLDAS%2FNLDAS_FORA0125_H.002%2F1979%2F002%2FNLDAS_FORA0125_H.A19790102.0800.002.grb&SHORTNAME=NLDAS_FORA0125_H&LABEL=NLDAS_FORA0125_H.A19790102.0800.002.grb.SUB.nc4&SERVICE=L34RS_LDAS&DATASET_VERSION=002&FORMAT=bmM0Lw&VERSION=1.02&BBOX=25%2C-125%2C53%2C-67&VARIABLES=TMP
Connecting to hydro1.gesdisc.eosdis.nasa.gov (hydro1.gesdisc.eosdis.nasa.gov)|198.118.197.99|:443... connected.
HTTP request sent, awaiting response... 200 OK
Length: 186079 (182K) [application/octet-stream]
Saving to: ‘/storage/work/cta5244/pyWBM_yield_data/NCEPNARR_NLDAS_Hist_Temp/tmp_downloads/NLDAS_FORA0125_H.A19790102.0800.002.grb.SUB.nc4’

     0K .......... .......... .......... .......... .......... 27% 2.42M 0s
    50K .......... .......... .......... .......... .......... 55% 4.11M 0s
   100K .......... .......... .......... .......... .......... 82%  184M 0s
   150K .......... .......... .......... .                    100%  259M=0.03s

2025-02-20 18:05:27 (5.47 MB/s) - ‘/storage/work/cta5244/pyWBM_yield_data/NCEPNARR_NLDAS_Hist_Temp/tmp_downloads/NLDAS_FORA0125_H.A19790102.0800.002.grb.SUB.nc4’ saved [186079/186079]

--2025-02-20 18:05:27--  https://hydro1.gesdisc.eosdis.nasa.gov/daac-bin/OTF/HTTP_services.cgi?FILENAME=%2Fdata%2FNLDAS%2FNLDAS_FORA0125_H.002%2F1979%2F002%2FNLDAS_FORA0125_H.A19790102.0900.002.grb&SHORTNAME=NLDAS_FORA0125_H&LABEL=NLDAS_FORA0125_H.A19790102.0900.002.grb.SUB.nc4&SERVICE=L34RS_LDAS&DATASET_VERSION=002&FORMAT=bmM0Lw&VERSION=1.02&BBOX=25%2C-125%2C53%2C-67&VARIABLES=TMP
Connecting to hydro1.gesdisc.eosdis.nasa.gov (hydro1.gesdisc.eosdis.nasa.gov)|198.118.197.99|:443... connected.
HTTP request sent, awaiting response... 200 OK
Length: 1611914 (1.5M) [application/octet-stream]
--2025-02-20 18:05:27--  https://hydro1.gesdisc.eosdis.nasa.gov/daac-bin/OTF/HTTP_services.cgi?FILENAME=%2Fdata%2FNLDAS%2FNLDAS_FORA0125_H.002%2F1979%2F002%2FNLDAS_FORA0125_H.A19790102.0900.002.grb&SHORTNAME=NLDAS_FORA0125_H&LABEL=NLDAS_FORA0125_H.A19790102.0900.002.grb.SUB.nc4&SERVICE=L34RS_LDAS&DATASET_VERSION=002&FORMAT=bmM0Lw&VERSION=1.02&BBOX=25%2C-125%2C53%2C-67&VARIABLES=TMP
Connecting to hydro1.gesdisc.eosdis.nasa.gov (hydro1.gesdisc.eosdis.nasa.gov)|198.118.197.99|:443... connected.
HTTP request sent, awaiting response... 200 OK
Length: 186085 (182K) [application/octet-stream]
Saving to: ‘/storage/work/cta5244/pyWBM_yield_data/NCEPNARR_NLDAS_Hist_Temp/tmp_downloads/NLDAS_FORA0125_H.A19790102.0900.002.grb.SUB.nc4’

     0K .......... .......... .......... .......... .......... 27% 2.12M 0s
    50K .......... .......... .......... .......... .......... 55% 3.97M 0s
   100K .......... .......... .......... .......... .......... 82%  149M 0s
   150K .......... .......... .......... .                    100%  232M=0.04s

2025-02-20 18:05:29 (4.96 MB/s) - ‘/storage/work/cta5244/pyWBM_yield_data/NCEPNARR_NLDAS_Hist_Temp/tmp_downloads/NLDAS_FORA0125_H.A19790102.0900.002.grb.SUB.nc4’ saved [186085/186085]

--2025-02-20 18:05:29--  https://hydro1.gesdisc.eosdis.nasa.gov/daac-bin/OTF/HTTP_services.cgi?FILENAME=%2Fdata%2FNLDAS%2FNLDAS_FORA0125_H.002%2F1979%2F002%2FNLDAS_FORA0125_H.A19790102.1000.002.grb&SHORTNAME=NLDAS_FORA0125_H&LABEL=NLDAS_FORA0125_H.A19790102.1000.002.grb.SUB.nc4&SERVICE=L34RS_LDAS&DATASET_VERSION=002&FORMAT=bmM0Lw&VERSION=1.02&BBOX=25%2C-125%2C53%2C-67&VARIABLES=TMP
Connecting to hydro1.gesdisc.eosdis.nasa.gov (hydro1.gesdisc.eosdis.nasa.gov)|198.118.197.99|:443... connected.
HTTP request sent, awaiting response... 200 OK
Length: 1611914 (1.5M) [application/octet-stream]
--2025-02-20 18:05:29--  https://hydro1.gesdisc.eosdis.nasa.gov/daac-bin/OTF/HTTP_services.cgi?FILENAME=%2Fdata%2FNLDAS%2FNLDAS_FORA0125_H.002%2F1979%2F002%2FNLDAS_FORA0125_H.A19790102.1000.002.grb&SHORTNAME=NLDAS_FORA0125_H&LABEL=NLDAS_FORA0125_H.A19790102.1000.002.grb.SUB.nc4&SERVICE=L34RS_LDAS&DATASET_VERSION=002&FORMAT=bmM0Lw&VERSION=1.02&BBOX=25%2C-125%2C53%2C-67&VARIABLES=TMP
Connecting to hydro1.gesdisc.eosdis.nasa.gov (hydro1.gesdisc.eosdis.nasa.gov)|198.118.197.99|:443... connected.
HTTP request sent, awaiting response... 200 OK
Length: 186012 (182K) [application/octet-stream]
Saving to: ‘/storage/work/cta5244/pyWBM_yield_data/NCEPNARR_NLDAS_Hist_Temp/tmp_downloads/NLDAS_FORA0125_H.A19790102.1000.002.grb.SUB.nc4’

     0K .......... .......... .......... .......... .......... 27% 2.38M 0s
    50K .......... .......... .......... .......... .......... 55% 4.04M 0s
   100K .......... .......... .......... .......... .......... 82% 4.15M 0s
   150K .......... .......... .......... .                    100% 65.3M=0.04s

2025-02-20 18:05:32 (3.95 MB/s) - ‘/storage/work/cta5244/pyWBM_yield_data/NCEPNARR_NLDAS_Hist_Temp/tmp_downloads/NLDAS_FORA0125_H.A19790102.1000.002.grb.SUB.nc4’ saved [186012/186012]

--2025-02-20 18:05:32--  https://hydro1.gesdisc.eosdis.nasa.gov/daac-bin/OTF/HTTP_services.cgi?FILENAME=%2Fdata%2FNLDAS%2FNLDAS_FORA0125_H.002%2F1979%2F002%2FNLDAS_FORA0125_H.A19790102.1100.002.grb&SHORTNAME=NLDAS_FORA0125_H&LABEL=NLDAS_FORA0125_H.A19790102.1100.002.grb.SUB.nc4&SERVICE=L34RS_LDAS&DATASET_VERSION=002&FORMAT=bmM0Lw&VERSION=1.02&BBOX=25%2C-125%2C53%2C-67&VARIABLES=TMP
Connecting to hydro1.gesdisc.eosdis.nasa.gov (hydro1.gesdisc.eosdis.nasa.gov)|198.118.197.99|:443... connected.
HTTP request sent, awaiting response... 200 OK
Length: 1611914 (1.5M) [application/octet-stream]
--2025-02-20 18:05:32--  https://hydro1.gesdisc.eosdis.nasa.gov/daac-bin/OTF/HTTP_services.cgi?FILENAME=%2Fdata%2FNLDAS%2FNLDAS_FORA0125_H.002%2F1979%2F002%2FNLDAS_FORA0125_H.A19790102.1100.002.grb&SHORTNAME=NLDAS_FORA0125_H&LABEL=NLDAS_FORA0125_H.A19790102.1100.002.grb.SUB.nc4&SERVICE=L34RS_LDAS&DATASET_VERSION=002&FORMAT=bmM0Lw&VERSION=1.02&BBOX=25%2C-125%2C53%2C-67&VARIABLES=TMP
Connecting to hydro1.gesdisc.eosdis.nasa.gov (hydro1.gesdisc.eosdis.nasa.gov)|198.118.197.99|:443... connected.
HTTP request sent, awaiting response... 200 OK
Length: 186113 (182K) [application/octet-stream]
Saving to: ‘/storage/work/cta5244/pyWBM_yield_data/NCEPNARR_NLDAS_Hist_Temp/tmp_downloads/NLDAS_FORA0125_H.A19790102.1100.002.grb.SUB.nc4’

     0K .......... .......... .......... .......... .......... 27% 2.21M 0s
    50K .......... .......... .......... .......... .......... 55% 3.98M 0s
   100K .......... .......... .......... .......... .......... 82%  199M 0s
   150K .......... .......... .......... .                    100%  237M=0.03s

2025-02-20 18:05:34 (5.11 MB/s) - ‘/storage/work/cta5244/pyWBM_yield_data/NCEPNARR_NLDAS_Hist_Temp/tmp_downloads/NLDAS_FORA0125_H.A19790102.1100.002.grb.SUB.nc4’ saved [186113/186113]

--2025-02-20 18:05:34--  https://hydro1.gesdisc.eosdis.nasa.gov/daac-bin/OTF/HTTP_services.cgi?FILENAME=%2Fdata%2FNLDAS%2FNLDAS_FORA0125_H.002%2F1979%2F002%2FNLDAS_FORA0125_H.A19790102.1200.002.grb&SHORTNAME=NLDAS_FORA0125_H&LABEL=NLDAS_FORA0125_H.A19790102.1200.002.grb.SUB.nc4&SERVICE=L34RS_LDAS&DATASET_VERSION=002&FORMAT=bmM0Lw&VERSION=1.02&BBOX=25%2C-125%2C53%2C-67&VARIABLES=TMP
Connecting to hydro1.gesdisc.eosdis.nasa.gov (hydro1.gesdisc.eosdis.nasa.gov)|198.118.197.99|:443... connected.
HTTP request sent, awaiting response... 200 OK
Length: 1752684 (1.7M) [application/octet-stream]
--2025-02-20 18:05:34--  https://hydro1.gesdisc.eosdis.nasa.gov/daac-bin/OTF/HTTP_services.cgi?FILENAME=%2Fdata%2FNLDAS%2FNLDAS_FORA0125_H.002%2F1979%2F002%2FNLDAS_FORA0125_H.A19790102.1200.002.grb&SHORTNAME=NLDAS_FORA0125_H&LABEL=NLDAS_FORA0125_H.A19790102.1200.002.grb.SUB.nc4&SERVICE=L34RS_LDAS&DATASET_VERSION=002&FORMAT=bmM0Lw&VERSION=1.02&BBOX=25%2C-125%2C53%2C-67&VARIABLES=TMP
Connecting to hydro1.gesdisc.eosdis.nasa.gov (hydro1.gesdisc.eosdis.nasa.gov)|198.118.197.99|:443... connected.
HTTP request sent, awaiting response... 200 OK
Length: 186204 (182K) [application/octet-stream]
Saving to: ‘/storage/work/cta5244/pyWBM_yield_data/NCEPNARR_NLDAS_Hist_Temp/tmp_downloads/NLDAS_FORA0125_H.A19790102.1200.002.grb.SUB.nc4’

     0K .......... .......... .......... .......... .......... 27% 2.12M 0s
    50K .......... .......... .......... .......... .......... 54% 3.94M 0s
   100K .......... .......... .......... .......... .......... 82%  188M 0s
   150K .......... .......... .......... .                    100% 2.50M=0.05s

2025-02-20 18:05:35 (3.69 MB/s) - ‘/storage/work/cta5244/pyWBM_yield_data/NCEPNARR_NLDAS_Hist_Temp/tmp_downloads/NLDAS_FORA0125_H.A19790102.1200.002.grb.SUB.nc4’ saved [186204/186204]

--2025-02-20 18:05:35--  https://hydro1.gesdisc.eosdis.nasa.gov/daac-bin/OTF/HTTP_services.cgi?FILENAME=%2Fdata%2FNLDAS%2FNLDAS_FORA0125_H.002%2F1979%2F002%2FNLDAS_FORA0125_H.A19790102.1300.002.grb&SHORTNAME=NLDAS_FORA0125_H&LABEL=NLDAS_FORA0125_H.A19790102.1300.002.grb.SUB.nc4&SERVICE=L34RS_LDAS&DATASET_VERSION=002&FORMAT=bmM0Lw&VERSION=1.02&BBOX=25%2C-125%2C53%2C-67&VARIABLES=TMP
Connecting to hydro1.gesdisc.eosdis.nasa.gov (hydro1.gesdisc.eosdis.nasa.gov)|198.118.197.99|:443... connected.
HTTP request sent, awaiting response... 200 OK
Length: 1762738 (1.7M) [application/octet-stream]
--2025-02-20 18:05:36--  https://hydro1.gesdisc.eosdis.nasa.gov/daac-bin/OTF/HTTP_services.cgi?FILENAME=%2Fdata%2FNLDAS%2FNLDAS_FORA0125_H.002%2F1979%2F002%2FNLDAS_FORA0125_H.A19790102.1300.002.grb&SHORTNAME=NLDAS_FORA0125_H&LABEL=NLDAS_FORA0125_H.A19790102.1300.002.grb.SUB.nc4&SERVICE=L34RS_LDAS&DATASET_VERSION=002&FORMAT=bmM0Lw&VERSION=1.02&BBOX=25%2C-125%2C53%2C-67&VARIABLES=TMP
Connecting to hydro1.gesdisc.eosdis.nasa.gov (hydro1.gesdisc.eosdis.nasa.gov)|198.118.197.99|:443... connected.
HTTP request sent, awaiting response... 200 OK
Length: 185981 (182K) [application/octet-stream]
Saving to: ‘/storage/work/cta5244/pyWBM_yield_data/NCEPNARR_NLDAS_Hist_Temp/tmp_downloads/NLDAS_FORA0125_H.A19790102.1300.002.grb.SUB.nc4’

     0K .......... .......... .......... .......... .......... 27% 2.47M 0s
    50K .......... .......... .......... .......... .......... 55% 3.79M 0s
   100K .......... .......... .......... .......... .......... 82%  211M 0s
   150K .......... .......... .......... .                    100%  242M=0.03s

2025-02-20 18:05:37 (5.36 MB/s) - ‘/storage/work/cta5244/pyWBM_yield_data/NCEPNARR_NLDAS_Hist_Temp/tmp_downloads/NLDAS_FORA0125_H.A19790102.1300.002.grb.SUB.nc4’ saved [185981/185981]

--2025-02-20 18:05:37--  https://hydro1.gesdisc.eosdis.nasa.gov/daac-bin/OTF/HTTP_services.cgi?FILENAME=%2Fdata%2FNLDAS%2FNLDAS_FORA0125_H.002%2F1979%2F002%2FNLDAS_FORA0125_H.A19790102.1400.002.grb&SHORTNAME=NLDAS_FORA0125_H&LABEL=NLDAS_FORA0125_H.A19790102.1400.002.grb.SUB.nc4&SERVICE=L34RS_LDAS&DATASET_VERSION=002&FORMAT=bmM0Lw&VERSION=1.02&BBOX=25%2C-125%2C53%2C-67&VARIABLES=TMP
Connecting to hydro1.gesdisc.eosdis.nasa.gov (hydro1.gesdisc.eosdis.nasa.gov)|198.118.197.99|:443... connected.
HTTP request sent, awaiting response... 200 OK
Length: 1762738 (1.7M) [application/octet-stream]
--2025-02-20 18:05:38--  https://hydro1.gesdisc.eosdis.nasa.gov/daac-bin/OTF/HTTP_services.cgi?FILENAME=%2Fdata%2FNLDAS%2FNLDAS_FORA0125_H.002%2F1979%2F002%2FNLDAS_FORA0125_H.A19790102.1400.002.grb&SHORTNAME=NLDAS_FORA0125_H&LABEL=NLDAS_FORA0125_H.A19790102.1400.002.grb.SUB.nc4&SERVICE=L34RS_LDAS&DATASET_VERSION=002&FORMAT=bmM0Lw&VERSION=1.02&BBOX=25%2C-125%2C53%2C-67&VARIABLES=TMP
Connecting to hydro1.gesdisc.eosdis.nasa.gov (hydro1.gesdisc.eosdis.nasa.gov)|198.118.197.99|:443... connected.
HTTP request sent, awaiting response... 200 OK
Length: 185744 (181K) [application/octet-stream]
Saving to: ‘/storage/work/cta5244/pyWBM_yield_data/NCEPNARR_NLDAS_Hist_Temp/tmp_downloads/NLDAS_FORA0125_H.A19790102.1400.002.grb.SUB.nc4’

     0K .......... .......... .......... .......... .......... 27% 2.24M 0s
    50K .......... .......... .......... .......... .......... 55% 4.06M 0s
   100K .......... .......... .......... .......... .......... 82% 4.04M 0s
   150K .......... .......... .......... .                    100%  239M=0.05s

2025-02-20 18:05:40 (3.85 MB/s) - ‘/storage/work/cta5244/pyWBM_yield_data/NCEPNARR_NLDAS_Hist_Temp/tmp_downloads/NLDAS_FORA0125_H.A19790102.1400.002.grb.SUB.nc4’ saved [185744/185744]

--2025-02-20 18:05:40--  https://hydro1.gesdisc.eosdis.nasa.gov/daac-bin/OTF/HTTP_services.cgi?FILENAME=%2Fdata%2FNLDAS%2FNLDAS_FORA0125_H.002%2F1979%2F002%2FNLDAS_FORA0125_H.A19790102.1500.002.grb&SHORTNAME=NLDAS_FORA0125_H&LABEL=NLDAS_FORA0125_H.A19790102.1500.002.grb.SUB.nc4&SERVICE=L34RS_LDAS&DATASET_VERSION=002&FORMAT=bmM0Lw&VERSION=1.02&BBOX=25%2C-125%2C53%2C-67&VARIABLES=TMP
Connecting to hydro1.gesdisc.eosdis.nasa.gov (hydro1.gesdisc.eosdis.nasa.gov)|198.118.197.99|:443... connected.
HTTP request sent, awaiting response... 200 OK
Length: 1762738 (1.7M) [application/octet-stream]
--2025-02-20 18:05:40--  https://hydro1.gesdisc.eosdis.nasa.gov/daac-bin/OTF/HTTP_services.cgi?FILENAME=%2Fdata%2FNLDAS%2FNLDAS_FORA0125_H.002%2F1979%2F002%2FNLDAS_FORA0125_H.A19790102.1500.002.grb&SHORTNAME=NLDAS_FORA0125_H&LABEL=NLDAS_FORA0125_H.A19790102.1500.002.grb.SUB.nc4&SERVICE=L34RS_LDAS&DATASET_VERSION=002&FORMAT=bmM0Lw&VERSION=1.02&BBOX=25%2C-125%2C53%2C-67&VARIABLES=TMP
Connecting to hydro1.gesdisc.eosdis.nasa.gov (hydro1.gesdisc.eosdis.nasa.gov)|198.118.197.99|:443... connected.
HTTP request sent, awaiting response... 