2025-03-02 01:00:09,150 - distributed.nanny - INFO -         Start Nanny at: 'tcp://10.6.8.70:32987'
2025-03-02 01:00:10,291 - distributed.worker - INFO -       Start worker at:      tcp://10.6.8.70:39859
2025-03-02 01:00:10,292 - distributed.worker - INFO -          Listening to:      tcp://10.6.8.70:39859
2025-03-02 01:00:10,292 - distributed.worker - INFO -           Worker name:             SLURMCluster-4
2025-03-02 01:00:10,292 - distributed.worker - INFO -          dashboard at:            10.6.8.70:43765
2025-03-02 01:00:10,292 - distributed.worker - INFO - Waiting to connect to:      tcp://10.6.8.66:39697
2025-03-02 01:00:10,292 - distributed.worker - INFO - -------------------------------------------------
2025-03-02 01:00:10,292 - distributed.worker - INFO -               Threads:                          1
2025-03-02 01:00:10,292 - distributed.worker - INFO -                Memory:                   2.00 GiB
2025-03-02 01:00:10,292 - distributed.worker - INFO -       Local Directory: /tmp/dask-scratch-space/worker-9592xu4u
2025-03-02 01:00:10,292 - distributed.worker - INFO - -------------------------------------------------
2025-03-02 01:00:11,030 - distributed.worker - INFO - Starting Worker plugin shuffle
2025-03-02 01:00:11,030 - distributed.worker - INFO -         Registered to:      tcp://10.6.8.66:39697
2025-03-02 01:00:11,031 - distributed.worker - INFO - -------------------------------------------------
2025-03-02 01:00:11,031 - distributed.core - INFO - Starting established connection to tcp://10.6.8.66:39697
/storage/home/cta5244/work/avila_et_al_2025_pyWBM_yield/2a_data_processing_gdd.py:159: UserWarning: Converting non-nanosecond precision datetime values to nanosecond precision. This behavior can eventually be relaxed in xarray, as it is an artifact from pandas which is now beginning to support non-nanosecond precision values. This warning is caused by passing non-nanosecond np.datetime64 or np.timedelta64 values to the DataArray or Variable constructor; it can be silenced by converting the values to nanosecond precision ahead of time.
  tmin = tmin.expand_dims(time=[date_val])
/storage/home/cta5244/work/avila_et_al_2025_pyWBM_yield/2a_data_processing_gdd.py:160: UserWarning: Converting non-nanosecond precision datetime values to nanosecond precision. This behavior can eventually be relaxed in xarray, as it is an artifact from pandas which is now beginning to support non-nanosecond precision values. This warning is caused by passing non-nanosecond np.datetime64 or np.timedelta64 values to the DataArray or Variable constructor; it can be silenced by converting the values to nanosecond precision ahead of time.
  tmax = tmax.expand_dims(time=[date_val])
/storage/home/cta5244/work/avila_et_al_2025_pyWBM_yield/2a_data_processing_gdd.py:165: UserWarning: Converting non-nanosecond precision datetime values to nanosecond precision. This behavior can eventually be relaxed in xarray, as it is an artifact from pandas which is now beginning to support non-nanosecond precision values. This warning is caused by passing non-nanosecond np.datetime64 or np.timedelta64 values to the DataArray or Variable constructor; it can be silenced by converting the values to nanosecond precision ahead of time.
  final_dataset = xr.Dataset({
/storage/home/cta5244/work/avila_et_al_2025_pyWBM_yield/2a_data_processing_gdd.py:165: UserWarning: Converting non-nanosecond precision datetime values to nanosecond precision. This behavior can eventually be relaxed in xarray, as it is an artifact from pandas which is now beginning to support non-nanosecond precision values. This warning is caused by passing non-nanosecond np.datetime64 or np.timedelta64 values to the DataArray or Variable constructor; it can be silenced by converting the values to nanosecond precision ahead of time.
  final_dataset = xr.Dataset({
/storage/home/cta5244/work/avila_et_al_2025_pyWBM_yield/2a_data_processing_gdd.py:159: UserWarning: Converting non-nanosecond precision datetime values to nanosecond precision. This behavior can eventually be relaxed in xarray, as it is an artifact from pandas which is now beginning to support non-nanosecond precision values. This warning is caused by passing non-nanosecond np.datetime64 or np.timedelta64 values to the DataArray or Variable constructor; it can be silenced by converting the values to nanosecond precision ahead of time.
  tmin = tmin.expand_dims(time=[date_val])
/storage/home/cta5244/work/avila_et_al_2025_pyWBM_yield/2a_data_processing_gdd.py:160: UserWarning: Converting non-nanosecond precision datetime values to nanosecond precision. This behavior can eventually be relaxed in xarray, as it is an artifact from pandas which is now beginning to support non-nanosecond precision values. This warning is caused by passing non-nanosecond np.datetime64 or np.timedelta64 values to the DataArray or Variable constructor; it can be silenced by converting the values to nanosecond precision ahead of time.
  tmax = tmax.expand_dims(time=[date_val])
/storage/home/cta5244/work/avila_et_al_2025_pyWBM_yield/2a_data_processing_gdd.py:165: UserWarning: Converting non-nanosecond precision datetime values to nanosecond precision. This behavior can eventually be relaxed in xarray, as it is an artifact from pandas which is now beginning to support non-nanosecond precision values. This warning is caused by passing non-nanosecond np.datetime64 or np.timedelta64 values to the DataArray or Variable constructor; it can be silenced by converting the values to nanosecond precision ahead of time.
  final_dataset = xr.Dataset({
/storage/home/cta5244/work/avila_et_al_2025_pyWBM_yield/2a_data_processing_gdd.py:165: UserWarning: Converting non-nanosecond precision datetime values to nanosecond precision. This behavior can eventually be relaxed in xarray, as it is an artifact from pandas which is now beginning to support non-nanosecond precision values. This warning is caused by passing non-nanosecond np.datetime64 or np.timedelta64 values to the DataArray or Variable constructor; it can be silenced by converting the values to nanosecond precision ahead of time.
  final_dataset = xr.Dataset({
/storage/home/cta5244/work/avila_et_al_2025_pyWBM_yield/2a_data_processing_gdd.py:159: UserWarning: Converting non-nanosecond precision datetime values to nanosecond precision. This behavior can eventually be relaxed in xarray, as it is an artifact from pandas which is now beginning to support non-nanosecond precision values. This warning is caused by passing non-nanosecond np.datetime64 or np.timedelta64 values to the DataArray or Variable constructor; it can be silenced by converting the values to nanosecond precision ahead of time.
  tmin = tmin.expand_dims(time=[date_val])
/storage/home/cta5244/work/avila_et_al_2025_pyWBM_yield/2a_data_processing_gdd.py:160: UserWarning: Converting non-nanosecond precision datetime values to nanosecond precision. This behavior can eventually be relaxed in xarray, as it is an artifact from pandas which is now beginning to support non-nanosecond precision values. This warning is caused by passing non-nanosecond np.datetime64 or np.timedelta64 values to the DataArray or Variable constructor; it can be silenced by converting the values to nanosecond precision ahead of time.
  tmax = tmax.expand_dims(time=[date_val])
/storage/home/cta5244/work/avila_et_al_2025_pyWBM_yield/2a_data_processing_gdd.py:165: UserWarning: Converting non-nanosecond precision datetime values to nanosecond precision. This behavior can eventually be relaxed in xarray, as it is an artifact from pandas which is now beginning to support non-nanosecond precision values. This warning is caused by passing non-nanosecond np.datetime64 or np.timedelta64 values to the DataArray or Variable constructor; it can be silenced by converting the values to nanosecond precision ahead of time.
  final_dataset = xr.Dataset({
/storage/home/cta5244/work/avila_et_al_2025_pyWBM_yield/2a_data_processing_gdd.py:165: UserWarning: Converting non-nanosecond precision datetime values to nanosecond precision. This behavior can eventually be relaxed in xarray, as it is an artifact from pandas which is now beginning to support non-nanosecond precision values. This warning is caused by passing non-nanosecond np.datetime64 or np.timedelta64 values to the DataArray or Variable constructor; it can be silenced by converting the values to nanosecond precision ahead of time.
  final_dataset = xr.Dataset({
/storage/home/cta5244/work/avila_et_al_2025_pyWBM_yield/2a_data_processing_gdd.py:159: UserWarning: Converting non-nanosecond precision datetime values to nanosecond precision. This behavior can eventually be relaxed in xarray, as it is an artifact from pandas which is now beginning to support non-nanosecond precision values. This warning is caused by passing non-nanosecond np.datetime64 or np.timedelta64 values to the DataArray or Variable constructor; it can be silenced by converting the values to nanosecond precision ahead of time.
  tmin = tmin.expand_dims(time=[date_val])
/storage/home/cta5244/work/avila_et_al_2025_pyWBM_yield/2a_data_processing_gdd.py:160: UserWarning: Converting non-nanosecond precision datetime values to nanosecond precision. This behavior can eventually be relaxed in xarray, as it is an artifact from pandas which is now beginning to support non-nanosecond precision values. This warning is caused by passing non-nanosecond np.datetime64 or np.timedelta64 values to the DataArray or Variable constructor; it can be silenced by converting the values to nanosecond precision ahead of time.
  tmax = tmax.expand_dims(time=[date_val])
/storage/home/cta5244/work/avila_et_al_2025_pyWBM_yield/2a_data_processing_gdd.py:165: UserWarning: Converting non-nanosecond precision datetime values to nanosecond precision. This behavior can eventually be relaxed in xarray, as it is an artifact from pandas which is now beginning to support non-nanosecond precision values. This warning is caused by passing non-nanosecond np.datetime64 or np.timedelta64 values to the DataArray or Variable constructor; it can be silenced by converting the values to nanosecond precision ahead of time.
  final_dataset = xr.Dataset({
/storage/home/cta5244/work/avila_et_al_2025_pyWBM_yield/2a_data_processing_gdd.py:165: UserWarning: Converting non-nanosecond precision datetime values to nanosecond precision. This behavior can eventually be relaxed in xarray, as it is an artifact from pandas which is now beginning to support non-nanosecond precision values. This warning is caused by passing non-nanosecond np.datetime64 or np.timedelta64 values to the DataArray or Variable constructor; it can be silenced by converting the values to nanosecond precision ahead of time.
  final_dataset = xr.Dataset({
/storage/home/cta5244/work/avila_et_al_2025_pyWBM_yield/2a_data_processing_gdd.py:159: UserWarning: Converting non-nanosecond precision datetime values to nanosecond precision. This behavior can eventually be relaxed in xarray, as it is an artifact from pandas which is now beginning to support non-nanosecond precision values. This warning is caused by passing non-nanosecond np.datetime64 or np.timedelta64 values to the DataArray or Variable constructor; it can be silenced by converting the values to nanosecond precision ahead of time.
  tmin = tmin.expand_dims(time=[date_val])
/storage/home/cta5244/work/avila_et_al_2025_pyWBM_yield/2a_data_processing_gdd.py:160: UserWarning: Converting non-nanosecond precision datetime values to nanosecond precision. This behavior can eventually be relaxed in xarray, as it is an artifact from pandas which is now beginning to support non-nanosecond precision values. This warning is caused by passing non-nanosecond np.datetime64 or np.timedelta64 values to the DataArray or Variable constructor; it can be silenced by converting the values to nanosecond precision ahead of time.
  tmax = tmax.expand_dims(time=[date_val])
/storage/home/cta5244/work/avila_et_al_2025_pyWBM_yield/2a_data_processing_gdd.py:165: UserWarning: Converting non-nanosecond precision datetime values to nanosecond precision. This behavior can eventually be relaxed in xarray, as it is an artifact from pandas which is now beginning to support non-nanosecond precision values. This warning is caused by passing non-nanosecond np.datetime64 or np.timedelta64 values to the DataArray or Variable constructor; it can be silenced by converting the values to nanosecond precision ahead of time.
  final_dataset = xr.Dataset({
/storage/home/cta5244/work/avila_et_al_2025_pyWBM_yield/2a_data_processing_gdd.py:165: UserWarning: Converting non-nanosecond precision datetime values to nanosecond precision. This behavior can eventually be relaxed in xarray, as it is an artifact from pandas which is now beginning to support non-nanosecond precision values. This warning is caused by passing non-nanosecond np.datetime64 or np.timedelta64 values to the DataArray or Variable constructor; it can be silenced by converting the values to nanosecond precision ahead of time.
  final_dataset = xr.Dataset({
/storage/home/cta5244/work/avila_et_al_2025_pyWBM_yield/2a_data_processing_gdd.py:159: UserWarning: Converting non-nanosecond precision datetime values to nanosecond precision. This behavior can eventually be relaxed in xarray, as it is an artifact from pandas which is now beginning to support non-nanosecond precision values. This warning is caused by passing non-nanosecond np.datetime64 or np.timedelta64 values to the DataArray or Variable constructor; it can be silenced by converting the values to nanosecond precision ahead of time.
  tmin = tmin.expand_dims(time=[date_val])
/storage/home/cta5244/work/avila_et_al_2025_pyWBM_yield/2a_data_processing_gdd.py:160: UserWarning: Converting non-nanosecond precision datetime values to nanosecond precision. This behavior can eventually be relaxed in xarray, as it is an artifact from pandas which is now beginning to support non-nanosecond precision values. This warning is caused by passing non-nanosecond np.datetime64 or np.timedelta64 values to the DataArray or Variable constructor; it can be silenced by converting the values to nanosecond precision ahead of time.
  tmax = tmax.expand_dims(time=[date_val])
/storage/home/cta5244/work/avila_et_al_2025_pyWBM_yield/2a_data_processing_gdd.py:165: UserWarning: Converting non-nanosecond precision datetime values to nanosecond precision. This behavior can eventually be relaxed in xarray, as it is an artifact from pandas which is now beginning to support non-nanosecond precision values. This warning is caused by passing non-nanosecond np.datetime64 or np.timedelta64 values to the DataArray or Variable constructor; it can be silenced by converting the values to nanosecond precision ahead of time.
  final_dataset = xr.Dataset({
/storage/home/cta5244/work/avila_et_al_2025_pyWBM_yield/2a_data_processing_gdd.py:165: UserWarning: Converting non-nanosecond precision datetime values to nanosecond precision. This behavior can eventually be relaxed in xarray, as it is an artifact from pandas which is now beginning to support non-nanosecond precision values. This warning is caused by passing non-nanosecond np.datetime64 or np.timedelta64 values to the DataArray or Variable constructor; it can be silenced by converting the values to nanosecond precision ahead of time.
  final_dataset = xr.Dataset({
/storage/home/cta5244/work/avila_et_al_2025_pyWBM_yield/2a_data_processing_gdd.py:159: UserWarning: Converting non-nanosecond precision datetime values to nanosecond precision. This behavior can eventually be relaxed in xarray, as it is an artifact from pandas which is now beginning to support non-nanosecond precision values. This warning is caused by passing non-nanosecond np.datetime64 or np.timedelta64 values to the DataArray or Variable constructor; it can be silenced by converting the values to nanosecond precision ahead of time.
  tmin = tmin.expand_dims(time=[date_val])
/storage/home/cta5244/work/avila_et_al_2025_pyWBM_yield/2a_data_processing_gdd.py:160: UserWarning: Converting non-nanosecond precision datetime values to nanosecond precision. This behavior can eventually be relaxed in xarray, as it is an artifact from pandas which is now beginning to support non-nanosecond precision values. This warning is caused by passing non-nanosecond np.datetime64 or np.timedelta64 values to the DataArray or Variable constructor; it can be silenced by converting the values to nanosecond precision ahead of time.
  tmax = tmax.expand_dims(time=[date_val])
/storage/home/cta5244/work/avila_et_al_2025_pyWBM_yield/2a_data_processing_gdd.py:165: UserWarning: Converting non-nanosecond precision datetime values to nanosecond precision. This behavior can eventually be relaxed in xarray, as it is an artifact from pandas which is now beginning to support non-nanosecond precision values. This warning is caused by passing non-nanosecond np.datetime64 or np.timedelta64 values to the DataArray or Variable constructor; it can be silenced by converting the values to nanosecond precision ahead of time.
  final_dataset = xr.Dataset({
/storage/home/cta5244/work/avila_et_al_2025_pyWBM_yield/2a_data_processing_gdd.py:165: UserWarning: Converting non-nanosecond precision datetime values to nanosecond precision. This behavior can eventually be relaxed in xarray, as it is an artifact from pandas which is now beginning to support non-nanosecond precision values. This warning is caused by passing non-nanosecond np.datetime64 or np.timedelta64 values to the DataArray or Variable constructor; it can be silenced by converting the values to nanosecond precision ahead of time.
  final_dataset = xr.Dataset({
/storage/home/cta5244/work/avila_et_al_2025_pyWBM_yield/2a_data_processing_gdd.py:159: UserWarning: Converting non-nanosecond precision datetime values to nanosecond precision. This behavior can eventually be relaxed in xarray, as it is an artifact from pandas which is now beginning to support non-nanosecond precision values. This warning is caused by passing non-nanosecond np.datetime64 or np.timedelta64 values to the DataArray or Variable constructor; it can be silenced by converting the values to nanosecond precision ahead of time.
  tmin = tmin.expand_dims(time=[date_val])
/storage/home/cta5244/work/avila_et_al_2025_pyWBM_yield/2a_data_processing_gdd.py:160: UserWarning: Converting non-nanosecond precision datetime values to nanosecond precision. This behavior can eventually be relaxed in xarray, as it is an artifact from pandas which is now beginning to support non-nanosecond precision values. This warning is caused by passing non-nanosecond np.datetime64 or np.timedelta64 values to the DataArray or Variable constructor; it can be silenced by converting the values to nanosecond precision ahead of time.
  tmax = tmax.expand_dims(time=[date_val])
/storage/home/cta5244/work/avila_et_al_2025_pyWBM_yield/2a_data_processing_gdd.py:165: UserWarning: Converting non-nanosecond precision datetime values to nanosecond precision. This behavior can eventually be relaxed in xarray, as it is an artifact from pandas which is now beginning to support non-nanosecond precision values. This warning is caused by passing non-nanosecond np.datetime64 or np.timedelta64 values to the DataArray or Variable constructor; it can be silenced by converting the values to nanosecond precision ahead of time.
  final_dataset = xr.Dataset({
/storage/home/cta5244/work/avila_et_al_2025_pyWBM_yield/2a_data_processing_gdd.py:165: UserWarning: Converting non-nanosecond precision datetime values to nanosecond precision. This behavior can eventually be relaxed in xarray, as it is an artifact from pandas which is now beginning to support non-nanosecond precision values. This warning is caused by passing non-nanosecond np.datetime64 or np.timedelta64 values to the DataArray or Variable constructor; it can be silenced by converting the values to nanosecond precision ahead of time.
  final_dataset = xr.Dataset({
/storage/home/cta5244/work/avila_et_al_2025_pyWBM_yield/2a_data_processing_gdd.py:159: UserWarning: Converting non-nanosecond precision datetime values to nanosecond precision. This behavior can eventually be relaxed in xarray, as it is an artifact from pandas which is now beginning to support non-nanosecond precision values. This warning is caused by passing non-nanosecond np.datetime64 or np.timedelta64 values to the DataArray or Variable constructor; it can be silenced by converting the values to nanosecond precision ahead of time.
  tmin = tmin.expand_dims(time=[date_val])
/storage/home/cta5244/work/avila_et_al_2025_pyWBM_yield/2a_data_processing_gdd.py:160: UserWarning: Converting non-nanosecond precision datetime values to nanosecond precision. This behavior can eventually be relaxed in xarray, as it is an artifact from pandas which is now beginning to support non-nanosecond precision values. This warning is caused by passing non-nanosecond np.datetime64 or np.timedelta64 values to the DataArray or Variable constructor; it can be silenced by converting the values to nanosecond precision ahead of time.
  tmax = tmax.expand_dims(time=[date_val])
/storage/home/cta5244/work/avila_et_al_2025_pyWBM_yield/2a_data_processing_gdd.py:165: UserWarning: Converting non-nanosecond precision datetime values to nanosecond precision. This behavior can eventually be relaxed in xarray, as it is an artifact from pandas which is now beginning to support non-nanosecond precision values. This warning is caused by passing non-nanosecond np.datetime64 or np.timedelta64 values to the DataArray or Variable constructor; it can be silenced by converting the values to nanosecond precision ahead of time.
  final_dataset = xr.Dataset({
/storage/home/cta5244/work/avila_et_al_2025_pyWBM_yield/2a_data_processing_gdd.py:165: UserWarning: Converting non-nanosecond precision datetime values to nanosecond precision. This behavior can eventually be relaxed in xarray, as it is an artifact from pandas which is now beginning to support non-nanosecond precision values. This warning is caused by passing non-nanosecond np.datetime64 or np.timedelta64 values to the DataArray or Variable constructor; it can be silenced by converting the values to nanosecond precision ahead of time.
  final_dataset = xr.Dataset({
/storage/home/cta5244/work/avila_et_al_2025_pyWBM_yield/2a_data_processing_gdd.py:159: UserWarning: Converting non-nanosecond precision datetime values to nanosecond precision. This behavior can eventually be relaxed in xarray, as it is an artifact from pandas which is now beginning to support non-nanosecond precision values. This warning is caused by passing non-nanosecond np.datetime64 or np.timedelta64 values to the DataArray or Variable constructor; it can be silenced by converting the values to nanosecond precision ahead of time.
  tmin = tmin.expand_dims(time=[date_val])
/storage/home/cta5244/work/avila_et_al_2025_pyWBM_yield/2a_data_processing_gdd.py:160: UserWarning: Converting non-nanosecond precision datetime values to nanosecond precision. This behavior can eventually be relaxed in xarray, as it is an artifact from pandas which is now beginning to support non-nanosecond precision values. This warning is caused by passing non-nanosecond np.datetime64 or np.timedelta64 values to the DataArray or Variable constructor; it can be silenced by converting the values to nanosecond precision ahead of time.
  tmax = tmax.expand_dims(time=[date_val])
/storage/home/cta5244/work/avila_et_al_2025_pyWBM_yield/2a_data_processing_gdd.py:165: UserWarning: Converting non-nanosecond precision datetime values to nanosecond precision. This behavior can eventually be relaxed in xarray, as it is an artifact from pandas which is now beginning to support non-nanosecond precision values. This warning is caused by passing non-nanosecond np.datetime64 or np.timedelta64 values to the DataArray or Variable constructor; it can be silenced by converting the values to nanosecond precision ahead of time.
  final_dataset = xr.Dataset({
/storage/home/cta5244/work/avila_et_al_2025_pyWBM_yield/2a_data_processing_gdd.py:165: UserWarning: Converting non-nanosecond precision datetime values to nanosecond precision. This behavior can eventually be relaxed in xarray, as it is an artifact from pandas which is now beginning to support non-nanosecond precision values. This warning is caused by passing non-nanosecond np.datetime64 or np.timedelta64 values to the DataArray or Variable constructor; it can be silenced by converting the values to nanosecond precision ahead of time.
  final_dataset = xr.Dataset({
/storage/home/cta5244/work/avila_et_al_2025_pyWBM_yield/2a_data_processing_gdd.py:159: UserWarning: Converting non-nanosecond precision datetime values to nanosecond precision. This behavior can eventually be relaxed in xarray, as it is an artifact from pandas which is now beginning to support non-nanosecond precision values. This warning is caused by passing non-nanosecond np.datetime64 or np.timedelta64 values to the DataArray or Variable constructor; it can be silenced by converting the values to nanosecond precision ahead of time.
  tmin = tmin.expand_dims(time=[date_val])
/storage/home/cta5244/work/avila_et_al_2025_pyWBM_yield/2a_data_processing_gdd.py:160: UserWarning: Converting non-nanosecond precision datetime values to nanosecond precision. This behavior can eventually be relaxed in xarray, as it is an artifact from pandas which is now beginning to support non-nanosecond precision values. This warning is caused by passing non-nanosecond np.datetime64 or np.timedelta64 values to the DataArray or Variable constructor; it can be silenced by converting the values to nanosecond precision ahead of time.
  tmax = tmax.expand_dims(time=[date_val])
/storage/home/cta5244/work/avila_et_al_2025_pyWBM_yield/2a_data_processing_gdd.py:165: UserWarning: Converting non-nanosecond precision datetime values to nanosecond precision. This behavior can eventually be relaxed in xarray, as it is an artifact from pandas which is now beginning to support non-nanosecond precision values. This warning is caused by passing non-nanosecond np.datetime64 or np.timedelta64 values to the DataArray or Variable constructor; it can be silenced by converting the values to nanosecond precision ahead of time.
  final_dataset = xr.Dataset({
/storage/home/cta5244/work/avila_et_al_2025_pyWBM_yield/2a_data_processing_gdd.py:165: UserWarning: Converting non-nanosecond precision datetime values to nanosecond precision. This behavior can eventually be relaxed in xarray, as it is an artifact from pandas which is now beginning to support non-nanosecond precision values. This warning is caused by passing non-nanosecond np.datetime64 or np.timedelta64 values to the DataArray or Variable constructor; it can be silenced by converting the values to nanosecond precision ahead of time.
  final_dataset = xr.Dataset({
/storage/home/cta5244/work/avila_et_al_2025_pyWBM_yield/2a_data_processing_gdd.py:159: UserWarning: Converting non-nanosecond precision datetime values to nanosecond precision. This behavior can eventually be relaxed in xarray, as it is an artifact from pandas which is now beginning to support non-nanosecond precision values. This warning is caused by passing non-nanosecond np.datetime64 or np.timedelta64 values to the DataArray or Variable constructor; it can be silenced by converting the values to nanosecond precision ahead of time.
  tmin = tmin.expand_dims(time=[date_val])
/storage/home/cta5244/work/avila_et_al_2025_pyWBM_yield/2a_data_processing_gdd.py:160: UserWarning: Converting non-nanosecond precision datetime values to nanosecond precision. This behavior can eventually be relaxed in xarray, as it is an artifact from pandas which is now beginning to support non-nanosecond precision values. This warning is caused by passing non-nanosecond np.datetime64 or np.timedelta64 values to the DataArray or Variable constructor; it can be silenced by converting the values to nanosecond precision ahead of time.
  tmax = tmax.expand_dims(time=[date_val])
/storage/home/cta5244/work/avila_et_al_2025_pyWBM_yield/2a_data_processing_gdd.py:165: UserWarning: Converting non-nanosecond precision datetime values to nanosecond precision. This behavior can eventually be relaxed in xarray, as it is an artifact from pandas which is now beginning to support non-nanosecond precision values. This warning is caused by passing non-nanosecond np.datetime64 or np.timedelta64 values to the DataArray or Variable constructor; it can be silenced by converting the values to nanosecond precision ahead of time.
  final_dataset = xr.Dataset({
/storage/home/cta5244/work/avila_et_al_2025_pyWBM_yield/2a_data_processing_gdd.py:165: UserWarning: Converting non-nanosecond precision datetime values to nanosecond precision. This behavior can eventually be relaxed in xarray, as it is an artifact from pandas which is now beginning to support non-nanosecond precision values. This warning is caused by passing non-nanosecond np.datetime64 or np.timedelta64 values to the DataArray or Variable constructor; it can be silenced by converting the values to nanosecond precision ahead of time.
  final_dataset = xr.Dataset({
/storage/home/cta5244/work/avila_et_al_2025_pyWBM_yield/2a_data_processing_gdd.py:159: UserWarning: Converting non-nanosecond precision datetime values to nanosecond precision. This behavior can eventually be relaxed in xarray, as it is an artifact from pandas which is now beginning to support non-nanosecond precision values. This warning is caused by passing non-nanosecond np.datetime64 or np.timedelta64 values to the DataArray or Variable constructor; it can be silenced by converting the values to nanosecond precision ahead of time.
  tmin = tmin.expand_dims(time=[date_val])
/storage/home/cta5244/work/avila_et_al_2025_pyWBM_yield/2a_data_processing_gdd.py:160: UserWarning: Converting non-nanosecond precision datetime values to nanosecond precision. This behavior can eventually be relaxed in xarray, as it is an artifact from pandas which is now beginning to support non-nanosecond precision values. This warning is caused by passing non-nanosecond np.datetime64 or np.timedelta64 values to the DataArray or Variable constructor; it can be silenced by converting the values to nanosecond precision ahead of time.
  tmax = tmax.expand_dims(time=[date_val])
/storage/home/cta5244/work/avila_et_al_2025_pyWBM_yield/2a_data_processing_gdd.py:165: UserWarning: Converting non-nanosecond precision datetime values to nanosecond precision. This behavior can eventually be relaxed in xarray, as it is an artifact from pandas which is now beginning to support non-nanosecond precision values. This warning is caused by passing non-nanosecond np.datetime64 or np.timedelta64 values to the DataArray or Variable constructor; it can be silenced by converting the values to nanosecond precision ahead of time.
  final_dataset = xr.Dataset({
/storage/home/cta5244/work/avila_et_al_2025_pyWBM_yield/2a_data_processing_gdd.py:165: UserWarning: Converting non-nanosecond precision datetime values to nanosecond precision. This behavior can eventually be relaxed in xarray, as it is an artifact from pandas which is now beginning to support non-nanosecond precision values. This warning is caused by passing non-nanosecond np.datetime64 or np.timedelta64 values to the DataArray or Variable constructor; it can be silenced by converting the values to nanosecond precision ahead of time.
  final_dataset = xr.Dataset({
/storage/home/cta5244/work/avila_et_al_2025_pyWBM_yield/2a_data_processing_gdd.py:159: UserWarning: Converting non-nanosecond precision datetime values to nanosecond precision. This behavior can eventually be relaxed in xarray, as it is an artifact from pandas which is now beginning to support non-nanosecond precision values. This warning is caused by passing non-nanosecond np.datetime64 or np.timedelta64 values to the DataArray or Variable constructor; it can be silenced by converting the values to nanosecond precision ahead of time.
  tmin = tmin.expand_dims(time=[date_val])
/storage/home/cta5244/work/avila_et_al_2025_pyWBM_yield/2a_data_processing_gdd.py:160: UserWarning: Converting non-nanosecond precision datetime values to nanosecond precision. This behavior can eventually be relaxed in xarray, as it is an artifact from pandas which is now beginning to support non-nanosecond precision values. This warning is caused by passing non-nanosecond np.datetime64 or np.timedelta64 values to the DataArray or Variable constructor; it can be silenced by converting the values to nanosecond precision ahead of time.
  tmax = tmax.expand_dims(time=[date_val])
/storage/home/cta5244/work/avila_et_al_2025_pyWBM_yield/2a_data_processing_gdd.py:165: UserWarning: Converting non-nanosecond precision datetime values to nanosecond precision. This behavior can eventually be relaxed in xarray, as it is an artifact from pandas which is now beginning to support non-nanosecond precision values. This warning is caused by passing non-nanosecond np.datetime64 or np.timedelta64 values to the DataArray or Variable constructor; it can be silenced by converting the values to nanosecond precision ahead of time.
  final_dataset = xr.Dataset({
/storage/home/cta5244/work/avila_et_al_2025_pyWBM_yield/2a_data_processing_gdd.py:165: UserWarning: Converting non-nanosecond precision datetime values to nanosecond precision. This behavior can eventually be relaxed in xarray, as it is an artifact from pandas which is now beginning to support non-nanosecond precision values. This warning is caused by passing non-nanosecond np.datetime64 or np.timedelta64 values to the DataArray or Variable constructor; it can be silenced by converting the values to nanosecond precision ahead of time.
  final_dataset = xr.Dataset({
/storage/home/cta5244/work/avila_et_al_2025_pyWBM_yield/2a_data_processing_gdd.py:159: UserWarning: Converting non-nanosecond precision datetime values to nanosecond precision. This behavior can eventually be relaxed in xarray, as it is an artifact from pandas which is now beginning to support non-nanosecond precision values. This warning is caused by passing non-nanosecond np.datetime64 or np.timedelta64 values to the DataArray or Variable constructor; it can be silenced by converting the values to nanosecond precision ahead of time.
  tmin = tmin.expand_dims(time=[date_val])
/storage/home/cta5244/work/avila_et_al_2025_pyWBM_yield/2a_data_processing_gdd.py:160: UserWarning: Converting non-nanosecond precision datetime values to nanosecond precision. This behavior can eventually be relaxed in xarray, as it is an artifact from pandas which is now beginning to support non-nanosecond precision values. This warning is caused by passing non-nanosecond np.datetime64 or np.timedelta64 values to the DataArray or Variable constructor; it can be silenced by converting the values to nanosecond precision ahead of time.
  tmax = tmax.expand_dims(time=[date_val])
/storage/home/cta5244/work/avila_et_al_2025_pyWBM_yield/2a_data_processing_gdd.py:165: UserWarning: Converting non-nanosecond precision datetime values to nanosecond precision. This behavior can eventually be relaxed in xarray, as it is an artifact from pandas which is now beginning to support non-nanosecond precision values. This warning is caused by passing non-nanosecond np.datetime64 or np.timedelta64 values to the DataArray or Variable constructor; it can be silenced by converting the values to nanosecond precision ahead of time.
  final_dataset = xr.Dataset({
/storage/home/cta5244/work/avila_et_al_2025_pyWBM_yield/2a_data_processing_gdd.py:165: UserWarning: Converting non-nanosecond precision datetime values to nanosecond precision. This behavior can eventually be relaxed in xarray, as it is an artifact from pandas which is now beginning to support non-nanosecond precision values. This warning is caused by passing non-nanosecond np.datetime64 or np.timedelta64 values to the DataArray or Variable constructor; it can be silenced by converting the values to nanosecond precision ahead of time.
  final_dataset = xr.Dataset({
/storage/home/cta5244/work/avila_et_al_2025_pyWBM_yield/2a_data_processing_gdd.py:159: UserWarning: Converting non-nanosecond precision datetime values to nanosecond precision. This behavior can eventually be relaxed in xarray, as it is an artifact from pandas which is now beginning to support non-nanosecond precision values. This warning is caused by passing non-nanosecond np.datetime64 or np.timedelta64 values to the DataArray or Variable constructor; it can be silenced by converting the values to nanosecond precision ahead of time.
  tmin = tmin.expand_dims(time=[date_val])
/storage/home/cta5244/work/avila_et_al_2025_pyWBM_yield/2a_data_processing_gdd.py:160: UserWarning: Converting non-nanosecond precision datetime values to nanosecond precision. This behavior can eventually be relaxed in xarray, as it is an artifact from pandas which is now beginning to support non-nanosecond precision values. This warning is caused by passing non-nanosecond np.datetime64 or np.timedelta64 values to the DataArray or Variable constructor; it can be silenced by converting the values to nanosecond precision ahead of time.
  tmax = tmax.expand_dims(time=[date_val])
/storage/home/cta5244/work/avila_et_al_2025_pyWBM_yield/2a_data_processing_gdd.py:165: UserWarning: Converting non-nanosecond precision datetime values to nanosecond precision. This behavior can eventually be relaxed in xarray, as it is an artifact from pandas which is now beginning to support non-nanosecond precision values. This warning is caused by passing non-nanosecond np.datetime64 or np.timedelta64 values to the DataArray or Variable constructor; it can be silenced by converting the values to nanosecond precision ahead of time.
  final_dataset = xr.Dataset({
/storage/home/cta5244/work/avila_et_al_2025_pyWBM_yield/2a_data_processing_gdd.py:165: UserWarning: Converting non-nanosecond precision datetime values to nanosecond precision. This behavior can eventually be relaxed in xarray, as it is an artifact from pandas which is now beginning to support non-nanosecond precision values. This warning is caused by passing non-nanosecond np.datetime64 or np.timedelta64 values to the DataArray or Variable constructor; it can be silenced by converting the values to nanosecond precision ahead of time.
  final_dataset = xr.Dataset({
/storage/home/cta5244/work/avila_et_al_2025_pyWBM_yield/2a_data_processing_gdd.py:159: UserWarning: Converting non-nanosecond precision datetime values to nanosecond precision. This behavior can eventually be relaxed in xarray, as it is an artifact from pandas which is now beginning to support non-nanosecond precision values. This warning is caused by passing non-nanosecond np.datetime64 or np.timedelta64 values to the DataArray or Variable constructor; it can be silenced by converting the values to nanosecond precision ahead of time.
  tmin = tmin.expand_dims(time=[date_val])
/storage/home/cta5244/work/avila_et_al_2025_pyWBM_yield/2a_data_processing_gdd.py:160: UserWarning: Converting non-nanosecond precision datetime values to nanosecond precision. This behavior can eventually be relaxed in xarray, as it is an artifact from pandas which is now beginning to support non-nanosecond precision values. This warning is caused by passing non-nanosecond np.datetime64 or np.timedelta64 values to the DataArray or Variable constructor; it can be silenced by converting the values to nanosecond precision ahead of time.
  tmax = tmax.expand_dims(time=[date_val])
/storage/home/cta5244/work/avila_et_al_2025_pyWBM_yield/2a_data_processing_gdd.py:165: UserWarning: Converting non-nanosecond precision datetime values to nanosecond precision. This behavior can eventually be relaxed in xarray, as it is an artifact from pandas which is now beginning to support non-nanosecond precision values. This warning is caused by passing non-nanosecond np.datetime64 or np.timedelta64 values to the DataArray or Variable constructor; it can be silenced by converting the values to nanosecond precision ahead of time.
  final_dataset = xr.Dataset({
/storage/home/cta5244/work/avila_et_al_2025_pyWBM_yield/2a_data_processing_gdd.py:165: UserWarning: Converting non-nanosecond precision datetime values to nanosecond precision. This behavior can eventually be relaxed in xarray, as it is an artifact from pandas which is now beginning to support non-nanosecond precision values. This warning is caused by passing non-nanosecond np.datetime64 or np.timedelta64 values to the DataArray or Variable constructor; it can be silenced by converting the values to nanosecond precision ahead of time.
  final_dataset = xr.Dataset({
/storage/home/cta5244/work/avila_et_al_2025_pyWBM_yield/2a_data_processing_gdd.py:159: UserWarning: Converting non-nanosecond precision datetime values to nanosecond precision. This behavior can eventually be relaxed in xarray, as it is an artifact from pandas which is now beginning to support non-nanosecond precision values. This warning is caused by passing non-nanosecond np.datetime64 or np.timedelta64 values to the DataArray or Variable constructor; it can be silenced by converting the values to nanosecond precision ahead of time.
  tmin = tmin.expand_dims(time=[date_val])
/storage/home/cta5244/work/avila_et_al_2025_pyWBM_yield/2a_data_processing_gdd.py:160: UserWarning: Converting non-nanosecond precision datetime values to nanosecond precision. This behavior can eventually be relaxed in xarray, as it is an artifact from pandas which is now beginning to support non-nanosecond precision values. This warning is caused by passing non-nanosecond np.datetime64 or np.timedelta64 values to the DataArray or Variable constructor; it can be silenced by converting the values to nanosecond precision ahead of time.
  tmax = tmax.expand_dims(time=[date_val])
/storage/home/cta5244/work/avila_et_al_2025_pyWBM_yield/2a_data_processing_gdd.py:165: UserWarning: Converting non-nanosecond precision datetime values to nanosecond precision. This behavior can eventually be relaxed in xarray, as it is an artifact from pandas which is now beginning to support non-nanosecond precision values. This warning is caused by passing non-nanosecond np.datetime64 or np.timedelta64 values to the DataArray or Variable constructor; it can be silenced by converting the values to nanosecond precision ahead of time.
  final_dataset = xr.Dataset({
/storage/home/cta5244/work/avila_et_al_2025_pyWBM_yield/2a_data_processing_gdd.py:165: UserWarning: Converting non-nanosecond precision datetime values to nanosecond precision. This behavior can eventually be relaxed in xarray, as it is an artifact from pandas which is now beginning to support non-nanosecond precision values. This warning is caused by passing non-nanosecond np.datetime64 or np.timedelta64 values to the DataArray or Variable constructor; it can be silenced by converting the values to nanosecond precision ahead of time.
  final_dataset = xr.Dataset({
2025-03-02 01:02:26,455 - distributed.worker - ERROR - Compute Failed
Key:       singleYearUrl-efb56b8f-008f-4ce2-acb0-356d93a8b1c0
State:     executing
Task:  <Task 'singleYearUrl-efb56b8f-008f-4ce2-acb0-356d93a8b1c0' apply(...)>
Exception: "ConnectionError(ProtocolError('Connection aborted.', ConnectionResetError(104, 'Connection reset by peer')))"
Traceback: '  File "/storage/home/cta5244/mambaforge/envs/pyWBM/lib/python3.10/site-packages/dask/utils.py", line 77, in apply\n    return func(*args, **kwargs)\n  File "/storage/home/cta5244/work/avila_et_al_2025_pyWBM_yield/2a_data_processing_gdd.py", line 71, in singleYearUrl\n    downloadData(url, f"{tmp_downloads_dir}/NLDAS_FORA0125_H.A{yyyymmdd}.{hour_str}.nc")\n  File "/storage/home/cta5244/work/avila_et_al_2025_pyWBM_yield/2a_data_processing_gdd.py", line 22, in downloadData\n    response = session.get(url, auth=(username, password), stream=True)\n  File "/storage/home/cta5244/mambaforge/envs/pyWBM/lib/python3.10/site-packages/requests/sessions.py", line 602, in get\n    return self.request("GET", url, **kwargs)\n  File "/storage/home/cta5244/mambaforge/envs/pyWBM/lib/python3.10/site-packages/requests/sessions.py", line 589, in request\n    resp = self.send(prep, **send_kwargs)\n  File "/storage/home/cta5244/mambaforge/envs/pyWBM/lib/python3.10/site-packages/requests/sessions.py", line 703, in send\n    r = adapter.send(request, **kwargs)\n  File "/storage/home/cta5244/mambaforge/envs/pyWBM/lib/python3.10/site-packages/requests/adapters.py", line 682, in send\n    raise ConnectionError(err, request=request)\n'

slurmstepd: error: *** JOB 33943010 ON p-bc-5060 CANCELLED AT 2025-03-02T01:02:27 ***
