2025-03-02 01:00:09,953 - distributed.nanny - INFO -         Start Nanny at: 'tcp://10.6.8.67:35075'
2025-03-02 01:00:10,928 - distributed.worker - INFO -       Start worker at:      tcp://10.6.8.67:35399
2025-03-02 01:00:10,928 - distributed.worker - INFO -          Listening to:      tcp://10.6.8.67:35399
2025-03-02 01:00:10,928 - distributed.worker - INFO -           Worker name:            SLURMCluster-49
2025-03-02 01:00:10,929 - distributed.worker - INFO -          dashboard at:            10.6.8.67:36009
2025-03-02 01:00:10,929 - distributed.worker - INFO - Waiting to connect to:      tcp://10.6.8.66:39697
2025-03-02 01:00:10,929 - distributed.worker - INFO - -------------------------------------------------
2025-03-02 01:00:10,929 - distributed.worker - INFO -               Threads:                          1
2025-03-02 01:00:10,929 - distributed.worker - INFO -                Memory:                   2.00 GiB
2025-03-02 01:00:10,929 - distributed.worker - INFO -       Local Directory: /tmp/dask-scratch-space/worker-9e4h7_44
2025-03-02 01:00:10,929 - distributed.worker - INFO - -------------------------------------------------
2025-03-02 01:00:11,996 - distributed.worker - INFO - Starting Worker plugin shuffle
2025-03-02 01:00:11,997 - distributed.worker - INFO -         Registered to:      tcp://10.6.8.66:39697
2025-03-02 01:00:11,997 - distributed.worker - INFO - -------------------------------------------------
2025-03-02 01:00:11,998 - distributed.core - INFO - Starting established connection to tcp://10.6.8.66:39697
/storage/home/cta5244/work/avila_et_al_2025_pyWBM_yield/2a_data_processing_gdd.py:159: UserWarning: Converting non-nanosecond precision datetime values to nanosecond precision. This behavior can eventually be relaxed in xarray, as it is an artifact from pandas which is now beginning to support non-nanosecond precision values. This warning is caused by passing non-nanosecond np.datetime64 or np.timedelta64 values to the DataArray or Variable constructor; it can be silenced by converting the values to nanosecond precision ahead of time.
  tmin = tmin.expand_dims(time=[date_val])
/storage/home/cta5244/work/avila_et_al_2025_pyWBM_yield/2a_data_processing_gdd.py:160: UserWarning: Converting non-nanosecond precision datetime values to nanosecond precision. This behavior can eventually be relaxed in xarray, as it is an artifact from pandas which is now beginning to support non-nanosecond precision values. This warning is caused by passing non-nanosecond np.datetime64 or np.timedelta64 values to the DataArray or Variable constructor; it can be silenced by converting the values to nanosecond precision ahead of time.
  tmax = tmax.expand_dims(time=[date_val])
/storage/home/cta5244/work/avila_et_al_2025_pyWBM_yield/2a_data_processing_gdd.py:165: UserWarning: Converting non-nanosecond precision datetime values to nanosecond precision. This behavior can eventually be relaxed in xarray, as it is an artifact from pandas which is now beginning to support non-nanosecond precision values. This warning is caused by passing non-nanosecond np.datetime64 or np.timedelta64 values to the DataArray or Variable constructor; it can be silenced by converting the values to nanosecond precision ahead of time.
  final_dataset = xr.Dataset({
/storage/home/cta5244/work/avila_et_al_2025_pyWBM_yield/2a_data_processing_gdd.py:165: UserWarning: Converting non-nanosecond precision datetime values to nanosecond precision. This behavior can eventually be relaxed in xarray, as it is an artifact from pandas which is now beginning to support non-nanosecond precision values. This warning is caused by passing non-nanosecond np.datetime64 or np.timedelta64 values to the DataArray or Variable constructor; it can be silenced by converting the values to nanosecond precision ahead of time.
  final_dataset = xr.Dataset({
/storage/home/cta5244/work/avila_et_al_2025_pyWBM_yield/2a_data_processing_gdd.py:159: UserWarning: Converting non-nanosecond precision datetime values to nanosecond precision. This behavior can eventually be relaxed in xarray, as it is an artifact from pandas which is now beginning to support non-nanosecond precision values. This warning is caused by passing non-nanosecond np.datetime64 or np.timedelta64 values to the DataArray or Variable constructor; it can be silenced by converting the values to nanosecond precision ahead of time.
  tmin = tmin.expand_dims(time=[date_val])
/storage/home/cta5244/work/avila_et_al_2025_pyWBM_yield/2a_data_processing_gdd.py:160: UserWarning: Converting non-nanosecond precision datetime values to nanosecond precision. This behavior can eventually be relaxed in xarray, as it is an artifact from pandas which is now beginning to support non-nanosecond precision values. This warning is caused by passing non-nanosecond np.datetime64 or np.timedelta64 values to the DataArray or Variable constructor; it can be silenced by converting the values to nanosecond precision ahead of time.
  tmax = tmax.expand_dims(time=[date_val])
/storage/home/cta5244/work/avila_et_al_2025_pyWBM_yield/2a_data_processing_gdd.py:165: UserWarning: Converting non-nanosecond precision datetime values to nanosecond precision. This behavior can eventually be relaxed in xarray, as it is an artifact from pandas which is now beginning to support non-nanosecond precision values. This warning is caused by passing non-nanosecond np.datetime64 or np.timedelta64 values to the DataArray or Variable constructor; it can be silenced by converting the values to nanosecond precision ahead of time.
  final_dataset = xr.Dataset({
/storage/home/cta5244/work/avila_et_al_2025_pyWBM_yield/2a_data_processing_gdd.py:165: UserWarning: Converting non-nanosecond precision datetime values to nanosecond precision. This behavior can eventually be relaxed in xarray, as it is an artifact from pandas which is now beginning to support non-nanosecond precision values. This warning is caused by passing non-nanosecond np.datetime64 or np.timedelta64 values to the DataArray or Variable constructor; it can be silenced by converting the values to nanosecond precision ahead of time.
  final_dataset = xr.Dataset({
/storage/home/cta5244/work/avila_et_al_2025_pyWBM_yield/2a_data_processing_gdd.py:159: UserWarning: Converting non-nanosecond precision datetime values to nanosecond precision. This behavior can eventually be relaxed in xarray, as it is an artifact from pandas which is now beginning to support non-nanosecond precision values. This warning is caused by passing non-nanosecond np.datetime64 or np.timedelta64 values to the DataArray or Variable constructor; it can be silenced by converting the values to nanosecond precision ahead of time.
  tmin = tmin.expand_dims(time=[date_val])
/storage/home/cta5244/work/avila_et_al_2025_pyWBM_yield/2a_data_processing_gdd.py:160: UserWarning: Converting non-nanosecond precision datetime values to nanosecond precision. This behavior can eventually be relaxed in xarray, as it is an artifact from pandas which is now beginning to support non-nanosecond precision values. This warning is caused by passing non-nanosecond np.datetime64 or np.timedelta64 values to the DataArray or Variable constructor; it can be silenced by converting the values to nanosecond precision ahead of time.
  tmax = tmax.expand_dims(time=[date_val])
/storage/home/cta5244/work/avila_et_al_2025_pyWBM_yield/2a_data_processing_gdd.py:165: UserWarning: Converting non-nanosecond precision datetime values to nanosecond precision. This behavior can eventually be relaxed in xarray, as it is an artifact from pandas which is now beginning to support non-nanosecond precision values. This warning is caused by passing non-nanosecond np.datetime64 or np.timedelta64 values to the DataArray or Variable constructor; it can be silenced by converting the values to nanosecond precision ahead of time.
  final_dataset = xr.Dataset({
/storage/home/cta5244/work/avila_et_al_2025_pyWBM_yield/2a_data_processing_gdd.py:165: UserWarning: Converting non-nanosecond precision datetime values to nanosecond precision. This behavior can eventually be relaxed in xarray, as it is an artifact from pandas which is now beginning to support non-nanosecond precision values. This warning is caused by passing non-nanosecond np.datetime64 or np.timedelta64 values to the DataArray or Variable constructor; it can be silenced by converting the values to nanosecond precision ahead of time.
  final_dataset = xr.Dataset({
/storage/home/cta5244/work/avila_et_al_2025_pyWBM_yield/2a_data_processing_gdd.py:159: UserWarning: Converting non-nanosecond precision datetime values to nanosecond precision. This behavior can eventually be relaxed in xarray, as it is an artifact from pandas which is now beginning to support non-nanosecond precision values. This warning is caused by passing non-nanosecond np.datetime64 or np.timedelta64 values to the DataArray or Variable constructor; it can be silenced by converting the values to nanosecond precision ahead of time.
  tmin = tmin.expand_dims(time=[date_val])
/storage/home/cta5244/work/avila_et_al_2025_pyWBM_yield/2a_data_processing_gdd.py:160: UserWarning: Converting non-nanosecond precision datetime values to nanosecond precision. This behavior can eventually be relaxed in xarray, as it is an artifact from pandas which is now beginning to support non-nanosecond precision values. This warning is caused by passing non-nanosecond np.datetime64 or np.timedelta64 values to the DataArray or Variable constructor; it can be silenced by converting the values to nanosecond precision ahead of time.
  tmax = tmax.expand_dims(time=[date_val])
/storage/home/cta5244/work/avila_et_al_2025_pyWBM_yield/2a_data_processing_gdd.py:165: UserWarning: Converting non-nanosecond precision datetime values to nanosecond precision. This behavior can eventually be relaxed in xarray, as it is an artifact from pandas which is now beginning to support non-nanosecond precision values. This warning is caused by passing non-nanosecond np.datetime64 or np.timedelta64 values to the DataArray or Variable constructor; it can be silenced by converting the values to nanosecond precision ahead of time.
  final_dataset = xr.Dataset({
/storage/home/cta5244/work/avila_et_al_2025_pyWBM_yield/2a_data_processing_gdd.py:165: UserWarning: Converting non-nanosecond precision datetime values to nanosecond precision. This behavior can eventually be relaxed in xarray, as it is an artifact from pandas which is now beginning to support non-nanosecond precision values. This warning is caused by passing non-nanosecond np.datetime64 or np.timedelta64 values to the DataArray or Variable constructor; it can be silenced by converting the values to nanosecond precision ahead of time.
  final_dataset = xr.Dataset({
/storage/home/cta5244/work/avila_et_al_2025_pyWBM_yield/2a_data_processing_gdd.py:159: UserWarning: Converting non-nanosecond precision datetime values to nanosecond precision. This behavior can eventually be relaxed in xarray, as it is an artifact from pandas which is now beginning to support non-nanosecond precision values. This warning is caused by passing non-nanosecond np.datetime64 or np.timedelta64 values to the DataArray or Variable constructor; it can be silenced by converting the values to nanosecond precision ahead of time.
  tmin = tmin.expand_dims(time=[date_val])
/storage/home/cta5244/work/avila_et_al_2025_pyWBM_yield/2a_data_processing_gdd.py:160: UserWarning: Converting non-nanosecond precision datetime values to nanosecond precision. This behavior can eventually be relaxed in xarray, as it is an artifact from pandas which is now beginning to support non-nanosecond precision values. This warning is caused by passing non-nanosecond np.datetime64 or np.timedelta64 values to the DataArray or Variable constructor; it can be silenced by converting the values to nanosecond precision ahead of time.
  tmax = tmax.expand_dims(time=[date_val])
/storage/home/cta5244/work/avila_et_al_2025_pyWBM_yield/2a_data_processing_gdd.py:165: UserWarning: Converting non-nanosecond precision datetime values to nanosecond precision. This behavior can eventually be relaxed in xarray, as it is an artifact from pandas which is now beginning to support non-nanosecond precision values. This warning is caused by passing non-nanosecond np.datetime64 or np.timedelta64 values to the DataArray or Variable constructor; it can be silenced by converting the values to nanosecond precision ahead of time.
  final_dataset = xr.Dataset({
/storage/home/cta5244/work/avila_et_al_2025_pyWBM_yield/2a_data_processing_gdd.py:165: UserWarning: Converting non-nanosecond precision datetime values to nanosecond precision. This behavior can eventually be relaxed in xarray, as it is an artifact from pandas which is now beginning to support non-nanosecond precision values. This warning is caused by passing non-nanosecond np.datetime64 or np.timedelta64 values to the DataArray or Variable constructor; it can be silenced by converting the values to nanosecond precision ahead of time.
  final_dataset = xr.Dataset({
/storage/home/cta5244/work/avila_et_al_2025_pyWBM_yield/2a_data_processing_gdd.py:159: UserWarning: Converting non-nanosecond precision datetime values to nanosecond precision. This behavior can eventually be relaxed in xarray, as it is an artifact from pandas which is now beginning to support non-nanosecond precision values. This warning is caused by passing non-nanosecond np.datetime64 or np.timedelta64 values to the DataArray or Variable constructor; it can be silenced by converting the values to nanosecond precision ahead of time.
  tmin = tmin.expand_dims(time=[date_val])
/storage/home/cta5244/work/avila_et_al_2025_pyWBM_yield/2a_data_processing_gdd.py:160: UserWarning: Converting non-nanosecond precision datetime values to nanosecond precision. This behavior can eventually be relaxed in xarray, as it is an artifact from pandas which is now beginning to support non-nanosecond precision values. This warning is caused by passing non-nanosecond np.datetime64 or np.timedelta64 values to the DataArray or Variable constructor; it can be silenced by converting the values to nanosecond precision ahead of time.
  tmax = tmax.expand_dims(time=[date_val])
/storage/home/cta5244/work/avila_et_al_2025_pyWBM_yield/2a_data_processing_gdd.py:165: UserWarning: Converting non-nanosecond precision datetime values to nanosecond precision. This behavior can eventually be relaxed in xarray, as it is an artifact from pandas which is now beginning to support non-nanosecond precision values. This warning is caused by passing non-nanosecond np.datetime64 or np.timedelta64 values to the DataArray or Variable constructor; it can be silenced by converting the values to nanosecond precision ahead of time.
  final_dataset = xr.Dataset({
/storage/home/cta5244/work/avila_et_al_2025_pyWBM_yield/2a_data_processing_gdd.py:165: UserWarning: Converting non-nanosecond precision datetime values to nanosecond precision. This behavior can eventually be relaxed in xarray, as it is an artifact from pandas which is now beginning to support non-nanosecond precision values. This warning is caused by passing non-nanosecond np.datetime64 or np.timedelta64 values to the DataArray or Variable constructor; it can be silenced by converting the values to nanosecond precision ahead of time.
  final_dataset = xr.Dataset({
/storage/home/cta5244/work/avila_et_al_2025_pyWBM_yield/2a_data_processing_gdd.py:159: UserWarning: Converting non-nanosecond precision datetime values to nanosecond precision. This behavior can eventually be relaxed in xarray, as it is an artifact from pandas which is now beginning to support non-nanosecond precision values. This warning is caused by passing non-nanosecond np.datetime64 or np.timedelta64 values to the DataArray or Variable constructor; it can be silenced by converting the values to nanosecond precision ahead of time.
  tmin = tmin.expand_dims(time=[date_val])
/storage/home/cta5244/work/avila_et_al_2025_pyWBM_yield/2a_data_processing_gdd.py:160: UserWarning: Converting non-nanosecond precision datetime values to nanosecond precision. This behavior can eventually be relaxed in xarray, as it is an artifact from pandas which is now beginning to support non-nanosecond precision values. This warning is caused by passing non-nanosecond np.datetime64 or np.timedelta64 values to the DataArray or Variable constructor; it can be silenced by converting the values to nanosecond precision ahead of time.
  tmax = tmax.expand_dims(time=[date_val])
/storage/home/cta5244/work/avila_et_al_2025_pyWBM_yield/2a_data_processing_gdd.py:165: UserWarning: Converting non-nanosecond precision datetime values to nanosecond precision. This behavior can eventually be relaxed in xarray, as it is an artifact from pandas which is now beginning to support non-nanosecond precision values. This warning is caused by passing non-nanosecond np.datetime64 or np.timedelta64 values to the DataArray or Variable constructor; it can be silenced by converting the values to nanosecond precision ahead of time.
  final_dataset = xr.Dataset({
/storage/home/cta5244/work/avila_et_al_2025_pyWBM_yield/2a_data_processing_gdd.py:165: UserWarning: Converting non-nanosecond precision datetime values to nanosecond precision. This behavior can eventually be relaxed in xarray, as it is an artifact from pandas which is now beginning to support non-nanosecond precision values. This warning is caused by passing non-nanosecond np.datetime64 or np.timedelta64 values to the DataArray or Variable constructor; it can be silenced by converting the values to nanosecond precision ahead of time.
  final_dataset = xr.Dataset({
/storage/home/cta5244/work/avila_et_al_2025_pyWBM_yield/2a_data_processing_gdd.py:159: UserWarning: Converting non-nanosecond precision datetime values to nanosecond precision. This behavior can eventually be relaxed in xarray, as it is an artifact from pandas which is now beginning to support non-nanosecond precision values. This warning is caused by passing non-nanosecond np.datetime64 or np.timedelta64 values to the DataArray or Variable constructor; it can be silenced by converting the values to nanosecond precision ahead of time.
  tmin = tmin.expand_dims(time=[date_val])
/storage/home/cta5244/work/avila_et_al_2025_pyWBM_yield/2a_data_processing_gdd.py:160: UserWarning: Converting non-nanosecond precision datetime values to nanosecond precision. This behavior can eventually be relaxed in xarray, as it is an artifact from pandas which is now beginning to support non-nanosecond precision values. This warning is caused by passing non-nanosecond np.datetime64 or np.timedelta64 values to the DataArray or Variable constructor; it can be silenced by converting the values to nanosecond precision ahead of time.
  tmax = tmax.expand_dims(time=[date_val])
/storage/home/cta5244/work/avila_et_al_2025_pyWBM_yield/2a_data_processing_gdd.py:165: UserWarning: Converting non-nanosecond precision datetime values to nanosecond precision. This behavior can eventually be relaxed in xarray, as it is an artifact from pandas which is now beginning to support non-nanosecond precision values. This warning is caused by passing non-nanosecond np.datetime64 or np.timedelta64 values to the DataArray or Variable constructor; it can be silenced by converting the values to nanosecond precision ahead of time.
  final_dataset = xr.Dataset({
/storage/home/cta5244/work/avila_et_al_2025_pyWBM_yield/2a_data_processing_gdd.py:165: UserWarning: Converting non-nanosecond precision datetime values to nanosecond precision. This behavior can eventually be relaxed in xarray, as it is an artifact from pandas which is now beginning to support non-nanosecond precision values. This warning is caused by passing non-nanosecond np.datetime64 or np.timedelta64 values to the DataArray or Variable constructor; it can be silenced by converting the values to nanosecond precision ahead of time.
  final_dataset = xr.Dataset({
/storage/home/cta5244/work/avila_et_al_2025_pyWBM_yield/2a_data_processing_gdd.py:159: UserWarning: Converting non-nanosecond precision datetime values to nanosecond precision. This behavior can eventually be relaxed in xarray, as it is an artifact from pandas which is now beginning to support non-nanosecond precision values. This warning is caused by passing non-nanosecond np.datetime64 or np.timedelta64 values to the DataArray or Variable constructor; it can be silenced by converting the values to nanosecond precision ahead of time.
  tmin = tmin.expand_dims(time=[date_val])
/storage/home/cta5244/work/avila_et_al_2025_pyWBM_yield/2a_data_processing_gdd.py:160: UserWarning: Converting non-nanosecond precision datetime values to nanosecond precision. This behavior can eventually be relaxed in xarray, as it is an artifact from pandas which is now beginning to support non-nanosecond precision values. This warning is caused by passing non-nanosecond np.datetime64 or np.timedelta64 values to the DataArray or Variable constructor; it can be silenced by converting the values to nanosecond precision ahead of time.
  tmax = tmax.expand_dims(time=[date_val])
/storage/home/cta5244/work/avila_et_al_2025_pyWBM_yield/2a_data_processing_gdd.py:165: UserWarning: Converting non-nanosecond precision datetime values to nanosecond precision. This behavior can eventually be relaxed in xarray, as it is an artifact from pandas which is now beginning to support non-nanosecond precision values. This warning is caused by passing non-nanosecond np.datetime64 or np.timedelta64 values to the DataArray or Variable constructor; it can be silenced by converting the values to nanosecond precision ahead of time.
  final_dataset = xr.Dataset({
/storage/home/cta5244/work/avila_et_al_2025_pyWBM_yield/2a_data_processing_gdd.py:165: UserWarning: Converting non-nanosecond precision datetime values to nanosecond precision. This behavior can eventually be relaxed in xarray, as it is an artifact from pandas which is now beginning to support non-nanosecond precision values. This warning is caused by passing non-nanosecond np.datetime64 or np.timedelta64 values to the DataArray or Variable constructor; it can be silenced by converting the values to nanosecond precision ahead of time.
  final_dataset = xr.Dataset({
/storage/home/cta5244/work/avila_et_al_2025_pyWBM_yield/2a_data_processing_gdd.py:159: UserWarning: Converting non-nanosecond precision datetime values to nanosecond precision. This behavior can eventually be relaxed in xarray, as it is an artifact from pandas which is now beginning to support non-nanosecond precision values. This warning is caused by passing non-nanosecond np.datetime64 or np.timedelta64 values to the DataArray or Variable constructor; it can be silenced by converting the values to nanosecond precision ahead of time.
  tmin = tmin.expand_dims(time=[date_val])
/storage/home/cta5244/work/avila_et_al_2025_pyWBM_yield/2a_data_processing_gdd.py:160: UserWarning: Converting non-nanosecond precision datetime values to nanosecond precision. This behavior can eventually be relaxed in xarray, as it is an artifact from pandas which is now beginning to support non-nanosecond precision values. This warning is caused by passing non-nanosecond np.datetime64 or np.timedelta64 values to the DataArray or Variable constructor; it can be silenced by converting the values to nanosecond precision ahead of time.
  tmax = tmax.expand_dims(time=[date_val])
/storage/home/cta5244/work/avila_et_al_2025_pyWBM_yield/2a_data_processing_gdd.py:165: UserWarning: Converting non-nanosecond precision datetime values to nanosecond precision. This behavior can eventually be relaxed in xarray, as it is an artifact from pandas which is now beginning to support non-nanosecond precision values. This warning is caused by passing non-nanosecond np.datetime64 or np.timedelta64 values to the DataArray or Variable constructor; it can be silenced by converting the values to nanosecond precision ahead of time.
  final_dataset = xr.Dataset({
/storage/home/cta5244/work/avila_et_al_2025_pyWBM_yield/2a_data_processing_gdd.py:165: UserWarning: Converting non-nanosecond precision datetime values to nanosecond precision. This behavior can eventually be relaxed in xarray, as it is an artifact from pandas which is now beginning to support non-nanosecond precision values. This warning is caused by passing non-nanosecond np.datetime64 or np.timedelta64 values to the DataArray or Variable constructor; it can be silenced by converting the values to nanosecond precision ahead of time.
  final_dataset = xr.Dataset({
/storage/home/cta5244/work/avila_et_al_2025_pyWBM_yield/2a_data_processing_gdd.py:159: UserWarning: Converting non-nanosecond precision datetime values to nanosecond precision. This behavior can eventually be relaxed in xarray, as it is an artifact from pandas which is now beginning to support non-nanosecond precision values. This warning is caused by passing non-nanosecond np.datetime64 or np.timedelta64 values to the DataArray or Variable constructor; it can be silenced by converting the values to nanosecond precision ahead of time.
  tmin = tmin.expand_dims(time=[date_val])
/storage/home/cta5244/work/avila_et_al_2025_pyWBM_yield/2a_data_processing_gdd.py:160: UserWarning: Converting non-nanosecond precision datetime values to nanosecond precision. This behavior can eventually be relaxed in xarray, as it is an artifact from pandas which is now beginning to support non-nanosecond precision values. This warning is caused by passing non-nanosecond np.datetime64 or np.timedelta64 values to the DataArray or Variable constructor; it can be silenced by converting the values to nanosecond precision ahead of time.
  tmax = tmax.expand_dims(time=[date_val])
/storage/home/cta5244/work/avila_et_al_2025_pyWBM_yield/2a_data_processing_gdd.py:165: UserWarning: Converting non-nanosecond precision datetime values to nanosecond precision. This behavior can eventually be relaxed in xarray, as it is an artifact from pandas which is now beginning to support non-nanosecond precision values. This warning is caused by passing non-nanosecond np.datetime64 or np.timedelta64 values to the DataArray or Variable constructor; it can be silenced by converting the values to nanosecond precision ahead of time.
  final_dataset = xr.Dataset({
/storage/home/cta5244/work/avila_et_al_2025_pyWBM_yield/2a_data_processing_gdd.py:165: UserWarning: Converting non-nanosecond precision datetime values to nanosecond precision. This behavior can eventually be relaxed in xarray, as it is an artifact from pandas which is now beginning to support non-nanosecond precision values. This warning is caused by passing non-nanosecond np.datetime64 or np.timedelta64 values to the DataArray or Variable constructor; it can be silenced by converting the values to nanosecond precision ahead of time.
  final_dataset = xr.Dataset({
/storage/home/cta5244/work/avila_et_al_2025_pyWBM_yield/2a_data_processing_gdd.py:159: UserWarning: Converting non-nanosecond precision datetime values to nanosecond precision. This behavior can eventually be relaxed in xarray, as it is an artifact from pandas which is now beginning to support non-nanosecond precision values. This warning is caused by passing non-nanosecond np.datetime64 or np.timedelta64 values to the DataArray or Variable constructor; it can be silenced by converting the values to nanosecond precision ahead of time.
  tmin = tmin.expand_dims(time=[date_val])
/storage/home/cta5244/work/avila_et_al_2025_pyWBM_yield/2a_data_processing_gdd.py:160: UserWarning: Converting non-nanosecond precision datetime values to nanosecond precision. This behavior can eventually be relaxed in xarray, as it is an artifact from pandas which is now beginning to support non-nanosecond precision values. This warning is caused by passing non-nanosecond np.datetime64 or np.timedelta64 values to the DataArray or Variable constructor; it can be silenced by converting the values to nanosecond precision ahead of time.
  tmax = tmax.expand_dims(time=[date_val])
/storage/home/cta5244/work/avila_et_al_2025_pyWBM_yield/2a_data_processing_gdd.py:165: UserWarning: Converting non-nanosecond precision datetime values to nanosecond precision. This behavior can eventually be relaxed in xarray, as it is an artifact from pandas which is now beginning to support non-nanosecond precision values. This warning is caused by passing non-nanosecond np.datetime64 or np.timedelta64 values to the DataArray or Variable constructor; it can be silenced by converting the values to nanosecond precision ahead of time.
  final_dataset = xr.Dataset({
/storage/home/cta5244/work/avila_et_al_2025_pyWBM_yield/2a_data_processing_gdd.py:165: UserWarning: Converting non-nanosecond precision datetime values to nanosecond precision. This behavior can eventually be relaxed in xarray, as it is an artifact from pandas which is now beginning to support non-nanosecond precision values. This warning is caused by passing non-nanosecond np.datetime64 or np.timedelta64 values to the DataArray or Variable constructor; it can be silenced by converting the values to nanosecond precision ahead of time.
  final_dataset = xr.Dataset({
/storage/home/cta5244/work/avila_et_al_2025_pyWBM_yield/2a_data_processing_gdd.py:159: UserWarning: Converting non-nanosecond precision datetime values to nanosecond precision. This behavior can eventually be relaxed in xarray, as it is an artifact from pandas which is now beginning to support non-nanosecond precision values. This warning is caused by passing non-nanosecond np.datetime64 or np.timedelta64 values to the DataArray or Variable constructor; it can be silenced by converting the values to nanosecond precision ahead of time.
  tmin = tmin.expand_dims(time=[date_val])
/storage/home/cta5244/work/avila_et_al_2025_pyWBM_yield/2a_data_processing_gdd.py:160: UserWarning: Converting non-nanosecond precision datetime values to nanosecond precision. This behavior can eventually be relaxed in xarray, as it is an artifact from pandas which is now beginning to support non-nanosecond precision values. This warning is caused by passing non-nanosecond np.datetime64 or np.timedelta64 values to the DataArray or Variable constructor; it can be silenced by converting the values to nanosecond precision ahead of time.
  tmax = tmax.expand_dims(time=[date_val])
/storage/home/cta5244/work/avila_et_al_2025_pyWBM_yield/2a_data_processing_gdd.py:165: UserWarning: Converting non-nanosecond precision datetime values to nanosecond precision. This behavior can eventually be relaxed in xarray, as it is an artifact from pandas which is now beginning to support non-nanosecond precision values. This warning is caused by passing non-nanosecond np.datetime64 or np.timedelta64 values to the DataArray or Variable constructor; it can be silenced by converting the values to nanosecond precision ahead of time.
  final_dataset = xr.Dataset({
/storage/home/cta5244/work/avila_et_al_2025_pyWBM_yield/2a_data_processing_gdd.py:165: UserWarning: Converting non-nanosecond precision datetime values to nanosecond precision. This behavior can eventually be relaxed in xarray, as it is an artifact from pandas which is now beginning to support non-nanosecond precision values. This warning is caused by passing non-nanosecond np.datetime64 or np.timedelta64 values to the DataArray or Variable constructor; it can be silenced by converting the values to nanosecond precision ahead of time.
  final_dataset = xr.Dataset({
/storage/home/cta5244/work/avila_et_al_2025_pyWBM_yield/2a_data_processing_gdd.py:159: UserWarning: Converting non-nanosecond precision datetime values to nanosecond precision. This behavior can eventually be relaxed in xarray, as it is an artifact from pandas which is now beginning to support non-nanosecond precision values. This warning is caused by passing non-nanosecond np.datetime64 or np.timedelta64 values to the DataArray or Variable constructor; it can be silenced by converting the values to nanosecond precision ahead of time.
  tmin = tmin.expand_dims(time=[date_val])
/storage/home/cta5244/work/avila_et_al_2025_pyWBM_yield/2a_data_processing_gdd.py:160: UserWarning: Converting non-nanosecond precision datetime values to nanosecond precision. This behavior can eventually be relaxed in xarray, as it is an artifact from pandas which is now beginning to support non-nanosecond precision values. This warning is caused by passing non-nanosecond np.datetime64 or np.timedelta64 values to the DataArray or Variable constructor; it can be silenced by converting the values to nanosecond precision ahead of time.
  tmax = tmax.expand_dims(time=[date_val])
/storage/home/cta5244/work/avila_et_al_2025_pyWBM_yield/2a_data_processing_gdd.py:165: UserWarning: Converting non-nanosecond precision datetime values to nanosecond precision. This behavior can eventually be relaxed in xarray, as it is an artifact from pandas which is now beginning to support non-nanosecond precision values. This warning is caused by passing non-nanosecond np.datetime64 or np.timedelta64 values to the DataArray or Variable constructor; it can be silenced by converting the values to nanosecond precision ahead of time.
  final_dataset = xr.Dataset({
/storage/home/cta5244/work/avila_et_al_2025_pyWBM_yield/2a_data_processing_gdd.py:165: UserWarning: Converting non-nanosecond precision datetime values to nanosecond precision. This behavior can eventually be relaxed in xarray, as it is an artifact from pandas which is now beginning to support non-nanosecond precision values. This warning is caused by passing non-nanosecond np.datetime64 or np.timedelta64 values to the DataArray or Variable constructor; it can be silenced by converting the values to nanosecond precision ahead of time.
  final_dataset = xr.Dataset({
/storage/home/cta5244/work/avila_et_al_2025_pyWBM_yield/2a_data_processing_gdd.py:159: UserWarning: Converting non-nanosecond precision datetime values to nanosecond precision. This behavior can eventually be relaxed in xarray, as it is an artifact from pandas which is now beginning to support non-nanosecond precision values. This warning is caused by passing non-nanosecond np.datetime64 or np.timedelta64 values to the DataArray or Variable constructor; it can be silenced by converting the values to nanosecond precision ahead of time.
  tmin = tmin.expand_dims(time=[date_val])
/storage/home/cta5244/work/avila_et_al_2025_pyWBM_yield/2a_data_processing_gdd.py:160: UserWarning: Converting non-nanosecond precision datetime values to nanosecond precision. This behavior can eventually be relaxed in xarray, as it is an artifact from pandas which is now beginning to support non-nanosecond precision values. This warning is caused by passing non-nanosecond np.datetime64 or np.timedelta64 values to the DataArray or Variable constructor; it can be silenced by converting the values to nanosecond precision ahead of time.
  tmax = tmax.expand_dims(time=[date_val])
/storage/home/cta5244/work/avila_et_al_2025_pyWBM_yield/2a_data_processing_gdd.py:165: UserWarning: Converting non-nanosecond precision datetime values to nanosecond precision. This behavior can eventually be relaxed in xarray, as it is an artifact from pandas which is now beginning to support non-nanosecond precision values. This warning is caused by passing non-nanosecond np.datetime64 or np.timedelta64 values to the DataArray or Variable constructor; it can be silenced by converting the values to nanosecond precision ahead of time.
  final_dataset = xr.Dataset({
/storage/home/cta5244/work/avila_et_al_2025_pyWBM_yield/2a_data_processing_gdd.py:165: UserWarning: Converting non-nanosecond precision datetime values to nanosecond precision. This behavior can eventually be relaxed in xarray, as it is an artifact from pandas which is now beginning to support non-nanosecond precision values. This warning is caused by passing non-nanosecond np.datetime64 or np.timedelta64 values to the DataArray or Variable constructor; it can be silenced by converting the values to nanosecond precision ahead of time.
  final_dataset = xr.Dataset({
slurmstepd: error: *** JOB 33943005 ON p-bc-5057 CANCELLED AT 2025-03-02T01:02:26 ***
