2025-03-12 22:05:06,190 - distributed.nanny - INFO -         Start Nanny at: 'tcp://10.6.8.56:33505'
2025-03-12 22:05:07,288 - distributed.worker - INFO -       Start worker at:      tcp://10.6.8.56:38989
2025-03-12 22:05:07,288 - distributed.worker - INFO -          Listening to:      tcp://10.6.8.56:38989
2025-03-12 22:05:07,288 - distributed.worker - INFO -           Worker name:            SLURMCluster-38
2025-03-12 22:05:07,288 - distributed.worker - INFO -          dashboard at:            10.6.8.56:33325
2025-03-12 22:05:07,288 - distributed.worker - INFO - Waiting to connect to:     tcp://10.6.8.143:33583
2025-03-12 22:05:07,288 - distributed.worker - INFO - -------------------------------------------------
2025-03-12 22:05:07,288 - distributed.worker - INFO -               Threads:                          1
2025-03-12 22:05:07,288 - distributed.worker - INFO -                Memory:                   2.00 GiB
2025-03-12 22:05:07,288 - distributed.worker - INFO -       Local Directory: /tmp/dask-scratch-space/worker-xcpbmss8
2025-03-12 22:05:07,288 - distributed.worker - INFO - -------------------------------------------------
2025-03-12 22:05:08,580 - distributed.worker - INFO - Starting Worker plugin shuffle
2025-03-12 22:05:08,581 - distributed.worker - INFO -         Registered to:     tcp://10.6.8.143:33583
2025-03-12 22:05:08,581 - distributed.worker - INFO - -------------------------------------------------
2025-03-12 22:05:08,581 - distributed.core - INFO - Starting established connection to tcp://10.6.8.143:33583
/storage/home/cta5244/work/avila_et_al_2025_pyWBM_yield/2a_data_processing_gdd.py:162: UserWarning: Converting non-nanosecond precision datetime values to nanosecond precision. This behavior can eventually be relaxed in xarray, as it is an artifact from pandas which is now beginning to support non-nanosecond precision values. This warning is caused by passing non-nanosecond np.datetime64 or np.timedelta64 values to the DataArray or Variable constructor; it can be silenced by converting the values to nanosecond precision ahead of time.
  tmin = tmin.expand_dims(time=[date_val])
/storage/home/cta5244/work/avila_et_al_2025_pyWBM_yield/2a_data_processing_gdd.py:163: UserWarning: Converting non-nanosecond precision datetime values to nanosecond precision. This behavior can eventually be relaxed in xarray, as it is an artifact from pandas which is now beginning to support non-nanosecond precision values. This warning is caused by passing non-nanosecond np.datetime64 or np.timedelta64 values to the DataArray or Variable constructor; it can be silenced by converting the values to nanosecond precision ahead of time.
  tmax = tmax.expand_dims(time=[date_val])
/storage/home/cta5244/work/avila_et_al_2025_pyWBM_yield/2a_data_processing_gdd.py:168: UserWarning: Converting non-nanosecond precision datetime values to nanosecond precision. This behavior can eventually be relaxed in xarray, as it is an artifact from pandas which is now beginning to support non-nanosecond precision values. This warning is caused by passing non-nanosecond np.datetime64 or np.timedelta64 values to the DataArray or Variable constructor; it can be silenced by converting the values to nanosecond precision ahead of time.
  final_dataset = xr.Dataset({
/storage/home/cta5244/work/avila_et_al_2025_pyWBM_yield/2a_data_processing_gdd.py:168: UserWarning: Converting non-nanosecond precision datetime values to nanosecond precision. This behavior can eventually be relaxed in xarray, as it is an artifact from pandas which is now beginning to support non-nanosecond precision values. This warning is caused by passing non-nanosecond np.datetime64 or np.timedelta64 values to the DataArray or Variable constructor; it can be silenced by converting the values to nanosecond precision ahead of time.
  final_dataset = xr.Dataset({
/storage/home/cta5244/work/avila_et_al_2025_pyWBM_yield/2a_data_processing_gdd.py:162: UserWarning: Converting non-nanosecond precision datetime values to nanosecond precision. This behavior can eventually be relaxed in xarray, as it is an artifact from pandas which is now beginning to support non-nanosecond precision values. This warning is caused by passing non-nanosecond np.datetime64 or np.timedelta64 values to the DataArray or Variable constructor; it can be silenced by converting the values to nanosecond precision ahead of time.
  tmin = tmin.expand_dims(time=[date_val])
/storage/home/cta5244/work/avila_et_al_2025_pyWBM_yield/2a_data_processing_gdd.py:163: UserWarning: Converting non-nanosecond precision datetime values to nanosecond precision. This behavior can eventually be relaxed in xarray, as it is an artifact from pandas which is now beginning to support non-nanosecond precision values. This warning is caused by passing non-nanosecond np.datetime64 or np.timedelta64 values to the DataArray or Variable constructor; it can be silenced by converting the values to nanosecond precision ahead of time.
  tmax = tmax.expand_dims(time=[date_val])
/storage/home/cta5244/work/avila_et_al_2025_pyWBM_yield/2a_data_processing_gdd.py:168: UserWarning: Converting non-nanosecond precision datetime values to nanosecond precision. This behavior can eventually be relaxed in xarray, as it is an artifact from pandas which is now beginning to support non-nanosecond precision values. This warning is caused by passing non-nanosecond np.datetime64 or np.timedelta64 values to the DataArray or Variable constructor; it can be silenced by converting the values to nanosecond precision ahead of time.
  final_dataset = xr.Dataset({
/storage/home/cta5244/work/avila_et_al_2025_pyWBM_yield/2a_data_processing_gdd.py:168: UserWarning: Converting non-nanosecond precision datetime values to nanosecond precision. This behavior can eventually be relaxed in xarray, as it is an artifact from pandas which is now beginning to support non-nanosecond precision values. This warning is caused by passing non-nanosecond np.datetime64 or np.timedelta64 values to the DataArray or Variable constructor; it can be silenced by converting the values to nanosecond precision ahead of time.
  final_dataset = xr.Dataset({
2025-03-12 22:05:40,275 - distributed.worker - ERROR - Compute Failed
Key:       singleYearUrl-f6fe3fc2-4a86-4bf2-81a1-52fbc6a2f3a7
State:     executing
Task:  <Task 'singleYearUrl-f6fe3fc2-4a86-4bf2-81a1-52fbc6a2f3a7' apply(...)>
Exception: 'SSLError(MaxRetryError("HTTPSConnectionPool(host=\'hydro1.gesdisc.eosdis.nasa.gov\', port=443): Max retries exceeded with url: /data/NLDAS/NLDAS_FORA0125_H.2.0/2005/004/NLDAS_FORA0125_H.A20050104.2300.020.nc (Caused by SSLError(SSLError(1, \'[SSL: UNEXPECTED_MESSAGE] unexpected message (_ssl.c:1007)\')))"))'
Traceback: '  File "/storage/home/cta5244/mambaforge/envs/pyWBM/lib/python3.10/site-packages/dask/utils.py", line 77, in apply\n    return func(*args, **kwargs)\n  File "/storage/home/cta5244/work/avila_et_al_2025_pyWBM_yield/2a_data_processing_gdd.py", line 74, in singleYearUrl\n    downloadData(url, f"{tmp_downloads_dir}/NLDAS_FORA0125_H.A{yyyymmdd}.{hour_str}.nc")\n  File "/storage/home/cta5244/work/avila_et_al_2025_pyWBM_yield/2a_data_processing_gdd.py", line 23, in downloadData\n    response = session.get(url, auth=(username, password), stream=True)\n  File "/storage/home/cta5244/mambaforge/envs/pyWBM/lib/python3.10/site-packages/requests/sessions.py", line 602, in get\n    return self.request("GET", url, **kwargs)\n  File "/storage/home/cta5244/mambaforge/envs/pyWBM/lib/python3.10/site-packages/requests/sessions.py", line 589, in request\n    resp = self.send(prep, **send_kwargs)\n  File "/storage/home/cta5244/mambaforge/envs/pyWBM/lib/python3.10/site-packages/requests/sessions.py", line 703, in send\n    r = adapter.send(request, **kwargs)\n  File "/storage/home/cta5244/mambaforge/envs/pyWBM/lib/python3.10/site-packages/requests/adapters.py", line 698, in send\n    raise SSLError(e, request=request)\n'

slurmstepd: error: *** JOB 34813973 ON p-bc-5046 CANCELLED AT 2025-03-12T22:05:40 ***
