2025-02-24 16:36:03,095 - distributed.nanny - INFO -         Start Nanny at: 'tcp://10.6.8.138:39191'
2025-02-24 16:36:06,562 - distributed.worker - INFO -       Start worker at:     tcp://10.6.8.138:41243
2025-02-24 16:36:06,562 - distributed.worker - INFO -          Listening to:     tcp://10.6.8.138:41243
2025-02-24 16:36:06,562 - distributed.worker - INFO -           Worker name:            SLURMCluster-14
2025-02-24 16:36:06,563 - distributed.worker - INFO -          dashboard at:           10.6.8.138:45031
2025-02-24 16:36:06,563 - distributed.worker - INFO - Waiting to connect to:      tcp://10.6.8.36:36999
2025-02-24 16:36:06,563 - distributed.worker - INFO - -------------------------------------------------
2025-02-24 16:36:06,563 - distributed.worker - INFO -               Threads:                          1
2025-02-24 16:36:06,563 - distributed.worker - INFO -                Memory:                   2.00 GiB
2025-02-24 16:36:06,563 - distributed.worker - INFO -       Local Directory: /tmp/dask-scratch-space/worker-10_8f329
2025-02-24 16:36:06,563 - distributed.worker - INFO - -------------------------------------------------
2025-02-24 16:36:11,433 - distributed.worker - INFO - Starting Worker plugin shuffle
2025-02-24 16:36:11,434 - distributed.worker - INFO -         Registered to:      tcp://10.6.8.36:36999
2025-02-24 16:36:11,434 - distributed.worker - INFO - -------------------------------------------------
2025-02-24 16:36:11,435 - distributed.core - INFO - Starting established connection to tcp://10.6.8.36:36999
/storage/home/cta5244/work/avila_et_al_2025_pyWBM_yield/2a_data_processing_gdd.py:159: UserWarning: Converting non-nanosecond precision datetime values to nanosecond precision. This behavior can eventually be relaxed in xarray, as it is an artifact from pandas which is now beginning to support non-nanosecond precision values. This warning is caused by passing non-nanosecond np.datetime64 or np.timedelta64 values to the DataArray or Variable constructor; it can be silenced by converting the values to nanosecond precision ahead of time.
  tmin = tmin.expand_dims(time=[date_val])
/storage/home/cta5244/work/avila_et_al_2025_pyWBM_yield/2a_data_processing_gdd.py:160: UserWarning: Converting non-nanosecond precision datetime values to nanosecond precision. This behavior can eventually be relaxed in xarray, as it is an artifact from pandas which is now beginning to support non-nanosecond precision values. This warning is caused by passing non-nanosecond np.datetime64 or np.timedelta64 values to the DataArray or Variable constructor; it can be silenced by converting the values to nanosecond precision ahead of time.
  tmax = tmax.expand_dims(time=[date_val])
/storage/home/cta5244/work/avila_et_al_2025_pyWBM_yield/2a_data_processing_gdd.py:165: UserWarning: Converting non-nanosecond precision datetime values to nanosecond precision. This behavior can eventually be relaxed in xarray, as it is an artifact from pandas which is now beginning to support non-nanosecond precision values. This warning is caused by passing non-nanosecond np.datetime64 or np.timedelta64 values to the DataArray or Variable constructor; it can be silenced by converting the values to nanosecond precision ahead of time.
  final_dataset = xr.Dataset({
/storage/home/cta5244/work/avila_et_al_2025_pyWBM_yield/2a_data_processing_gdd.py:165: UserWarning: Converting non-nanosecond precision datetime values to nanosecond precision. This behavior can eventually be relaxed in xarray, as it is an artifact from pandas which is now beginning to support non-nanosecond precision values. This warning is caused by passing non-nanosecond np.datetime64 or np.timedelta64 values to the DataArray or Variable constructor; it can be silenced by converting the values to nanosecond precision ahead of time.
  final_dataset = xr.Dataset({
/storage/home/cta5244/work/avila_et_al_2025_pyWBM_yield/2a_data_processing_gdd.py:159: UserWarning: Converting non-nanosecond precision datetime values to nanosecond precision. This behavior can eventually be relaxed in xarray, as it is an artifact from pandas which is now beginning to support non-nanosecond precision values. This warning is caused by passing non-nanosecond np.datetime64 or np.timedelta64 values to the DataArray or Variable constructor; it can be silenced by converting the values to nanosecond precision ahead of time.
  tmin = tmin.expand_dims(time=[date_val])
/storage/home/cta5244/work/avila_et_al_2025_pyWBM_yield/2a_data_processing_gdd.py:160: UserWarning: Converting non-nanosecond precision datetime values to nanosecond precision. This behavior can eventually be relaxed in xarray, as it is an artifact from pandas which is now beginning to support non-nanosecond precision values. This warning is caused by passing non-nanosecond np.datetime64 or np.timedelta64 values to the DataArray or Variable constructor; it can be silenced by converting the values to nanosecond precision ahead of time.
  tmax = tmax.expand_dims(time=[date_val])
/storage/home/cta5244/work/avila_et_al_2025_pyWBM_yield/2a_data_processing_gdd.py:165: UserWarning: Converting non-nanosecond precision datetime values to nanosecond precision. This behavior can eventually be relaxed in xarray, as it is an artifact from pandas which is now beginning to support non-nanosecond precision values. This warning is caused by passing non-nanosecond np.datetime64 or np.timedelta64 values to the DataArray or Variable constructor; it can be silenced by converting the values to nanosecond precision ahead of time.
  final_dataset = xr.Dataset({
/storage/home/cta5244/work/avila_et_al_2025_pyWBM_yield/2a_data_processing_gdd.py:165: UserWarning: Converting non-nanosecond precision datetime values to nanosecond precision. This behavior can eventually be relaxed in xarray, as it is an artifact from pandas which is now beginning to support non-nanosecond precision values. This warning is caused by passing non-nanosecond np.datetime64 or np.timedelta64 values to the DataArray or Variable constructor; it can be silenced by converting the values to nanosecond precision ahead of time.
  final_dataset = xr.Dataset({
/storage/home/cta5244/work/avila_et_al_2025_pyWBM_yield/2a_data_processing_gdd.py:159: UserWarning: Converting non-nanosecond precision datetime values to nanosecond precision. This behavior can eventually be relaxed in xarray, as it is an artifact from pandas which is now beginning to support non-nanosecond precision values. This warning is caused by passing non-nanosecond np.datetime64 or np.timedelta64 values to the DataArray or Variable constructor; it can be silenced by converting the values to nanosecond precision ahead of time.
  tmin = tmin.expand_dims(time=[date_val])
/storage/home/cta5244/work/avila_et_al_2025_pyWBM_yield/2a_data_processing_gdd.py:160: UserWarning: Converting non-nanosecond precision datetime values to nanosecond precision. This behavior can eventually be relaxed in xarray, as it is an artifact from pandas which is now beginning to support non-nanosecond precision values. This warning is caused by passing non-nanosecond np.datetime64 or np.timedelta64 values to the DataArray or Variable constructor; it can be silenced by converting the values to nanosecond precision ahead of time.
  tmax = tmax.expand_dims(time=[date_val])
/storage/home/cta5244/work/avila_et_al_2025_pyWBM_yield/2a_data_processing_gdd.py:165: UserWarning: Converting non-nanosecond precision datetime values to nanosecond precision. This behavior can eventually be relaxed in xarray, as it is an artifact from pandas which is now beginning to support non-nanosecond precision values. This warning is caused by passing non-nanosecond np.datetime64 or np.timedelta64 values to the DataArray or Variable constructor; it can be silenced by converting the values to nanosecond precision ahead of time.
  final_dataset = xr.Dataset({
/storage/home/cta5244/work/avila_et_al_2025_pyWBM_yield/2a_data_processing_gdd.py:165: UserWarning: Converting non-nanosecond precision datetime values to nanosecond precision. This behavior can eventually be relaxed in xarray, as it is an artifact from pandas which is now beginning to support non-nanosecond precision values. This warning is caused by passing non-nanosecond np.datetime64 or np.timedelta64 values to the DataArray or Variable constructor; it can be silenced by converting the values to nanosecond precision ahead of time.
  final_dataset = xr.Dataset({
/storage/home/cta5244/work/avila_et_al_2025_pyWBM_yield/2a_data_processing_gdd.py:159: UserWarning: Converting non-nanosecond precision datetime values to nanosecond precision. This behavior can eventually be relaxed in xarray, as it is an artifact from pandas which is now beginning to support non-nanosecond precision values. This warning is caused by passing non-nanosecond np.datetime64 or np.timedelta64 values to the DataArray or Variable constructor; it can be silenced by converting the values to nanosecond precision ahead of time.
  tmin = tmin.expand_dims(time=[date_val])
/storage/home/cta5244/work/avila_et_al_2025_pyWBM_yield/2a_data_processing_gdd.py:160: UserWarning: Converting non-nanosecond precision datetime values to nanosecond precision. This behavior can eventually be relaxed in xarray, as it is an artifact from pandas which is now beginning to support non-nanosecond precision values. This warning is caused by passing non-nanosecond np.datetime64 or np.timedelta64 values to the DataArray or Variable constructor; it can be silenced by converting the values to nanosecond precision ahead of time.
  tmax = tmax.expand_dims(time=[date_val])
/storage/home/cta5244/work/avila_et_al_2025_pyWBM_yield/2a_data_processing_gdd.py:165: UserWarning: Converting non-nanosecond precision datetime values to nanosecond precision. This behavior can eventually be relaxed in xarray, as it is an artifact from pandas which is now beginning to support non-nanosecond precision values. This warning is caused by passing non-nanosecond np.datetime64 or np.timedelta64 values to the DataArray or Variable constructor; it can be silenced by converting the values to nanosecond precision ahead of time.
  final_dataset = xr.Dataset({
/storage/home/cta5244/work/avila_et_al_2025_pyWBM_yield/2a_data_processing_gdd.py:165: UserWarning: Converting non-nanosecond precision datetime values to nanosecond precision. This behavior can eventually be relaxed in xarray, as it is an artifact from pandas which is now beginning to support non-nanosecond precision values. This warning is caused by passing non-nanosecond np.datetime64 or np.timedelta64 values to the DataArray or Variable constructor; it can be silenced by converting the values to nanosecond precision ahead of time.
  final_dataset = xr.Dataset({
/storage/home/cta5244/work/avila_et_al_2025_pyWBM_yield/2a_data_processing_gdd.py:159: UserWarning: Converting non-nanosecond precision datetime values to nanosecond precision. This behavior can eventually be relaxed in xarray, as it is an artifact from pandas which is now beginning to support non-nanosecond precision values. This warning is caused by passing non-nanosecond np.datetime64 or np.timedelta64 values to the DataArray or Variable constructor; it can be silenced by converting the values to nanosecond precision ahead of time.
  tmin = tmin.expand_dims(time=[date_val])
/storage/home/cta5244/work/avila_et_al_2025_pyWBM_yield/2a_data_processing_gdd.py:160: UserWarning: Converting non-nanosecond precision datetime values to nanosecond precision. This behavior can eventually be relaxed in xarray, as it is an artifact from pandas which is now beginning to support non-nanosecond precision values. This warning is caused by passing non-nanosecond np.datetime64 or np.timedelta64 values to the DataArray or Variable constructor; it can be silenced by converting the values to nanosecond precision ahead of time.
  tmax = tmax.expand_dims(time=[date_val])
/storage/home/cta5244/work/avila_et_al_2025_pyWBM_yield/2a_data_processing_gdd.py:165: UserWarning: Converting non-nanosecond precision datetime values to nanosecond precision. This behavior can eventually be relaxed in xarray, as it is an artifact from pandas which is now beginning to support non-nanosecond precision values. This warning is caused by passing non-nanosecond np.datetime64 or np.timedelta64 values to the DataArray or Variable constructor; it can be silenced by converting the values to nanosecond precision ahead of time.
  final_dataset = xr.Dataset({
/storage/home/cta5244/work/avila_et_al_2025_pyWBM_yield/2a_data_processing_gdd.py:165: UserWarning: Converting non-nanosecond precision datetime values to nanosecond precision. This behavior can eventually be relaxed in xarray, as it is an artifact from pandas which is now beginning to support non-nanosecond precision values. This warning is caused by passing non-nanosecond np.datetime64 or np.timedelta64 values to the DataArray or Variable constructor; it can be silenced by converting the values to nanosecond precision ahead of time.
  final_dataset = xr.Dataset({
/storage/home/cta5244/work/avila_et_al_2025_pyWBM_yield/2a_data_processing_gdd.py:159: UserWarning: Converting non-nanosecond precision datetime values to nanosecond precision. This behavior can eventually be relaxed in xarray, as it is an artifact from pandas which is now beginning to support non-nanosecond precision values. This warning is caused by passing non-nanosecond np.datetime64 or np.timedelta64 values to the DataArray or Variable constructor; it can be silenced by converting the values to nanosecond precision ahead of time.
  tmin = tmin.expand_dims(time=[date_val])
/storage/home/cta5244/work/avila_et_al_2025_pyWBM_yield/2a_data_processing_gdd.py:160: UserWarning: Converting non-nanosecond precision datetime values to nanosecond precision. This behavior can eventually be relaxed in xarray, as it is an artifact from pandas which is now beginning to support non-nanosecond precision values. This warning is caused by passing non-nanosecond np.datetime64 or np.timedelta64 values to the DataArray or Variable constructor; it can be silenced by converting the values to nanosecond precision ahead of time.
  tmax = tmax.expand_dims(time=[date_val])
/storage/home/cta5244/work/avila_et_al_2025_pyWBM_yield/2a_data_processing_gdd.py:165: UserWarning: Converting non-nanosecond precision datetime values to nanosecond precision. This behavior can eventually be relaxed in xarray, as it is an artifact from pandas which is now beginning to support non-nanosecond precision values. This warning is caused by passing non-nanosecond np.datetime64 or np.timedelta64 values to the DataArray or Variable constructor; it can be silenced by converting the values to nanosecond precision ahead of time.
  final_dataset = xr.Dataset({
/storage/home/cta5244/work/avila_et_al_2025_pyWBM_yield/2a_data_processing_gdd.py:165: UserWarning: Converting non-nanosecond precision datetime values to nanosecond precision. This behavior can eventually be relaxed in xarray, as it is an artifact from pandas which is now beginning to support non-nanosecond precision values. This warning is caused by passing non-nanosecond np.datetime64 or np.timedelta64 values to the DataArray or Variable constructor; it can be silenced by converting the values to nanosecond precision ahead of time.
  final_dataset = xr.Dataset({
/storage/home/cta5244/work/avila_et_al_2025_pyWBM_yield/2a_data_processing_gdd.py:159: UserWarning: Converting non-nanosecond precision datetime values to nanosecond precision. This behavior can eventually be relaxed in xarray, as it is an artifact from pandas which is now beginning to support non-nanosecond precision values. This warning is caused by passing non-nanosecond np.datetime64 or np.timedelta64 values to the DataArray or Variable constructor; it can be silenced by converting the values to nanosecond precision ahead of time.
  tmin = tmin.expand_dims(time=[date_val])
/storage/home/cta5244/work/avila_et_al_2025_pyWBM_yield/2a_data_processing_gdd.py:160: UserWarning: Converting non-nanosecond precision datetime values to nanosecond precision. This behavior can eventually be relaxed in xarray, as it is an artifact from pandas which is now beginning to support non-nanosecond precision values. This warning is caused by passing non-nanosecond np.datetime64 or np.timedelta64 values to the DataArray or Variable constructor; it can be silenced by converting the values to nanosecond precision ahead of time.
  tmax = tmax.expand_dims(time=[date_val])
/storage/home/cta5244/work/avila_et_al_2025_pyWBM_yield/2a_data_processing_gdd.py:165: UserWarning: Converting non-nanosecond precision datetime values to nanosecond precision. This behavior can eventually be relaxed in xarray, as it is an artifact from pandas which is now beginning to support non-nanosecond precision values. This warning is caused by passing non-nanosecond np.datetime64 or np.timedelta64 values to the DataArray or Variable constructor; it can be silenced by converting the values to nanosecond precision ahead of time.
  final_dataset = xr.Dataset({
/storage/home/cta5244/work/avila_et_al_2025_pyWBM_yield/2a_data_processing_gdd.py:165: UserWarning: Converting non-nanosecond precision datetime values to nanosecond precision. This behavior can eventually be relaxed in xarray, as it is an artifact from pandas which is now beginning to support non-nanosecond precision values. This warning is caused by passing non-nanosecond np.datetime64 or np.timedelta64 values to the DataArray or Variable constructor; it can be silenced by converting the values to nanosecond precision ahead of time.
  final_dataset = xr.Dataset({
/storage/home/cta5244/work/avila_et_al_2025_pyWBM_yield/2a_data_processing_gdd.py:159: UserWarning: Converting non-nanosecond precision datetime values to nanosecond precision. This behavior can eventually be relaxed in xarray, as it is an artifact from pandas which is now beginning to support non-nanosecond precision values. This warning is caused by passing non-nanosecond np.datetime64 or np.timedelta64 values to the DataArray or Variable constructor; it can be silenced by converting the values to nanosecond precision ahead of time.
  tmin = tmin.expand_dims(time=[date_val])
/storage/home/cta5244/work/avila_et_al_2025_pyWBM_yield/2a_data_processing_gdd.py:160: UserWarning: Converting non-nanosecond precision datetime values to nanosecond precision. This behavior can eventually be relaxed in xarray, as it is an artifact from pandas which is now beginning to support non-nanosecond precision values. This warning is caused by passing non-nanosecond np.datetime64 or np.timedelta64 values to the DataArray or Variable constructor; it can be silenced by converting the values to nanosecond precision ahead of time.
  tmax = tmax.expand_dims(time=[date_val])
/storage/home/cta5244/work/avila_et_al_2025_pyWBM_yield/2a_data_processing_gdd.py:165: UserWarning: Converting non-nanosecond precision datetime values to nanosecond precision. This behavior can eventually be relaxed in xarray, as it is an artifact from pandas which is now beginning to support non-nanosecond precision values. This warning is caused by passing non-nanosecond np.datetime64 or np.timedelta64 values to the DataArray or Variable constructor; it can be silenced by converting the values to nanosecond precision ahead of time.
  final_dataset = xr.Dataset({
/storage/home/cta5244/work/avila_et_al_2025_pyWBM_yield/2a_data_processing_gdd.py:165: UserWarning: Converting non-nanosecond precision datetime values to nanosecond precision. This behavior can eventually be relaxed in xarray, as it is an artifact from pandas which is now beginning to support non-nanosecond precision values. This warning is caused by passing non-nanosecond np.datetime64 or np.timedelta64 values to the DataArray or Variable constructor; it can be silenced by converting the values to nanosecond precision ahead of time.
  final_dataset = xr.Dataset({
/storage/home/cta5244/work/avila_et_al_2025_pyWBM_yield/2a_data_processing_gdd.py:159: UserWarning: Converting non-nanosecond precision datetime values to nanosecond precision. This behavior can eventually be relaxed in xarray, as it is an artifact from pandas which is now beginning to support non-nanosecond precision values. This warning is caused by passing non-nanosecond np.datetime64 or np.timedelta64 values to the DataArray or Variable constructor; it can be silenced by converting the values to nanosecond precision ahead of time.
  tmin = tmin.expand_dims(time=[date_val])
/storage/home/cta5244/work/avila_et_al_2025_pyWBM_yield/2a_data_processing_gdd.py:160: UserWarning: Converting non-nanosecond precision datetime values to nanosecond precision. This behavior can eventually be relaxed in xarray, as it is an artifact from pandas which is now beginning to support non-nanosecond precision values. This warning is caused by passing non-nanosecond np.datetime64 or np.timedelta64 values to the DataArray or Variable constructor; it can be silenced by converting the values to nanosecond precision ahead of time.
  tmax = tmax.expand_dims(time=[date_val])
/storage/home/cta5244/work/avila_et_al_2025_pyWBM_yield/2a_data_processing_gdd.py:165: UserWarning: Converting non-nanosecond precision datetime values to nanosecond precision. This behavior can eventually be relaxed in xarray, as it is an artifact from pandas which is now beginning to support non-nanosecond precision values. This warning is caused by passing non-nanosecond np.datetime64 or np.timedelta64 values to the DataArray or Variable constructor; it can be silenced by converting the values to nanosecond precision ahead of time.
  final_dataset = xr.Dataset({
/storage/home/cta5244/work/avila_et_al_2025_pyWBM_yield/2a_data_processing_gdd.py:165: UserWarning: Converting non-nanosecond precision datetime values to nanosecond precision. This behavior can eventually be relaxed in xarray, as it is an artifact from pandas which is now beginning to support non-nanosecond precision values. This warning is caused by passing non-nanosecond np.datetime64 or np.timedelta64 values to the DataArray or Variable constructor; it can be silenced by converting the values to nanosecond precision ahead of time.
  final_dataset = xr.Dataset({
