2025-03-02 01:20:30,650 - distributed.nanny - INFO -         Start Nanny at: 'tcp://10.6.8.44:44081'
2025-03-02 01:20:31,769 - distributed.worker - INFO -       Start worker at:      tcp://10.6.8.44:41301
2025-03-02 01:20:31,770 - distributed.worker - INFO -          Listening to:      tcp://10.6.8.44:41301
2025-03-02 01:20:31,770 - distributed.worker - INFO -           Worker name:             SLURMCluster-2
2025-03-02 01:20:31,770 - distributed.worker - INFO -          dashboard at:            10.6.8.44:40715
2025-03-02 01:20:31,770 - distributed.worker - INFO - Waiting to connect to:      tcp://10.6.8.47:46109
2025-03-02 01:20:31,770 - distributed.worker - INFO - -------------------------------------------------
2025-03-02 01:20:31,770 - distributed.worker - INFO -               Threads:                          1
2025-03-02 01:20:31,770 - distributed.worker - INFO -                Memory:                   2.00 GiB
2025-03-02 01:20:31,770 - distributed.worker - INFO -       Local Directory: /tmp/dask-scratch-space/worker-i0s93v46
2025-03-02 01:20:31,770 - distributed.worker - INFO - -------------------------------------------------
2025-03-02 01:20:33,013 - distributed.worker - INFO - Starting Worker plugin shuffle
2025-03-02 01:20:33,014 - distributed.worker - INFO -         Registered to:      tcp://10.6.8.47:46109
2025-03-02 01:20:33,014 - distributed.worker - INFO - -------------------------------------------------
2025-03-02 01:20:33,014 - distributed.core - INFO - Starting established connection to tcp://10.6.8.47:46109
/storage/home/cta5244/work/avila_et_al_2025_pyWBM_yield/2a_data_processing_gdd.py:162: UserWarning: Converting non-nanosecond precision datetime values to nanosecond precision. This behavior can eventually be relaxed in xarray, as it is an artifact from pandas which is now beginning to support non-nanosecond precision values. This warning is caused by passing non-nanosecond np.datetime64 or np.timedelta64 values to the DataArray or Variable constructor; it can be silenced by converting the values to nanosecond precision ahead of time.
  tmin = tmin.expand_dims(time=[date_val])
/storage/home/cta5244/work/avila_et_al_2025_pyWBM_yield/2a_data_processing_gdd.py:163: UserWarning: Converting non-nanosecond precision datetime values to nanosecond precision. This behavior can eventually be relaxed in xarray, as it is an artifact from pandas which is now beginning to support non-nanosecond precision values. This warning is caused by passing non-nanosecond np.datetime64 or np.timedelta64 values to the DataArray or Variable constructor; it can be silenced by converting the values to nanosecond precision ahead of time.
  tmax = tmax.expand_dims(time=[date_val])
/storage/home/cta5244/work/avila_et_al_2025_pyWBM_yield/2a_data_processing_gdd.py:168: UserWarning: Converting non-nanosecond precision datetime values to nanosecond precision. This behavior can eventually be relaxed in xarray, as it is an artifact from pandas which is now beginning to support non-nanosecond precision values. This warning is caused by passing non-nanosecond np.datetime64 or np.timedelta64 values to the DataArray or Variable constructor; it can be silenced by converting the values to nanosecond precision ahead of time.
  final_dataset = xr.Dataset({
/storage/home/cta5244/work/avila_et_al_2025_pyWBM_yield/2a_data_processing_gdd.py:168: UserWarning: Converting non-nanosecond precision datetime values to nanosecond precision. This behavior can eventually be relaxed in xarray, as it is an artifact from pandas which is now beginning to support non-nanosecond precision values. This warning is caused by passing non-nanosecond np.datetime64 or np.timedelta64 values to the DataArray or Variable constructor; it can be silenced by converting the values to nanosecond precision ahead of time.
  final_dataset = xr.Dataset({
/storage/home/cta5244/work/avila_et_al_2025_pyWBM_yield/2a_data_processing_gdd.py:162: UserWarning: Converting non-nanosecond precision datetime values to nanosecond precision. This behavior can eventually be relaxed in xarray, as it is an artifact from pandas which is now beginning to support non-nanosecond precision values. This warning is caused by passing non-nanosecond np.datetime64 or np.timedelta64 values to the DataArray or Variable constructor; it can be silenced by converting the values to nanosecond precision ahead of time.
  tmin = tmin.expand_dims(time=[date_val])
/storage/home/cta5244/work/avila_et_al_2025_pyWBM_yield/2a_data_processing_gdd.py:163: UserWarning: Converting non-nanosecond precision datetime values to nanosecond precision. This behavior can eventually be relaxed in xarray, as it is an artifact from pandas which is now beginning to support non-nanosecond precision values. This warning is caused by passing non-nanosecond np.datetime64 or np.timedelta64 values to the DataArray or Variable constructor; it can be silenced by converting the values to nanosecond precision ahead of time.
  tmax = tmax.expand_dims(time=[date_val])
/storage/home/cta5244/work/avila_et_al_2025_pyWBM_yield/2a_data_processing_gdd.py:168: UserWarning: Converting non-nanosecond precision datetime values to nanosecond precision. This behavior can eventually be relaxed in xarray, as it is an artifact from pandas which is now beginning to support non-nanosecond precision values. This warning is caused by passing non-nanosecond np.datetime64 or np.timedelta64 values to the DataArray or Variable constructor; it can be silenced by converting the values to nanosecond precision ahead of time.
  final_dataset = xr.Dataset({
/storage/home/cta5244/work/avila_et_al_2025_pyWBM_yield/2a_data_processing_gdd.py:168: UserWarning: Converting non-nanosecond precision datetime values to nanosecond precision. This behavior can eventually be relaxed in xarray, as it is an artifact from pandas which is now beginning to support non-nanosecond precision values. This warning is caused by passing non-nanosecond np.datetime64 or np.timedelta64 values to the DataArray or Variable constructor; it can be silenced by converting the values to nanosecond precision ahead of time.
  final_dataset = xr.Dataset({
/storage/home/cta5244/work/avila_et_al_2025_pyWBM_yield/2a_data_processing_gdd.py:162: UserWarning: Converting non-nanosecond precision datetime values to nanosecond precision. This behavior can eventually be relaxed in xarray, as it is an artifact from pandas which is now beginning to support non-nanosecond precision values. This warning is caused by passing non-nanosecond np.datetime64 or np.timedelta64 values to the DataArray or Variable constructor; it can be silenced by converting the values to nanosecond precision ahead of time.
  tmin = tmin.expand_dims(time=[date_val])
/storage/home/cta5244/work/avila_et_al_2025_pyWBM_yield/2a_data_processing_gdd.py:163: UserWarning: Converting non-nanosecond precision datetime values to nanosecond precision. This behavior can eventually be relaxed in xarray, as it is an artifact from pandas which is now beginning to support non-nanosecond precision values. This warning is caused by passing non-nanosecond np.datetime64 or np.timedelta64 values to the DataArray or Variable constructor; it can be silenced by converting the values to nanosecond precision ahead of time.
  tmax = tmax.expand_dims(time=[date_val])
/storage/home/cta5244/work/avila_et_al_2025_pyWBM_yield/2a_data_processing_gdd.py:168: UserWarning: Converting non-nanosecond precision datetime values to nanosecond precision. This behavior can eventually be relaxed in xarray, as it is an artifact from pandas which is now beginning to support non-nanosecond precision values. This warning is caused by passing non-nanosecond np.datetime64 or np.timedelta64 values to the DataArray or Variable constructor; it can be silenced by converting the values to nanosecond precision ahead of time.
  final_dataset = xr.Dataset({
/storage/home/cta5244/work/avila_et_al_2025_pyWBM_yield/2a_data_processing_gdd.py:168: UserWarning: Converting non-nanosecond precision datetime values to nanosecond precision. This behavior can eventually be relaxed in xarray, as it is an artifact from pandas which is now beginning to support non-nanosecond precision values. This warning is caused by passing non-nanosecond np.datetime64 or np.timedelta64 values to the DataArray or Variable constructor; it can be silenced by converting the values to nanosecond precision ahead of time.
  final_dataset = xr.Dataset({
/storage/home/cta5244/work/avila_et_al_2025_pyWBM_yield/2a_data_processing_gdd.py:162: UserWarning: Converting non-nanosecond precision datetime values to nanosecond precision. This behavior can eventually be relaxed in xarray, as it is an artifact from pandas which is now beginning to support non-nanosecond precision values. This warning is caused by passing non-nanosecond np.datetime64 or np.timedelta64 values to the DataArray or Variable constructor; it can be silenced by converting the values to nanosecond precision ahead of time.
  tmin = tmin.expand_dims(time=[date_val])
/storage/home/cta5244/work/avila_et_al_2025_pyWBM_yield/2a_data_processing_gdd.py:163: UserWarning: Converting non-nanosecond precision datetime values to nanosecond precision. This behavior can eventually be relaxed in xarray, as it is an artifact from pandas which is now beginning to support non-nanosecond precision values. This warning is caused by passing non-nanosecond np.datetime64 or np.timedelta64 values to the DataArray or Variable constructor; it can be silenced by converting the values to nanosecond precision ahead of time.
  tmax = tmax.expand_dims(time=[date_val])
/storage/home/cta5244/work/avila_et_al_2025_pyWBM_yield/2a_data_processing_gdd.py:168: UserWarning: Converting non-nanosecond precision datetime values to nanosecond precision. This behavior can eventually be relaxed in xarray, as it is an artifact from pandas which is now beginning to support non-nanosecond precision values. This warning is caused by passing non-nanosecond np.datetime64 or np.timedelta64 values to the DataArray or Variable constructor; it can be silenced by converting the values to nanosecond precision ahead of time.
  final_dataset = xr.Dataset({
/storage/home/cta5244/work/avila_et_al_2025_pyWBM_yield/2a_data_processing_gdd.py:168: UserWarning: Converting non-nanosecond precision datetime values to nanosecond precision. This behavior can eventually be relaxed in xarray, as it is an artifact from pandas which is now beginning to support non-nanosecond precision values. This warning is caused by passing non-nanosecond np.datetime64 or np.timedelta64 values to the DataArray or Variable constructor; it can be silenced by converting the values to nanosecond precision ahead of time.
  final_dataset = xr.Dataset({
